260:140 cls: 26.7084 34.2148 ( 25.4667 : 49.7161 )  ( 17.7665 : 71.0008 ) 
310:90 cls: 9.58964 11.5268 ( 8.02129 : 16.8926 )  ( 7.13286 : 23.6068 ) 
280:90 cls: 9.46112 11.7955 ( 8.15571 : 17.359 )  ( 6.46828 : 23.0152 ) 
170:20 cls: 24.0702 36.0541 ( 24.3174 : 50.6091 )  ( 21.7544 : 71.5148 ) 
350:50 cls: 8.47555 8.60004 ( 6.0506 : 11.815 )  ( 4.83545 : 16.5986 ) 
340:0 cls: 8.15344 8.67898 ( 5.97669 : 12.1269 )  ( 4.88176 : 16.9785 ) 
300:0 cls: 8.64293 9.45168 ( 6.51109 : 13.4854 )  ( 5.30644 : 18.3426 ) 
220:120 cls: 36.8053 44.8877 ( 34.1382 : 69.436 )  ( 25.5159 : 90.1994 ) 
250:0 cls: 9.18158 12.9797 ( 9.26767 : 18.1022 )  ( 9.55347 : 24.7258 ) 
320:170 cls: 12.4193 14.8951 ( 10.2505 : 20.7799 )  ( 8.08555 : 29.2642 ) 
200:50 cls: 23.9832 27.1616 ( 20.5973 : 39.042 )  ( 14.3014 : 52.2189 ) 
100:0 cls: 49.5857 59.1823 ( 42.6946 : 92.582 )  ( 37.7761 : 0 ) 
350:60 cls: 8.12579 9.0568 ( 6.28757 : 12.4153 )  ( 4.24541 : 17.2873 ) 
260:150 cls: 30.7968 37.6991 ( 30.2905 : 55.529 )  ( 21.8547 : 78.4395 ) 
320:180 cls: 16.712 21.8037 ( 15.5297 : 31.2001 )  ( 9.87196 : 43.2045 ) 
300:10 cls: 9.33276 9.67661 ( 6.72898 : 14.0838 )  ( 4.99247 : 19.2231 ) 
170:30 cls: 32.6665 41.9037 ( 28.4736 : 57.1086 )  ( 21.8002 : 81.8895 ) 
230:0 cls: 12.0221 16.5654 ( 11.7414 : 23.8961 )  ( 8.9592 : 33.1403 ) 
250:10 cls: 9.62984 11.9075 ( 9.69932 : 18.2434 )  ( 7.16423 : 25.344 ) 
340:10 cls: 8.40502 8.79602 ( 7.02731 : 12.5858 )  ( 5.12116 : 17.6081 ) 
280:100 cls: 11.8285 13.1063 ( 9.08969 : 18.9472 )  ( 6.20173 : 25.8327 ) 
200:60 cls: 21.0017 29.6863 ( 20.8335 : 42.1577 )  ( 15.5896 : 59.8211 ) 
310:100 cls: 10.3223 11.1454 ( 8.0924 : 16.2853 )  ( 5.43082 : 23.0913 ) 
110:0 cls: 45.3183 57.4144 ( 35.5674 : 82.1513 )  ( 30.5026 : 0 ) 
350:70 cls: 8.9157 8.95952 ( 6.8585 : 12.8978 )  ( 4.24109 : 17.7381 ) 
320:190 cls: 20.981 24.1019 ( 18.3003 : 34.4169 )  ( 14.3364 : 49.6459 ) 
300:20 cls: 8.55032 9.62598 ( 6.22898 : 13.2876 )  ( 5.25788 : 18.4803 ) 
340:20 cls: 8.27021 8.7831 ( 6.54161 : 12.6597 )  ( 4.89715 : 17.604 ) 
260:160 cls: 31.1347 40.7971 ( 28.4832 : 59.2311 )  ( 21.4446 : 82.167 ) 
230:10 cls: 10.0022 13.6873 ( 9.69045 : 20.058 )  ( 6.96357 : 26.8567 ) 
170:40 cls: 21.3814 35.2123 ( 24.9393 : 53.3854 )  ( 17.8371 : 75.2558 ) 
250:20 cls: 9.01871 12.7538 ( 8.42906 : 18.2451 )  ( 9.44373 : 23.8843 ) 
280:110 cls: 12.3453 14.4123 ( 10.264 : 19.9972 )  ( 8.50534 : 28.476 ) 
110:10 cls: 43.5955 56.2796 ( 39.6262 : 82.0941 )  ( 35.5471 : 0 ) 
310:110 cls: 10.4231 11.9308 ( 8.79936 : 17.1981 )  ( 6.65626 : 24.0206 ) 
350:80 cls: 8.30604 9.0531 ( 6.33443 : 13.2596 )  ( 4.89715 : 17.9984 ) 
300:30 cls: 10.6502 10.6611 ( 7.64046 : 15.2738 )  ( 7.5871 : 20.535 ) 
320:200 cls: 20.7804 25.4731 ( 18.7806 : 36.9774 )  ( 16.9188 : 52.9525 ) 
200:70 cls: 23.1088 32.1003 ( 23.0077 : 46.0941 )  ( 12.7699 : 64.1878 ) 
340:30 cls: 9.42733 9.40491 ( 6.95451 : 13.5223 )  ( 5.13968 : 18.1378 ) 
230:20 cls: 11.6129 15.5675 ( 11.188 : 21.9189 )  ( 7.98966 : 29.6431 ) 
250:30 cls: 8.05086 11.2137 ( 8.4234 : 16.4963 )  ( 7.49013 : 23.2365 ) 
270:0 cls: 11.0026 11.7036 ( 7.97513 : 16.7812 )  ( 5.2317 : 23.4082 ) 
170:50 cls: 33.8813 43.2308 ( 29.0137 : 61.0435 )  ( 22.323 : 83.9126 ) 
280:120 cls: 11.8629 15.1796 ( 10.5236 : 21.9553 )  ( 7.90574 : 29.3358 ) 
120:0 cls: 40.1753 50.2485 ( 36.0279 : 73.9361 )  ( 26.6904 : 109.038 ) 
310:120 cls: 10.8638 12.1036 ( 7.97337 : 17.1613 )  ( 6.03687 : 23.4681 ) 
350:90 cls: 9.49331 9.36193 ( 6.94323 : 13.5863 )  ( 5.01016 : 18.6398 ) 
320:210 cls: 27.7909 35.045 ( 26.2467 : 53.3069 )  ( 22.859 : 73.0648 ) 
300:40 cls: 8.43068 9.52676 ( 6.63552 : 13.5672 )  ( 4.84261 : 19.1723 ) 
250:40 cls: 8.90297 12.671 ( 8.7266 : 18.6794 )  ( 7.30338 : 26.5062 ) 
340:40 cls: 8.75372 9.22426 ( 6.65792 : 13.4728 )  ( 5.43322 : 18.4337 ) 
280:130 cls: 12.8814 16.9076 ( 11.486 : 23.8766 )  ( 8.79239 : 34.2187 ) 
170:60 cls: 41.1046 43.6313 ( 35.4988 : 69.5282 )  ( 25.2945 : 96.5262 ) 
270:10 cls: 9.30245 10.072 ( 6.89163 : 14.5852 )  ( 5.68906 : 19.6007 ) 
230:30 cls: 13.6676 16.3177 ( 12.0617 : 23.3872 )  ( 8.40477 : 32.6952 ) 
200:80 cls: 32.5595 37.0343 ( 29.2448 : 53.5341 )  ( 23.7156 : 78.5463 ) 
120:10 cls: 41.4 48.0764 ( 31.2698 : 67.7525 )  ( 27.4432 : 96.9478 ) 
310:130 cls: 8.53292 11.521 ( 8.54399 : 16.6694 )  ( 7.44678 : 22.0409 ) 
350:100 cls: 9.23188 10.1435 ( 7.31084 : 14.3846 )  ( 6.60498 : 20.6614 ) 
300:50 cls: 9.67599 9.9601 ( 7.00943 : 14.7253 )  ( 4.69085 : 19.9101 ) 
250:50 cls: 11.0077 14.5584 ( 10.8618 : 21.5415 )  ( 7.61129 : 28.4504 ) 
320:220 cls: 32.7334 37.8958 ( 28.2922 : 54.3043 )  ( 18.423 : 80.0304 ) 
340:50 cls: 7.76599 8.31577 ( 5.60057 : 12.0554 )  ( 4.89715 : 16.7174 ) 
280:140 cls: 14.05 16.4982 ( 11.3603 : 23.4631 )  ( 8.19842 : 32.269 ) 
170:70 cls: 36.3988 46.176 ( 33.2435 : 68.6516 )  ( 24.4065 : 97.5294 ) 
230:40 cls: 12.5715 15.8032 ( 11.5233 : 22.5511 )  ( 7.84961 : 30.7793 ) 
270:20 cls: 8.55885 10.4622 ( 7.27668 : 15.2467 )  ( 5.23171 : 20.4728 ) 
200:90 cls: 32.2806 44.817 ( 30.2472 : 59.9449 )  ( 20.9203 : 87.0544 ) 
350:110 cls: 8.67974 9.52303 ( 6.72725 : 13.4405 )  ( 5.04354 : 19.0179 ) 
310:140 cls: 12.1648 14.3026 ( 10.1121 : 19.6439 )  ( 8.57352 : 27.2398 ) 
300:60 cls: 12.1023 11.0538 ( 7.98324 : 15.8658 )  ( 5.96902 : 22.0251 ) 
120:20 cls: 47.0092 59.3142 ( 40.1964 : 81.1819 )  ( 26.214 : 0 ) 
330:0 cls: 8.59605 8.84137 ( 6.80171 : 13.4566 )  ( 6.14633 : 18.1783 ) 
180:0 cls: 23.9124 31.1107 ( 22.419 : 43.4191 )  ( 16.1274 : 60.8868 ) 
340:60 cls: 9.10409 8.91998 ( 6.58402 : 13.2429 )  ( 5.21713 : 18.2905 ) 
250:60 cls: 10.8572 14.1125 ( 10.6923 : 21.2805 )  ( 7.37499 : 29.8908 ) 
280:150 cls: 18.4441 23.1251 ( 16.9769 : 32.5789 )  ( 13.4642 : 46.6004 ) 
230:50 cls: 12.0399 14.1965 ( 9.8803 : 21.4826 )  ( 8.21731 : 29.5452 ) 
270:30 cls: 8.60306 11.0684 ( 8.29113 : 16.2734 )  ( 5.28462 : 21.7943 ) 
200:100 cls: 39.1268 49.8746 ( 36.0655 : 72.5148 )  ( 27.9848 : 98.5331 ) 
350:120 cls: 9.10508 9.51081 ( 6.6609 : 13.5593 )  ( 4.2715 : 18.9039 ) 
310:150 cls: 12.4524 14.8766 ( 10.739 : 21.9481 )  ( 8.8915 : 28.2642 ) 
300:70 cls: 9.03196 10.174 ( 7.02795 : 13.9702 )  ( 5.62383 : 18.9834 ) 
330:10 cls: 9.35452 9.43088 ( 6.6402 : 13.1999 )  ( 4.68408 : 18.8774 ) 
180:10 cls: 20.9648 26.155 ( 17.8735 : 36.266 )  ( 12.7527 : 49.6304 ) 
130:0 cls: 35.5201 50.867 ( 37.6095 : 74.0241 )  ( 28.6763 : 111.778 ) 
340:70 cls: 8.92083 8.97778 ( 6.47473 : 13.0777 )  ( 5.13192 : 18.1759 ) 
250:70 cls: 13.0942 16.6665 ( 12.0012 : 22.9644 )  ( 11.1635 : 31.0358 ) 
280:160 cls: 25.5795 36.6567 ( 24.167 : 53.5246 )  ( 22.7451 : 75.563 ) 
230:60 cls: 13.5779 17.1349 ( 12.9966 : 25.1604 )  ( 8.45757 : 32.4963 ) 
270:40 cls: 9.14239 11.6033 ( 8.4609 : 17.3927 )  ( 8.902 : 23.932 ) 
350:130 cls: 8.28202 9.89207 ( 7.53106 : 14.2391 )  ( 7.34732 : 19.6145 ) 
310:160 cls: 13.151 15.2566 ( 11.9399 : 23.0601 )  ( 7.90708 : 32.3603 ) 
210:0 cls: 11.994 16.3093 ( 10.8431 : 23.524 )  ( 7.50241 : 32.556 ) 
300:80 cls: 10.2562 10.4682 ( 7.78519 : 15.5747 )  ( 5.24516 : 21.4739 ) 
330:20 cls: 8.75052 9.18407 ( 7.20971 : 13.229 )  ( 5.97898 : 17.8351 ) 
180:20 cls: 25.301 31.3063 ( 24.359 : 45.5714 )  ( 15.4008 : 64.2482 ) 
340:80 cls: 9.76452 9.94073 ( 7.58009 : 13.9695 )  ( 5.93643 : 19.3096 ) 
130:10 cls: 41.5584 45.3038 ( 33.6035 : 67.177 )  ( 26.0966 : 93.5949 ) 
280:170 cls: 35.0466 37.3459 ( 29.0859 : 53.6243 )  ( 23.5194 : 74.5137 ) 
250:80 cls: 11.013 14.4828 ( 10.6295 : 19.9139 )  ( 7.10456 : 27.2517 ) 
230:70 cls: 14.5778 17.3796 ( 12.4732 : 25.3055 )  ( 7.71772 : 35.7065 ) 
270:50 cls: 8.88388 12.9751 ( 8.64193 : 18.0026 )  ( 6.45944 : 25.1557 ) 
310:170 cls: 12.3649 14.4643 ( 9.97305 : 20.3197 )  ( 7.99703 : 28.5493 ) 
350:140 cls: 9.10065 9.43213 ( 6.99799 : 13.2783 )  ( 5.53482 : 19.04 ) 
300:90 cls: 8.63551 11.1431 ( 7.70325 : 16.2548 )  ( 6.446 : 23.3556 ) 
210:10 cls: 12.9071 18.6259 ( 12.7313 : 26.8542 )  ( 11.7396 : 37.143 ) 
330:30 cls: 7.74028 9.62643 ( 6.58779 : 12.6392 )  ( 5.77715 : 18.4458 ) 
180:30 cls: 29.1502 32.5244 ( 23.1073 : 47.3166 )  ( 18.3129 : 67.586 ) 
340:90 cls: 9.2723 9.09946 ( 6.3796 : 13.4871 )  ( 6.99905 : 18.2862 ) 
130:20 cls: 37.9972 52.9404 ( 35.6855 : 77.8116 )  ( 30.6186 : 126.91 ) 
250:90 cls: 12.1465 14.9055 ( 10.8055 : 22.1214 )  ( 8.71518 : 29.8535 ) 
280:180 cls: 28.2132 43.6549 ( 31.1419 : 63.9374 )  ( 23.1243 : 96.6179 ) 
270:60 cls: 8.62912 12.1836 ( 8.41103 : 17.8306 )  ( 8.2849 : 23.7036 ) 
230:80 cls: 22.0111 24.9636 ( 18.1163 : 36.1746 )  ( 14.6345 : 48.695 ) 
350:150 cls: 9.1942 11.7168 ( 8.25703 : 16.7101 )  ( 8.13095 : 22.9763 ) 
310:180 cls: 19.8408 25.9049 ( 18.6217 : 36.7427 )  ( 11.7859 : 52.2364 ) 
210:20 cls: 13.2425 17.6346 ( 12.2711 : 24.2746 )  ( 7.56026 : 35.2886 ) 
330:40 cls: 8.44729 8.07903 ( 6.39601 : 12.1276 )  ( 5.73389 : 16.6884 ) 
300:100 cls: 9.6544 11.3545 ( 8.19183 : 15.8905 )  ( 6.55538 : 22.1973 ) 
180:40 cls: 26.7768 31.1981 ( 22.4533 : 44.113 )  ( 12.847 : 64.5924 ) 
340:100 cls: 8.87273 9.27744 ( 6.45028 : 12.6642 )  ( 5.11814 : 18.3044 ) 
290:0 cls: 9.61016 9.34274 ( 7.04112 : 14.1081 )  ( 5.30173 : 19.391 ) 
250:100 cls: 13.9254 16.7369 ( 12.0087 : 23.8943 )  ( 8.92106 : 33.3888 ) 
130:30 cls: 39.2299 49.9314 ( 35.0069 : 74.4746 )  ( 30.5084 : 106.947 ) 
270:70 cls: 9.56227 12.4528 ( 9.05653 : 18.7047 )  ( 6.36758 : 25.0526 ) 
350:160 cls: 10.5873 10.9436 ( 7.51072 : 16.1564 )  ( 4.49892 : 21.6116 ) 
310:190 cls: 25.5896 28.5959 ( 20.6589 : 43.8276 )  ( 15.3832 : 58.5907 ) 
230:90 cls: 15.0873 19.8109 ( 12.4825 : 27.3448 )  ( 10.1537 : 38.6863 ) 
330:50 cls: 9.20055 9.64026 ( 7.18016 : 14.2184 )  ( 5.0533 : 19.7046 ) 
210:30 cls: 14.9637 18.1877 ( 12.7014 : 24.9233 )  ( 8.10786 : 33.3941 ) 
300:110 cls: 11.0661 13.48 ( 10.594 : 18.7759 )  ( 8.02646 : 26.5438 ) 
180:50 cls: 29.5414 38.3027 ( 27.7722 : 55.965 )  ( 17.917 : 82.9519 ) 
340:110 cls: 9.66078 10.1413 ( 7.51658 : 14.5102 )  ( 4.84542 : 19.8619 ) 
290:10 cls: 8.88949 10.4478 ( 7.51063 : 14.8831 )  ( 6.96554 : 20.235 ) 
250:110 cls: 16.7634 18.6811 ( 12.9631 : 26.2891 )  ( 9.15311 : 34.6978 ) 
140:0 cls: 35.9447 44.844 ( 33.8915 : 66.834 )  ( 27.3577 : 93.8551 ) 
350:170 cls: 10.253 12.9526 ( 9.62801 : 18.0094 )  ( 7.81718 : 25.1477 ) 
310:200 cls: 33.1816 39.9407 ( 28.4301 : 57.5315 )  ( 21.3687 : 84.4139 ) 
270:80 cls: 9.96547 11.3973 ( 7.80303 : 16.4109 )  ( 4.84604 : 21.7841 ) 
330:60 cls: 8.0477 9.7435 ( 7.10756 : 14.1869 )  ( 5.83297 : 18.6793 ) 
230:100 cls: 27.0321 25.862 ( 19.6991 : 38.1146 )  ( 18.098 : 52.2585 ) 
300:120 cls: 10.0292 13.2578 ( 8.95449 : 20.2705 )  ( 7.6683 : 25.2216 ) 
210:40 cls: 18.3816 23.6719 ( 17.1294 : 34.7788 )  ( 13.0336 : 44.9806 ) 
180:60 cls: 30.161 35.5612 ( 25.6735 : 52.1446 )  ( 19.1717 : 69.5466 ) 
340:120 cls: 9.06353 10.131 ( 7.76567 : 14.1664 )  ( 4.68881 : 19.0913 ) 
290:20 cls: 8.88591 9.25213 ( 6.63872 : 13.3339 )  ( 4.58619 : 18.3871 ) 
140:10 cls: 32.4946 40.131 ( 30.4553 : 60.0562 )  ( 22.8747 : 80.2705 ) 
250:120 cls: 20.6623 26.2772 ( 18.0161 : 37.443 )  ( 15.1222 : 51.0173 ) 
350:180 cls: 10.5532 12.856 ( 9.75496 : 19.0978 )  ( 9.7721 : 25.4807 ) 
310:210 cls: 27.9062 37.4605 ( 26.654 : 54.9769 )  ( 23.639 : 75.9611 ) 
330:70 cls: 9.19394 9.08325 ( 6.51802 : 12.8368 )  ( 5.6485 : 18.1119 ) 
300:130 cls: 9.53729 12.043 ( 8.80318 : 17.8187 )  ( 7.70866 : 24.3347 ) 
230:110 cls: 32.3855 38.1427 ( 28.2546 : 55.3085 )  ( 21.7891 : 75.4595 ) 
270:90 cls: 10.3027 13.7431 ( 9.70478 : 19.4906 )  ( 8.0727 : 27.1977 ) 
210:50 cls: 17.6964 23.6482 ( 15.7962 : 33.5669 )  ( 11.6939 : 45.8574 ) 
180:70 cls: 35.6158 43.8011 ( 30.1774 : 65.1388 )  ( 25.7451 : 98.1157 ) 
340:130 cls: 8.96011 9.8223 ( 6.58563 : 14.227 )  ( 5.88608 : 19.9619 ) 
290:30 cls: 9.794 10.4892 ( 7.81629 : 14.6671 )  ( 5.41683 : 20.0209 ) 
140:20 cls: 33.2358 41.0159 ( 28.1031 : 61.3515 )  ( 25.1679 : 88.4945 ) 
350:190 cls: 11.4975 14.1983 ( 9.80711 : 20.768 )  ( 7.64524 : 27.8035 ) 
320:0 cls: 8.58227 9.19004 ( 6.40167 : 13.5357 )  ( 5.11814 : 18.48 ) 
250:130 cls: 30.0079 32.4011 ( 25.0503 : 47.6103 )  ( 13.7059 : 67.3224 ) 
330:80 cls: 8.94386 9.21546 ( 6.68582 : 13.7753 )  ( 5.82547 : 19.2592 ) 
300:140 cls: 13.8346 16.1908 ( 11.6765 : 22.222 )  ( 7.41359 : 31.0295 ) 
230:120 cls: 30.8746 37.9226 ( 27.2279 : 55.7211 )  ( 17.8705 : 77.8472 ) 
270:100 cls: 12.3534 15.1429 ( 11.0058 : 21.5911 )  ( 7.91984 : 30.4355 ) 
210:60 cls: 24.8443 26.8888 ( 20.9648 : 39.6054 )  ( 15.3386 : 54.1349 ) 
180:80 cls: 33.2972 41.4098 ( 33.145 : 61.4171 )  ( 24.7391 : 83.8304 ) 
340:140 cls: 11.3337 11.3373 ( 7.60551 : 16.0396 )  ( 5.84808 : 21.756 ) 
290:40 cls: 8.73853 10.3138 ( 7.55692 : 15.193 )  ( 6.9882 : 20.9559 ) 
350:200 cls: 13.2548 16.8504 ( 10.5439 : 23.4464 )  ( 10.2383 : 31.8087 ) 
330:90 cls: 8.138 9.56715 ( 7.325 : 14.6615 )  ( 6.3387 : 20.2352 ) 
250:140 cls: 33.3332 36.7036 ( 26.4575 : 52.584 )  ( 21.2927 : 79.0248 ) 
140:30 cls: 30.8805 41.1126 ( 29.2673 : 63.2328 )  ( 21.0796 : 90.5557 ) 
320:10 cls: 9.47703 9.74209 ( 7.36036 : 13.9434 )  ( 5.54086 : 20.0327 ) 
300:150 cls: 10.5954 15.5912 ( 10.3612 : 21.9459 )  ( 8.73207 : 30.7913 ) 
270:110 cls: 11.0091 14.9335 ( 10.7719 : 21.4124 )  ( 8.21587 : 28.5583 ) 
230:130 cls: 38.9961 45.685 ( 29.4451 : 64.9957 )  ( 19.4595 : 93.3668 ) 
190:0 cls: 18.0816 24.0385 ( 17.481 : 33.7127 )  ( 10.2891 : 48.1752 ) 
210:70 cls: 18.8832 26.8172 ( 19.9399 : 38.8767 )  ( 16.0724 : 54.3566 ) 
290:50 cls: 10.6465 11.0543 ( 8.06618 : 16.4396 )  ( 6.42622 : 21.8217 ) 
340:150 cls: 9.22786 13.56 ( 9.28523 : 18.1725 )  ( 7.34047 : 25.3592 ) 
350:210 cls: 11.777 15.934 ( 11.1192 : 23.3806 )  ( 7.98626 : 31.145 ) 
330:100 cls: 9.8788 11.5187 ( 7.93835 : 15.7118 )  ( 6.59915 : 20.9011 ) 
300:160 cls: 14.6537 18.6688 ( 13.5616 : 26.9978 )  ( 8.47034 : 35.2006 ) 
250:150 cls: 24.7009 35.419 ( 26.1609 : 53.0407 )  ( 20.8241 : 73.58 ) 
140:40 cls: 41.5407 48.8845 ( 34.7034 : 73.8585 )  ( 25.4677 : 0 ) 
240:0 cls: 10.5247 12.9358 ( 8.98785 : 18.7279 )  ( 6.78335 : 26.1568 ) 
270:120 cls: 13.1527 16.8049 ( 12.1847 : 23.4954 )  ( 9.15406 : 33.9772 ) 
190:10 cls: 23.0201 26.33 ( 20.4907 : 38.685 )  ( 15.9736 : 51.8878 ) 
290:60 cls: 9.62823 9.66787 ( 7.73778 : 14.5543 )  ( 6.66504 : 19.8774 ) 
320:20 cls: 9.64958 10.188 ( 7.57205 : 14.5215 )  ( 5.42942 : 19.865 ) 
210:80 cls: 28.5615 37.4104 ( 25.8226 : 53.4139 )  ( 21.6866 : 75.186 ) 
340:160 cls: 8.75096 11.4707 ( 8.6654 : 16.4739 )  ( 5.95601 : 22.817 ) 
330:110 cls: 8.57368 11.0755 ( 7.91722 : 16.1578 )  ( 4.9459 : 21.5854 ) 
350:220 cls: 21.7511 26.6959 ( 19.0002 : 36.3636 )  ( 15.5396 : 48.8817 ) 
300:170 cls: 15.929 17.9444 ( 13.2242 : 27.4582 )  ( 9.15637 : 36.6588 ) 
260:0 cls: 8.89985 10.7975 ( 8.2151 : 15.7685 )  ( 5.41311 : 21.4842 ) 
150:0 cls: 23.7026 40.4115 ( 28.1339 : 58.8744 )  ( 22.8019 : 85.7398 ) 
240:10 cls: 9.49308 12.5489 ( 9.01735 : 18.8149 )  ( 7.40728 : 25.9899 ) 
270:130 cls: 16.1688 17.8604 ( 12.8137 : 25.161 )  ( 11.3063 : 34.0854 ) 
320:30 cls: 8.57396 9.009 ( 6.63544 : 12.5107 )  ( 4.90669 : 18.1209 ) 
290:70 cls: 9.34084 10.9451 ( 8.0235 : 16.2251 )  ( 7.8172 : 21.3058 ) 
210:90 cls: 27.6129 36.8801 ( 26.9898 : 52.0454 )  ( 19.5794 : 78.2497 ) 
340:170 cls: 11.2022 13.309 ( 8.96572 : 18.6151 )  ( 9.5658 : 25.6821 ) 
330:120 cls: 9.27431 9.7922 ( 7.15217 : 14.6786 )  ( 4.835 : 19.8804 ) 
190:20 cls: 19.1345 25.0424 ( 17.808 : 35.0915 )  ( 13.5978 : 48.6269 ) 
350:230 cls: 27.1578 32.5515 ( 25.2392 : 47.3501 )  ( 16.1542 : 65.6699 ) 
300:180 cls: 30.8042 36.1443 ( 24.2047 : 52.4748 )  ( 19.8719 : 74.3995 ) 
150:10 cls: 34.617 43.1948 ( 31.2975 : 68.7126 )  ( 24.5424 : 107.092 ) 
260:10 cls: 11.3977 11.8655 ( 8.30507 : 17.2955 )  ( 7.76905 : 23.2625 ) 
240:20 cls: 9.70955 13.0303 ( 9.02581 : 19.1249 )  ( 6.59774 : 25.4316 ) 
270:140 cls: 20.035 24.4279 ( 18.433 : 36.1304 )  ( 12.4037 : 48.6636 ) 
320:40 cls: 8.88925 9.00119 ( 6.05389 : 13.0079 )  ( 3.91095 : 17.9101 ) 
290:80 cls: 9.47772 11.304 ( 8.39308 : 16.2438 )  ( 7.08357 : 22.1877 ) 
330:130 cls: 9.30678 10.9696 ( 8.03668 : 15.8502 )  ( 6.70107 : 21.393 ) 
190:30 cls: 23.115 29.4026 ( 20.3428 : 43.4331 )  ( 17.1433 : 59.8983 ) 
210:100 cls: 34.3225 40.8256 ( 33.0522 : 62.0253 )  ( 26.9228 : 88.2917 ) 
340:180 cls: 11.7337 12.3419 ( 9.36111 : 18.5886 )  ( 7.75259 : 25.5467 ) 
350:240 cls: 29.6368 35.7246 ( 24.5507 : 52.298 )  ( 17.0803 : 74.0119 ) 
300:190 cls: 31.8996 39.1985 ( 27.9268 : 54.8802 )  ( 24.25 : 77.4352 ) 
240:30 cls: 10.8498 14.325 ( 10.7825 : 19.8876 )  ( 7.38059 : 28.5176 ) 
260:20 cls: 9.91281 11.1875 ( 8.02608 : 16.4342 )  ( 6.8954 : 22.7816 ) 
290:90 cls: 10.1573 12.2057 ( 9.09898 : 17.3131 )  ( 9.09145 : 24.4792 ) 
320:50 cls: 8.69033 8.68215 ( 6.93871 : 11.9332 )  ( 5.28949 : 17.301 ) 
330:140 cls: 9.02313 11.8204 ( 8.73178 : 17.0059 )  ( 6.72393 : 23.8177 ) 
270:150 cls: 22.6306 29.718 ( 21.5367 : 42.6982 )  ( 18.0777 : 63.1652 ) 
190:40 cls: 20.4652 24.5634 ( 18.222 : 36.8819 )  ( 14.4868 : 49.7535 ) 
340:190 cls: 13.2109 16.3938 ( 11.4018 : 23.7025 )  ( 7.37562 : 31.2642 ) 
350:250 cls: 28.4517 36.1598 ( 25.8259 : 51.3593 )  ( 20.0954 : 74.4264 ) 
210:110 cls: 38.4839 45.6847 ( 30.6268 : 67.6576 )  ( 23.8623 : 101.763 ) 
300:200 cls: 36.4508 42.624 ( 31.3328 : 63.7549 )  ( 26.3891 : 90.3167 ) 
240:40 cls: 12.619 15.0348 ( 10.5096 : 21.7767 )  ( 6.46536 : 28.8967 ) 
260:30 cls: 11.3127 12.6563 ( 8.39223 : 17.5398 )  ( 7.70867 : 23.5534 ) 
290:100 cls: 10.0168 11.7095 ( 9.09312 : 17.2792 )  ( 5.94271 : 23.3782 ) 
330:150 cls: 12.6845 12.4903 ( 8.44529 : 17.9101 )  ( 5.36191 : 24.1954 ) 
320:60 cls: 9.02662 10.171 ( 7.60205 : 14.1834 )  ( 6.02272 : 19.9405 ) 
150:30 cls: 27.6996 41.0139 ( 28.0069 : 58.2716 )  ( 24.7395 : 82.7978 ) 
190:50 cls: 24.6071 29.991 ( 20.6033 : 43.9834 )  ( 16.3785 : 60.5038 ) 
270:160 cls: 32.4805 40.7497 ( 29.8625 : 59.8967 )  ( 22.6331 : 80.1154 ) 
340:200 cls: 10.7702 14.3699 ( 9.42088 : 20.8336 )  ( 7.19413 : 27.9682 ) 
220:0 cls: 11.6172 15.3223 ( 10.7849 : 22.5891 )  ( 7.04951 : 31.0038 ) 
310:0 cls: 9.21775 9.54129 ( 6.60781 : 13.3088 )  ( 5.54199 : 20.0714 ) 
240:50 cls: 10.9722 15.8968 ( 10.9602 : 23.0312 )  ( 9.31342 : 30.0167 ) 
260:40 cls: 8.93521 11.0606 ( 7.77535 : 16.062 )  ( 5.9465 : 22.5122 ) 
330:160 cls: 12.4856 14.0281 ( 10.2781 : 20.4573 )  ( 6.8959 : 27.7072 ) 
290:110 cls: 11.6893 13.466 ( 9.07988 : 19.2342 )  ( 6.86245 : 27.4543 ) 
150:40 cls: 32.8121 43.4104 ( 31.2001 : 67.7792 )  ( 18.4482 : 100.3 ) 
190:60 cls: 29.2251 36.9259 ( 27.4255 : 50.9581 )  ( 17.1748 : 72.1703 ) 
270:170 cls: 31.5493 45.9542 ( 31.6053 : 65.2702 )  ( 24.8995 : 91.1307 ) 
320:70 cls: 9.28166 9.80913 ( 7.02219 : 14.2638 )  ( 6.40816 : 19.406 ) 
340:210 cls: 18.479 24.362 ( 17.4739 : 34.7239 )  ( 13.1827 : 48.0182 ) 
310:10 cls: 9.35462 9.75784 ( 6.43678 : 13.8485 )  ( 5.38946 : 19.291 ) 
220:10 cls: 10.9125 14.3234 ( 10.0972 : 20.117 )  ( 8.91247 : 29.0636 ) 
240:60 cls: 10.5774 14.6684 ( 9.96993 : 21.0439 )  ( 7.76397 : 28.5367 ) 
330:170 cls: 14.4772 17.3536 ( 12.5096 : 23.5776 )  ( 10.2326 : 31.0484 ) 
290:120 cls: 11.8464 15.639 ( 10.6453 : 21.22 )  ( 7.53352 : 28.8381 ) 
260:50 cls: 9.02636 12.8925 ( 8.60983 : 18.436 )  ( 6.61619 : 24.9287 ) 
190:70 cls: 27.4331 34.9854 ( 22.6626 : 48.5299 )  ( 14.8896 : 67.8958 ) 
150:50 cls: 38.1918 48.8393 ( 35.0442 : 71.9754 )  ( 29.8033 : 104.962 ) 
280:0 cls: 9.48609 10.8569 ( 8.39784 : 15.9904 )  ( 7.09366 : 21.6682 ) 
320:80 cls: 10.4302 10.7652 ( 7.50756 : 15.3162 )  ( 5.23756 : 21.2659 ) 
310:20 cls: 9.18659 9.48127 ( 7.5047 : 13.7641 )  ( 5.18785 : 18.5443 ) 
340:220 cls: 28.9944 31.0791 ( 24.6237 : 43.6024 )  ( 17.0438 : 64.3278 ) 
330:180 cls: 13.0416 16.1983 ( 11.8529 : 23.7568 )  ( 8.13974 : 32.5056 ) 
240:70 cls: 10.4604 14.2785 ( 10.443 : 21.7744 )  ( 7.53074 : 29.4555 ) 
290:130 cls: 12.1241 16.1749 ( 10.4323 : 23.0582 )  ( 7.26171 : 30.7691 ) 
220:20 cls: 10.5058 12.0366 ( 9.07126 : 18.1163 )  ( 5.50304 : 24.0764 ) 
190:80 cls: 36.5332 47.3292 ( 35.6745 : 68.9627 )  ( 26.7175 : 101.435 ) 
280:10 cls: 9.60044 11.527 ( 8.78539 : 17.0193 )  ( 5.31271 : 23.1361 ) 
260:60 cls: 11.4078 12.9463 ( 9.04608 : 18.9528 )  ( 6.47461 : 24.3525 ) 
160:0 cls: 25.4105 36.2059 ( 25.5757 : 54.057 )  ( 22.9868 : 74.1359 ) 
320:90 cls: 9.43239 11.0025 ( 7.66314 : 15.4371 )  ( 7.13653 : 20.2984 ) 
310:30 cls: 10.8471 11.1552 ( 8.44693 : 16.2953 )  ( 7.09282 : 21.8923 ) 
330:190 cls: 12.4176 15.2983 ( 11.7663 : 22.0737 )  ( 7.90415 : 29.7117 ) 
290:140 cls: 10.5274 13.7717 ( 9.49302 : 19.6077 )  ( 7.24028 : 27.7544 ) 
240:80 cls: 12.945 15.934 ( 11.9695 : 24.7909 )  ( 10.338 : 34.8509 ) 
340:230 cls: 24.7489 31.0784 ( 22.3081 : 42.3139 )  ( 16.6971 : 61.6541 ) 
280:20 cls: 8.27901 11.6871 ( 7.93033 : 16.5875 )  ( 6.02163 : 23.4671 ) 
190:90 cls: 39.6136 48.1389 ( 34.7452 : 72.8593 )  ( 27.4779 : 102.787 ) 
260:70 cls: 10.6789 13.7357 ( 10.6043 : 20.2101 )  ( 7.70837 : 28.3802 ) 
320:100 cls: 8.14435 10.6875 ( 7.89174 : 15.8459 )  ( 5.30174 : 22.7218 ) 
220:30 cls: 13.4461 16.3096 ( 11.6736 : 22.3364 )  ( 8.21101 : 31.0145 ) 
160:10 cls: 25.3724 35.3739 ( 25.2537 : 50.2171 )  ( 16.9657 : 71.567 ) 
310:40 cls: 8.39552 9.59741 ( 6.3049 : 13.7323 )  ( 5.5442 : 18.5559 ) 
330:200 cls: 17.3507 18.6375 ( 12.6191 : 26.4134 )  ( 8.28651 : 36.4945 ) 
290:150 cls: 14.6806 16.3002 ( 11.5396 : 23.4471 )  ( 7.25325 : 33.0938 ) 
340:240 cls: 29.8632 40.1101 ( 29.1095 : 60.4623 )  ( 21.5724 : 81.6196 ) 
240:90 cls: 16.0945 14.9372 ( 9.7073 : 21.4777 )  ( 8.29945 : 29.0405 ) 
200:0 cls: 13.3555 17.3941 ( 13.0989 : 23.1762 )  ( 9.30675 : 32.9183 ) 
280:30 cls: 10.2015 10.5423 ( 7.79905 : 15.6741 )  ( 5.98251 : 21.874 ) 
260:80 cls: 12.6781 15.7175 ( 10.7189 : 21.4561 )  ( 8.27384 : 29.116 ) 
320:110 cls: 9.61932 11.2646 ( 8.75888 : 16.9322 )  ( 6.42477 : 22.7518 ) 
160:20 cls: 30.0285 37.1478 ( 27.8257 : 53.6267 )  ( 21.4552 : 74.4862 ) 
310:50 cls: 9.32674 9.95455 ( 7.86883 : 14.6363 )  ( 7.5915 : 20.3058 ) 
220:40 cls: 13.0191 16.7565 ( 11.0617 : 23.3556 )  ( 8.39979 : 32.1388 ) 
290:160 cls: 24.9203 29.1083 ( 20.9641 : 42.6353 )  ( 15.7744 : 60.3614 ) 
330:210 cls: 25.0291 26.1027 ( 19.5047 : 36.9397 )  ( 15.4419 : 50.0626 ) 
240:100 cls: 20.2924 24.7512 ( 18.729 : 35.4683 )  ( 14.4927 : 48.8096 ) 
350:0 cls: 8.2089 7.94774 ( 5.67558 : 11.6709 )  ( 3.85523 : 16.0636 ) 
280:40 cls: 9.47463 10.7547 ( 8.12681 : 15.531 )  ( 7.25248 : 21.1807 ) 
260:90 cls: 12.15 14.4796 ( 10.8624 : 21.0072 )  ( 9.0247 : 29.8877 ) 
320:120 cls: 8.95787 11.4086 ( 7.90204 : 15.8639 )  ( 5.71715 : 22.1237 ) 
200:10 cls: 16.0581 17.3267 ( 12.3091 : 24.8285 )  ( 8.84155 : 32.693 ) 
160:30 cls: 36.5108 44.2474 ( 31.8873 : 65.6066 )  ( 25.0356 : 94.969 ) 
310:60 cls: 8.16201 10.0783 ( 7.34986 : 13.8297 )  ( 6.38163 : 18.9149 ) 
220:50 cls: 12.8658 15.2252 ( 11.7503 : 22.6313 )  ( 8.70311 : 30.0192 ) 
330:220 cls: 28.7745 33.1983 ( 24.5607 : 46.9304 )  ( 19.1346 : 66.4913 ) 
290:170 cls: 23.6085 26.56 ( 19.483 : 38.6361 )  ( 15.8988 : 51.953 ) 
350:10 cls: 8.86615 9.09564 ( 6.61538 : 13.1506 )  ( 5.06946 : 17.8318 ) 
240:110 cls: 25.8325 28.5658 ( 22.6992 : 42.9226 )  ( 14.4344 : 59.2551 ) 
280:50 cls: 11.4913 11.2187 ( 8.02696 : 17.0659 )  ( 6.95799 : 23.6878 ) 
320:130 cls: 9.42672 11.1269 ( 7.79406 : 16.4411 )  ( 5.73637 : 23.1117 ) 
260:100 cls: 15.4472 18.4744 ( 13.4114 : 26.4299 )  ( 12.2426 : 37.1053 ) 
200:20 cls: 18.2137 23.1955 ( 17.7978 : 33.4693 )  ( 11.6838 : 47.034 ) 
310:70 cls: 8.47019 9.94447 ( 7.36946 : 14.881 )  ( 6.45663 : 20.0216 ) 
160:40 cls: 35.7257 40.7237 ( 32.0925 : 61.1312 )  ( 21.718 : 90.2035 ) 
290:180 cls: 30.1972 38.22 ( 27.3214 : 55.591 )  ( 18.2375 : 81.9517 ) 
330:230 cls: 30.3692 38.3562 ( 27.861 : 57.173 )  ( 29.0637 : 82.2124 ) 
220:60 cls: 13.9277 16.5218 ( 12.0624 : 24.2033 )  ( 8.96884 : 34.9905 ) 
350:20 cls: 7.95225 8.86602 ( 5.96444 : 12.3298 )  ( 6.18136 : 16.6368 ) 
240:120 cls: 27.915 32.0954 ( 25.5575 : 44.5571 )  ( 21.8158 : 66.6543 ) 
320:140 cls: 9.98652 12.2212 ( 8.81731 : 17.356 )  ( 6.93611 : 23.927 ) 
200:30 cls: 18.0023 22.1704 ( 17.0937 : 32.2883 )  ( 11.439 : 45.785 ) 
280:60 cls: 9.65586 10.3284 ( 7.44212 : 15.005 )  ( 6.37665 : 20.339 ) 
260:110 cls: 15.884 17.0022 ( 11.8492 : 24.0844 )  ( 8.60964 : 34.6004 ) 
310:80 cls: 9.87919 9.78708 ( 7.2706 : 14.9829 )  ( 5.34547 : 19.9031 ) 
160:50 cls: 33.6247 42.2466 ( 30.8174 : 64.599 )  ( 25.9964 : 85.3724 ) 
290:190 cls: 35.282 40.7154 ( 29.3962 : 59.9691 )  ( 23.5634 : 87.039 ) 
220:70 cls: 13.8724 17.3239 ( 12.0939 : 26.3766 )  ( 11.3237 : 35.3812 ) 
350:30 cls: 9.09739 9.38667 ( 7.03787 : 13.4662 )  ( 6.24677 : 18.5609 ) 
240:130 cls: 33.5912 44.6 ( 30.8163 : 65.3341 )  ( 24.6432 : 92.8595 ) 
280:70 cls: 10.6922 11.2735 ( 8.28413 : 16.0364 )  ( 6.12759 : 23.2362 ) 
320:150 cls: 12.0228 14.116 ( 9.55212 : 20.1187 )  ( 7.17324 : 27.9344 ) 
200:40 cls: 20.8769 26.2072 ( 19.1998 : 37.5903 )  ( 18.2941 : 51.0687 ) 
260:120 cls: 16.5126 17.611 ( 12.25 : 25.1189 )  ( 8.39629 : 34.4471 ) 
160:60 cls: 34.7794 44.9604 ( 31.5525 : 67.1862 )  ( 24.0603 : 97.0651 ) 
350:40 cls: 7.7957 8.95359 ( 6.78639 : 13.2261 )  ( 4.94691 : 17.9493 ) 
280:80 cls: 8.89638 11.4052 ( 8.32339 : 16.4042 )  ( 7.06195 : 23.0384 ) 
220:80 cls: 17.7406 25.2239 ( 17.8805 : 35.9563 )  ( 11.9819 : 49.8259 ) 
260:130 cls: 25.5947 31.4995 ( 24.5544 : 45.2177 )  ( 16.8345 : 63.5899 ) 
240:140 cls: 36.2569 41.5176 ( 30.7627 : 59.3269 )  ( 23.1005 : 85.4357 ) 
320:160 cls: 10.6907 12.1649 ( 8.47149 : 17.9187 )  ( 5.39913 : 24.641 ) 
170:0 cls: 23.6792 29.7966 ( 22.3874 : 41.5668 )  ( 14.8129 : 59.3297 ) 
220:90 cls: 26.7046 32.2112 ( 25.6881 : 45.7369 )  ( 18.7407 : 68.241 ) 
170:10 cls: 22.3573 32.0703 ( 20.9804 : 46.4739 )  ( 18.65 : 61.8707 ) 
220:100 cls: 27.5958 32.9848 ( 22.2755 : 47.3738 )  ( 17.2139 : 70.5035 ) 
220:110 cls: 33.1615 40.7693 ( 29.0564 : 62.2485 )  ( 20.4753 : 87.0305 ) 
