200:50 cls: 10.5498 13.76 ( 9.29783 : 19.6532 )  ( 7.65301 : 28.2522 ) 
250:50 cls: 9.42895 9.53522 ( 7.16795 : 13.6181 )  ( 6.07363 : 18.9591 ) 
350:0 cls: 6.01387 5.48941 ( 4.23155 : 7.53754 )  ( 3.75466 : 11.2064 ) 
200:100 cls: 12.4056 16.847 ( 11.5867 : 22.2637 )  ( 7.54887 : 30.943 ) 
400:150 cls: 10.0203 7.18484 ( 5.40247 : 10.1443 )  ( 4.35461 : 14.9856 ) 
450:250 cls: 10.4523 8.84823 ( 6.54771 : 13.4209 )  ( 5.28522 : 18.7944 ) 
250:100 cls: 11.0428 11.9587 ( 8.6707 : 16.7989 )  ( 7.6543 : 22.8506 ) 
350:50 cls: 9.19298 6.54506 ( 5.43906 : 8.96415 )  ( 3.66861 : 13.1164 ) 
550:300 cls: 10.3034 7.512 ( 5.46483 : 10.532 )  ( 4.69055 : 14.4921 ) 
500:300 cls: 10.1972 9.03343 ( 6.96606 : 12.7815 )  ( 4.71143 : 17.8545 ) 
200:150 cls: 11.6712 14.5189 ( 10.1511 : 21.4036 )  ( 6.90511 : 28.8439 ) 
400:200 cls: 10.337 9.26647 ( 7.01078 : 13.6448 )  ( 6.40268 : 19.4227 ) 
600:250 cls: 7.99236 5.56152 ( 4.14524 : 7.96294 )  ( 3.0948 : 11.1304 ) 
650:150 cls: 5.90453 4.78582 ( 4.2643 : 6.52224 )  ( 3.28586 : 9.28153 ) 
450:300 cls: 10.1871 11.5609 ( 8.53832 : 17.1963 )  ( 5.70949 : 24.1576 ) 
250:150 cls: 11.1088 14.7958 ( 10.5083 : 20.6693 )  ( 8.25104 : 28.1084 ) 
350:100 cls: 10.5949 7.62028 ( 5.73312 : 10.6403 )  ( 4.69798 : 15.3245 ) 
550:350 cls: 10.3744 9.04232 ( 6.91102 : 13.1818 )  ( 6.49017 : 18.8381 ) 
250:0 cls: 11.4066 7.5652 ( 5.43089 : 10.5052 )  ( 4.23476 : 14.8689 ) 
500:350 cls: 9.90402 11.4635 ( 8.37822 : 17.5692 )  ( 8.86796 : 23.3942 ) 
400:250 cls: 9.88181 11.2118 ( 7.79706 : 16.8614 )  ( 5.45096 : 24.1778 ) 
600:300 cls: 9.49017 6.55306 ( 5.01424 : 8.96565 )  ( 4.31365 : 12.9531 ) 
700:0 cls: 4.15024 3.8276 ( 3.63143 : 4.9033 )  ( 3.83173 : 6.99661 ) 
700:500 cls: 10.2591 8.94972 ( 6.74384 : 13.6915 )  ( 4.97035 : 18.9392 ) 
650:200 cls: 6.13803 4.89276 ( 4.13257 : 6.40125 )  ( 3.77305 : 9.45203 ) 
750:300 cls: 6.31018 4.93182 ( 4.25781 : 6.55717 )  ( 3.33659 : 9.44021 ) 
450:350 cls: 10.9139 14.0517 ( 9.30975 : 19.3179 )  ( 7.48997 : 24.1021 ) 
350:150 cls: 10.7156 9.72717 ( 6.65986 : 14.2532 )  ( 6.71042 : 19.5681 ) 
250:200 cls: 11.2832 12.3701 ( 9.86307 : 18.7975 )  ( 7.88972 : 25.7528 ) 
550:400 cls: 10.7542 12.4133 ( 8.7471 : 17.0014 )  ( 6.53513 : 23.2895 ) 
400:300 cls: 10.4602 12.5592 ( 9.48003 : 18.0884 )  ( 7.05569 : 24.5914 ) 
600:350 cls: 9.546 7.48488 ( 5.7112 : 11.0307 )  ( 5.46 : 15.7513 ) 
700:50 cls: 4.724 4.14648 ( 3.63631 : 5.31138 )  ( 4.08683 : 7.78057 ) 
500:400 cls: 10.9993 13.5849 ( 8.93995 : 18.7457 )  ( 7.4801 : 24.7413 ) 
650:250 cls: 7.09979 5.16133 ( 4.22871 : 7.11844 )  ( 3.31377 : 9.83618 ) 
800:50 cls: 4.17256 3.83434 ( 3.40589 : 4.60685 )  ( 3.20929 : 6.86435 ) 
700:550 cls: 11.0604 12.9438 ( 9.85715 : 19.7216 )  ( 6.97396 : 26.5737 ) 
750:350 cls: 7.06574 5.17124 ( 4.12278 : 7.33277 )  ( 3.77816 : 10.3011 ) 
800:550 cls: 9.35083 7.53389 ( 5.6822 : 10.8113 )  ( 4.5613 : 15.6986 ) 
300:0 cls: 7.38305 6.69997 ( 5.20124 : 9.42469 )  ( 3.43355 : 13.674 ) 
450:400 cls: 11.4005 12.8441 ( 9.41285 : 18.4234 )  ( 6.12965 : 25.7765 ) 
550:450 cls: 10.5184 11.911 ( 8.00372 : 17.1978 )  ( 5.30582 : 23.3803 ) 
350:200 cls: 10.8746 12.8112 ( 9.16691 : 18.6117 )  ( 6.89805 : 26.2277 ) 
600:400 cls: 10.6238 9.5546 ( 7.07903 : 13.7571 )  ( 5.71111 : 19.1798 ) 
400:350 cls: 11.5076 13.8299 ( 9.26013 : 20.4091 )  ( 8.90007 : 25.032 ) 
650:300 cls: 7.84808 5.51032 ( 4.17206 : 7.83207 )  ( 4.39623 : 11.583 ) 
700:100 cls: 5.19856 4.38965 ( 3.76103 : 5.72404 )  ( 3.4682 : 8.02291 ) 
800:100 cls: 4.63591 3.99189 ( 3.81103 : 5.10679 )  ( 3.58137 : 7.64446 ) 
700:600 cls: 10.1395 11.958 ( 7.98099 : 17.0727 )  ( 6.97145 : 22.0874 ) 
750:400 cls: 7.42338 5.24814 ( 4.27764 : 7.36568 )  ( 3.78656 : 10.6926 ) 
500:450 cls: 11.5721 13.4768 ( 8.57011 : 19.3145 )  ( 5.43015 : 26.1048 ) 
850:250 cls: 5.13128 4.36078 ( 3.89526 : 5.67641 )  ( 2.82271 : 8.13756 ) 
800:600 cls: 10.5464 9.27684 ( 6.71638 : 13.6732 )  ( 5.50512 : 18.4089 ) 
500:0 cls: 5.1029 4.34678 ( 4.13062 : 5.78225 )  ( 3.01083 : 8.5447 ) 
300:50 cls: 11.3029 8.15204 ( 6.51445 : 10.9619 )  ( 4.92613 : 15.6156 ) 
550:500 cls: 11.5502 13.9582 ( 9.53493 : 20.6236 )  ( 7.91122 : 30.5374 ) 
450:0 cls: 5.22908 4.52794 ( 3.80608 : 6.45801 )  ( 3.4682 : 9.3508 ) 
600:450 cls: 10.8275 13.5323 ( 8.70178 : 18.7342 )  ( 7.16985 : 26.9965 ) 
800:150 cls: 4.79797 4.14369 ( 3.70606 : 5.44295 )  ( 4.32058 : 7.54599 ) 
700:150 cls: 5.15185 4.28454 ( 3.73848 : 5.70551 )  ( 3.61163 : 8.12649 ) 
650:350 cls: 9.68078 6.68131 ( 5.48022 : 8.88087 )  ( 4.25471 : 12.7679 ) 
350:250 cls: 9.85916 12.8546 ( 8.99437 : 18.4324 )  ( 6.45972 : 23.9191 ) 
700:650 cls: 14.1223 15.1941 ( 9.895 : 23.8678 )  ( 8.89619 : 37.6362 ) 
750:450 cls: 9.14131 6.71085 ( 5.16708 : 9.3548 )  ( 3.73445 : 12.9106 ) 
850:300 cls: 5.57741 4.52654 ( 4.20039 : 6.14596 )  ( 3.83967 : 8.86691 ) 
550:0 cls: 4.86775 4.32738 ( 3.35605 : 5.8706 )  ( 2.90042 : 8.31802 ) 
800:650 cls: 11.3314 12.6371 ( 9.3108 : 18.191 )  ( 7.01468 : 25.4064 ) 
500:50 cls: 5.5525 4.74164 ( 3.87151 : 6.41455 )  ( 3.35364 : 9.08761 ) 
300:100 cls: 8.6852 8.77652 ( 6.72662 : 13.1343 )  ( 4.77168 : 17.3403 ) 
450:50 cls: 6.76069 5.2178 ( 4.49807 : 7.20222 )  ( 3.96846 : 10.1101 ) 
600:0 cls: 4.48663 4.17384 ( 3.63117 : 5.47768 )  ( 2.64123 : 7.75619 ) 
800:200 cls: 5.23744 4.14407 ( 3.5846 : 5.64265 )  ( 3.77235 : 7.87898 ) 
600:500 cls: 10.466 12.9437 ( 8.46655 : 17.9593 )  ( 6.9719 : 24.135 ) 
750:0 cls: 4.10413 3.77023 ( 3.49452 : 4.81506 )  ( 3.41948 : 7.05624 ) 
700:200 cls: 6.30883 4.96459 ( 3.86896 : 6.51453 )  ( 4.30032 : 9.29366 ) 
650:400 cls: 10.3114 7.51664 ( 5.83236 : 10.7726 )  ( 6.31721 : 15.8638 ) 
750:500 cls: 9.57284 7.75158 ( 6.1345 : 11.2737 )  ( 5.18716 : 16.291 ) 
850:350 cls: 5.96105 4.55441 ( 4.00736 : 6.29533 )  ( 3.19614 : 9.13264 ) 
350:300 cls: 11.6385 13.6775 ( 9.91842 : 19.5098 )  ( 6.98556 : 27.0238 ) 
550:50 cls: 5.33034 4.50348 ( 4.26182 : 5.93 )  ( 2.61602 : 8.46396 ) 
800:700 cls: 10.7191 12.3976 ( 8.92509 : 18.2906 )  ( 6.05027 : 23.126 ) 
450:100 cls: 7.36998 5.49541 ( 4.43819 : 7.50729 )  ( 4.22555 : 11.0153 ) 
500:100 cls: 6.47855 4.93816 ( 4.32357 : 6.7523 )  ( 4.0235 : 9.84967 ) 
600:50 cls: 4.92958 4.29491 ( 3.84779 : 5.59018 )  ( 3.31882 : 8.03121 ) 
300:150 cls: 11.1403 12.2302 ( 8.12885 : 17.5054 )  ( 7.1536 : 23.6251 ) 
600:550 cls: 11.8541 12.4027 ( 9.38275 : 18.7766 )  ( 6.53581 : 25.1549 ) 
800:250 cls: 5.61819 4.28388 ( 3.87347 : 5.96551 )  ( 3.69156 : 8.48461 ) 
750:50 cls: 4.36574 3.90385 ( 3.53224 : 5.00672 )  ( 2.65727 : 7.27966 ) 
700:250 cls: 6.45786 4.74446 ( 4.12629 : 6.7742 )  ( 3.46353 : 9.59316 ) 
650:450 cls: 10.142 9.33007 ( 7.19921 : 13.0171 )  ( 6.0096 : 18.6015 ) 
850:750 cls: 10.6717 11.7982 ( 8.3442 : 16.7564 )  ( 5.57867 : 22.3212 ) 
850:400 cls: 6.27663 4.76945 ( 3.94481 : 6.63389 )  ( 3.646 : 9.63901 ) 
800:750 cls: 15.9669 16.4361 ( 12.2314 : 25.2095 )  ( 11.4105 : 38.1574 ) 
750:550 cls: 10.381 9.56336 ( 7.16038 : 13.6516 )  ( 5.60547 : 18.6677 ) 
550:100 cls: 6.2581 4.96857 ( 4.35831 : 6.6144 )  ( 3.72886 : 9.4624 ) 
400:0 cls: 7.17774 5.05937 ( 4.18137 : 7.08709 )  ( 3.55529 : 10.1582 ) 
450:150 cls: 9.1377 6.08693 ( 4.84413 : 8.87527 )  ( 3.9808 : 13.0517 ) 
600:100 cls: 5.81824 4.81933 ( 4.50293 : 6.26566 )  ( 5.38163 : 8.70998 ) 
500:150 cls: 7.70673 5.60009 ( 4.61677 : 7.82133 )  ( 4.35159 : 10.8147 ) 
650:0 cls: 4.27422 3.84539 ( 3.62759 : 5.07118 )  ( 3.89758 : 7.55006 ) 
800:300 cls: 6.06748 4.58204 ( 4.09646 : 6.19885 )  ( 4.0593 : 9.15482 ) 
750:100 cls: 4.82188 4.08457 ( 3.77217 : 5.36069 )  ( 4.46404 : 7.77338 ) 
850:800 cls: 13.7013 14.6342 ( 10.1866 : 22.7233 )  ( 8.02489 : 32.1888 ) 
300:200 cls: 10.3348 13.9614 ( 9.38295 : 19.8392 )  ( 4.96505 : 27.0422 ) 
900:400 cls: 6.12862 4.68915 ( 4.22942 : 6.42215 )  ( 3.79881 : 9.28089 ) 
700:300 cls: 6.78456 5.0005 ( 4.09819 : 6.88726 )  ( 3.89758 : 9.83471 ) 
650:500 cls: 10.4607 11.223 ( 8.13228 : 16.4986 )  ( 7.02893 : 22.7556 ) 
850:450 cls: 7.22645 5.07483 ( 4.1619 : 7.25725 )  ( 4.73259 : 10.0693 ) 
850:0 cls: 4.24133 3.915 ( 3.75119 : 4.73858 )  ( 3.1174 : 6.84077 ) 
400:50 cls: 7.15761 5.51386 ( 4.71133 : 7.55864 )  ( 4.74834 : 10.8489 ) 
550:150 cls: 6.88839 5.24919 ( 4.26035 : 7.10735 )  ( 4.1296 : 10.1856 ) 
750:600 cls: 10.223 11.3483 ( 8.73843 : 17.6792 )  ( 6.25568 : 23.0129 ) 
600:150 cls: 6.15846 4.68188 ( 4.20809 : 6.49036 )  ( 4.40353 : 9.54821 ) 
450:200 cls: 10.932 8.00525 ( 6.11871 : 11.0392 )  ( 5.13293 : 15.415 ) 
950:0 cls: 4.03041 3.714 ( 3.53711 : 4.40639 )  ( 0 : 6.45932 ) 
500:200 cls: 9.29617 6.49912 ( 5.05418 : 9.00343 )  ( 4.02586 : 13.1062 ) 
750:150 cls: 4.95751 4.09893 ( 3.58552 : 5.43116 )  ( 3.35961 : 8.02539 ) 
650:50 cls: 4.83626 4.22905 ( 3.79081 : 5.47187 )  ( 5.26446 : 7.72811 ) 
900:450 cls: 6.34395 4.75746 ( 4.12684 : 6.51316 )  ( 3.69251 : 9.27275 ) 
800:350 cls: 6.6009 4.8951 ( 4.32324 : 6.81864 )  ( 4.02957 : 10.0113 ) 
900:0 cls: 4.08551 3.97122 ( 3.80295 : 4.51756 )  ( 3.31064 : 6.44804 ) 
300:250 cls: 10.5206 12.9116 ( 8.26576 : 17.9885 )  ( 6.39323 : 24.322 ) 
700:350 cls: 7.85463 5.6658 ( 4.63024 : 7.62549 )  ( 4.44182 : 10.9289 ) 
850:50 cls: 4.42067 4.07284 ( 3.46411 : 4.93415 )  ( 3.1685 : 7.04148 ) 
850:500 cls: 7.66113 5.62707 ( 4.54726 : 7.66357 )  ( 3.99087 : 11.1546 ) 
650:550 cls: 11.0125 12.2892 ( 8.34567 : 17.6573 )  ( 6.90821 : 24.1237 ) 
950:500 cls: 6.42695 4.90154 ( 4.17679 : 6.61939 )  ( 3.7345 : 9.57804 ) 
550:200 cls: 7.7918 5.70629 ( 4.3259 : 7.75719 )  ( 4.06326 : 11.2388 ) 
600:200 cls: 6.87861 5.02399 ( 4.19431 : 7.00988 )  ( 2.73535 : 10.0942 ) 
400:100 cls: 7.80312 6.01545 ( 4.87743 : 8.2198 )  ( 5.00767 : 11.7484 ) 
950:50 cls: 4.21221 4.01516 ( 3.71529 : 4.52661 )  ( 2.6931 : 6.70346 ) 
1000:50 cls: 4.07052 3.82253 ( 3.51371 : 4.55941 )  ( 3.29334 : 6.59995 ) 
750:200 cls: 5.34022 4.28269 ( 3.52815 : 5.69807 )  ( 3.46248 : 8.35825 ) 
900:500 cls: 6.58243 5.129 ( 4.32067 : 6.70898 )  ( 3.60998 : 10.1301 ) 
650:100 cls: 5.34237 4.56398 ( 3.80337 : 6.04715 )  ( 3.22939 : 8.54142 ) 
500:250 cls: 10.1057 7.19292 ( 5.60781 : 10.9746 )  ( 3.48327 : 14.9529 ) 
750:650 cls: 10.9199 12.8048 ( 8.34504 : 19.4358 )  ( 6.82199 : 25.2319 ) 
800:400 cls: 7.05361 5.19875 ( 4.39129 : 6.93173 )  ( 3.58582 : 10.2432 ) 
900:50 cls: 4.19909 3.90142 ( 3.50886 : 4.72833 )  ( 3.1211 : 6.86131 ) 
700:400 cls: 9.49267 6.51539 ( 4.80649 : 8.73934 )  ( 4.08506 : 12.8938 ) 
850:100 cls: 4.67166 4.1991 ( 3.95473 : 5.14146 )  ( 3.82259 : 7.55589 ) 
950:550 cls: 6.94122 4.97828 ( 4.36743 : 7.00706 )  ( 3.7345 : 10.2804 ) 
850:550 cls: 9.59884 6.61564 ( 5.08782 : 8.95309 )  ( 4.61437 : 13.2346 ) 
1000:550 cls: 6.64598 5.00307 ( 4.52431 : 6.74566 )  ( 3.92682 : 9.54046 ) 
650:600 cls: 13.1437 14.3977 ( 9.76531 : 20.0658 )  ( 7.90977 : 30.0158 ) 
550:250 cls: 9.85035 6.59384 ( 5.33728 : 9.35297 )  ( 4.9123 : 13.0815 ) 
750:250 cls: 5.85079 4.78253 ( 4.08134 : 6.22902 )  ( 3.8721 : 9.14345 ) 
900:550 cls: 7.83977 5.58978 ( 4.39661 : 7.82546 )  ( 3.95341 : 11.1749 ) 
950:100 cls: 4.32854 3.96959 ( 3.84534 : 4.87223 )  ( 3.13399 : 6.95673 ) 
1000:100 cls: 4.25913 3.81697 ( 3.75662 : 4.61755 )  ( 3.53676 : 6.82701 ) 
800:450 cls: 7.62638 5.52887 ( 4.30962 : 7.67333 )  ( 3.61818 : 11.1846 ) 
900:100 cls: 4.39849 3.96887 ( 3.55997 : 4.89581 )  ( 3.56154 : 7.05158 ) 
750:700 cls: 24.3928 24.9993 ( 17.1544 : 45.2842 )  ( 12.7582 : 104.993 ) 
850:200 cls: 4.95413 4.27438 ( 3.77853 : 5.47325 )  ( 2.92147 : 7.79607 ) 
1000:600 cls: 7.30309 5.10478 ( 4.45475 : 7.33685 )  ( 2.82466 : 10.108 ) 
950:600 cls: 7.64577 5.40238 ( 4.33944 : 7.56519 )  ( 3.20187 : 10.9593 ) 
700:450 cls: 10.4776 7.39809 ( 5.30106 : 10.7349 )  ( 5.07877 : 15.2638 ) 
850:600 cls: 7.62882 7.58275 ( 5.49695 : 10.7449 )  ( 4.66376 : 15.1983 ) 
900:600 cls: 8.60239 6.5696 ( 5.08847 : 9.01044 )  ( 5.15407 : 12.4248 ) 
950:150 cls: 4.40993 4.02534 ( 3.7623 : 4.9271 )  ( 3.47125 : 7.33844 ) 
1000:150 cls: 4.5318 4.09077 ( 3.68327 : 4.93396 )  ( 3.48792 : 7.16957 ) 
900:150 cls: 4.74444 4.13966 ( 3.64226 : 5.18362 )  ( 3.28042 : 7.11599 ) 
800:500 cls: 9.25076 6.48474 ( 5.09682 : 8.66159 )  ( 4.98172 : 12.4403 ) 
800:0 cls: 4.08302 3.74483 ( 3.67281 : 4.7068 )  ( 3.93934 : 6.69744 ) 
1000:650 cls: 7.64544 5.45313 ( 4.25853 : 7.70427 )  ( 3.41716 : 11.5334 ) 
950:650 cls: 8.6249 6.66629 ( 4.76695 : 9.08111 )  ( 4.02502 : 12.4955 ) 
850:650 cls: 10.6947 9.31357 ( 6.49889 : 13.6567 )  ( 4.92781 : 19.0606 ) 
900:650 cls: 9.77665 7.98709 ( 6.47206 : 11.4414 )  ( 5.30603 : 16.1541 ) 
950:200 cls: 4.75662 4.32979 ( 3.79954 : 4.88548 )  ( 3.52013 : 7.15634 ) 
1000:200 cls: 4.51797 4.12938 ( 3.72029 : 4.85494 )  ( 3.26014 : 7.26826 ) 
900:200 cls: 4.86093 4.21216 ( 3.79687 : 5.37865 )  ( 3.41516 : 7.6715 ) 
1000:700 cls: 8.4693 6.50327 ( 5.21979 : 9.02225 )  ( 4.72593 : 12.7493 ) 
950:700 cls: 9.41058 7.70111 ( 5.74127 : 10.7196 )  ( 4.67282 : 15.5337 ) 
900:700 cls: 10.7371 9.51933 ( 6.75733 : 13.6251 )  ( 6.33196 : 19.657 ) 
950:250 cls: 4.98569 4.08865 ( 3.65104 : 5.39854 )  ( 2.89915 : 7.72133 ) 
850:700 cls: 11.2884 12.6281 ( 8.84573 : 18.4937 )  ( 6.37555 : 24.6913 ) 
1000:250 cls: 4.72799 4.01559 ( 3.46434 : 5.28476 )  ( 3.18616 : 7.50442 ) 
900:250 cls: 5.30613 4.27764 ( 3.63055 : 5.68001 )  ( 3.10285 : 7.9915 ) 
1000:750 cls: 8.51843 7.23167 ( 5.49654 : 10.6305 )  ( 5.22982 : 14.454 ) 
950:750 cls: 11.0724 10.3428 ( 7.44715 : 15.1167 )  ( 5.79008 : 21.1014 ) 
950:300 cls: 5.16551 4.25825 ( 3.6245 : 5.60701 )  ( 3.18286 : 8.40343 ) 
900:750 cls: 10.876 12.0239 ( 8.53285 : 18.3445 )  ( 6.14635 : 24.4261 ) 
1000:300 cls: 4.96608 4.11375 ( 3.66144 : 5.07604 )  ( 3.12213 : 7.56482 ) 
900:300 cls: 5.50729 4.2647 ( 3.67682 : 5.92321 )  ( 3.23291 : 8.81966 ) 
1000:800 cls: 11.0373 9.97588 ( 7.13038 : 14.5713 )  ( 5.64565 : 20.4278 ) 
900:800 cls: 10.7907 11.7102 ( 8.45124 : 16.7911 )  ( 6.52863 : 23.2097 ) 
950:800 cls: 12.0651 14.2241 ( 10.0861 : 20.266 )  ( 6.26811 : 29.4384 ) 
950:350 cls: 5.49511 4.32254 ( 3.66166 : 5.85037 )  ( 3.1166 : 8.13485 ) 
1000:350 cls: 5.08132 4.13832 ( 3.51312 : 5.56129 )  ( 3.08261 : 8.09703 ) 
900:350 cls: 5.60882 4.44731 ( 3.73642 : 5.97984 )  ( 0 : 8.46674 ) 
950:850 cls: 8.92283 11.856 ( 8.25676 : 17.1258 )  ( 7.76389 : 22.8955 ) 
900:850 cls: 63.8194 73.0724 ( 37.194 : 216.832 )  ( 18.912 : 0 ) 
950:400 cls: 6.00868 4.43236 ( 4.2241 : 6.14466 )  ( 3.93934 : 8.70757 ) 
950:900 cls: 72.3459 72.407 ( 42.6317 : 128.11 )  ( 32.0876 : 0 ) 
1000:400 cls: 5.28199 4.2869 ( 3.66251 : 5.61124 )  ( 3.25361 : 8.08863 ) 
1000:0 cls: 4.03322 3.79377 ( 3.32209 : 4.3217 )  ( 3.059 : 6.50367 ) 
950:450 cls: 6.06183 4.53611 ( 3.9979 : 6.32793 )  ( 3.45116 : 9.29027 ) 
1000:450 cls: 5.51977 4.43695 ( 3.90474 : 5.96116 )  ( 3.05305 : 8.86953 ) 
1000:500 cls: 6.02242 4.53476 ( 3.95902 : 6.32149 )  ( 3.5038 : 9.21521 ) 
