700:0 cls: 6.09173 4.63463 ( 3.85083 : 6.33511 )  ( 1.7555 : 9.33577 ) 
650:150 cls: 7.10628 5.41816 ( 4.12039 : 7.56612 )  ( 3.53703 : 10.7195 ) 
350:0 cls: 7.85399 7.26712 ( 5.63832 : 10.1652 )  ( 3.66927 : 14.0348 ) 
750:300 cls: 7.71376 5.15389 ( 4.09335 : 7.42364 )  ( 3.90456 : 11.1257 ) 
250:50 cls: 9.85 11.5557 ( 8.01623 : 16.136 )  ( 7.19561 : 23.122 ) 
600:250 cls: 8.91079 6.34365 ( 4.87115 : 9.45938 )  ( 4.09456 : 13.3625 ) 
450:250 cls: 9.49918 9.87583 ( 6.78968 : 14.1378 )  ( 6.37881 : 20.2202 ) 
850:250 cls: 6.03357 4.62768 ( 3.86639 : 6.50376 )  ( 3.98469 : 9.19542 ) 
400:150 cls: 8.58881 7.53864 ( 5.97669 : 10.7378 )  ( 4.56996 : 16.0596 ) 
550:300 cls: 8.6509 7.68173 ( 6.00602 : 10.4504 )  ( 4.5041 : 15.6271 ) 
800:50 cls: 5.5202 4.4728 ( 3.61998 : 5.98168 )  ( 3.46004 : 8.60617 ) 
700:500 cls: 9.0498 9.0322 ( 7.44825 : 13.2595 )  ( 6.70655 : 19.0265 ) 
900:400 cls: 6.73413 5.02625 ( 3.95916 : 7.15874 )  ( 3.31949 : 10.1699 ) 
800:550 cls: 8.16708 7.35615 ( 5.54917 : 10.6437 )  ( 5.01464 : 15.1004 ) 
950:0 cls: 5.17046 4.2572 ( 3.73256 : 5.53209 )  ( 3.67222 : 8.20174 ) 
1000:550 cls: 7.84115 5.33541 ( 4.20192 : 7.62198 )  ( 3.98469 : 10.8778 ) 
500:300 cls: 9.83878 10.1676 ( 7.89398 : 14.1582 )  ( 6.23813 : 19.1952 ) 
850:750 cls: 11.0197 12.1139 ( 9.33009 : 17.8391 )  ( 6.55824 : 23.841 ) 
1000:50 cls: 5.13986 4.00161 ( 3.50904 : 5.54446 )  ( 3.44188 : 8.17759 ) 
950:500 cls: 7.42669 5.50898 ( 4.23777 : 7.252 )  ( 4.41342 : 10.6083 ) 
100:0 cls: 22.0697 20.3159 ( 14.3014 : 29.6862 )  ( 9.85344 : 40.3573 ) 
750:350 cls: 7.77212 5.85405 ( 4.36492 : 8.24109 )  ( 4.34044 : 11.9458 ) 
350:50 cls: 8.23549 7.58939 ( 6.23545 : 10.5668 )  ( 6.75739 : 15.2148 ) 
850:300 cls: 6.4555 4.7624 ( 4.11996 : 6.6053 )  ( 4.07002 : 9.32337 ) 
600:300 cls: 8.31677 6.93779 ( 5.1467 : 9.653 )  ( 4.87694 : 13.7828 ) 
700:50 cls: 6.53757 4.76099 ( 4.10212 : 6.47747 )  ( 3.20237 : 9.65407 ) 
800:100 cls: 5.85573 4.60641 ( 3.34922 : 6.30825 )  ( 4.57599 : 9.21253 ) 
900:450 cls: 7.69705 5.37603 ( 4.44877 : 7.35631 )  ( 4.8534 : 10.7121 ) 
550:350 cls: 9.13868 9.00959 ( 7.55442 : 12.7145 )  ( 6.15704 : 17.919 ) 
850:800 cls: 27.6266 28.8509 ( 19.9257 : 57.2579 )  ( 13.9193 : 123.324 ) 
250:100 cls: 11.2815 13.4738 ( 10.0194 : 18.8095 )  ( 9.75116 : 26.2266 ) 
950:50 cls: 5.37991 4.3426 ( 3.87605 : 5.74511 )  ( 3.90915 : 8.41296 ) 
800:600 cls: 9.65739 9.53204 ( 6.673 : 12.4477 )  ( 4.98917 : 18.9932 ) 
1000:600 cls: 7.3922 5.4929 ( 4.23575 : 8.16702 )  ( 2.75504 : 11.6233 ) 
450:300 cls: 10.6927 12.819 ( 9.95763 : 17.9806 )  ( 7.16697 : 25.4899 ) 
700:550 cls: 10.8976 12.5785 ( 8.79631 : 18.9843 )  ( 6.84467 : 24.613 ) 
1000:100 cls: 4.91655 4.01572 ( 3.60402 : 5.46363 )  ( 3.38821 : 8.03484 ) 
950:550 cls: 7.84053 5.78296 ( 4.45148 : 7.83288 )  ( 3.79343 : 11.2601 ) 
400:200 cls: 8.96069 9.21498 ( 7.35508 : 12.734 )  ( 7.19283 : 17.8354 ) 
500:350 cls: 11.033 12.6803 ( 9.23762 : 19.069 )  ( 6.91973 : 26.4359 ) 
100:50 cls: 26.2002 24.3454 ( 18.0891 : 35.1789 )  ( 14.13 : 50.6475 ) 
750:400 cls: 7.95632 6.53976 ( 5.13862 : 8.39611 )  ( 3.93866 : 12.6313 ) 
700:100 cls: 6.53059 4.85667 ( 4.08161 : 6.89992 )  ( 3.46236 : 9.89937 ) 
800:150 cls: 5.81282 4.54779 ( 3.60311 : 6.38877 )  ( 2.75504 : 9.07447 ) 
850:350 cls: 6.89433 4.88913 ( 4.10603 : 6.77369 )  ( 3.8292 : 10.1278 ) 
350:100 cls: 8.89021 7.99738 ( 6.24281 : 11.3527 )  ( 5.13672 : 16.5365 ) 
900:500 cls: 7.7086 5.71309 ( 4.86762 : 7.59438 )  ( 4.56996 : 11.6082 ) 
600:350 cls: 8.36066 7.64172 ( 5.62719 : 10.6673 )  ( 7.47017 : 14.8999 ) 
900:0 cls: 5.22179 4.33999 ( 3.78838 : 5.64438 )  ( 3.22396 : 8.49529 ) 
950:100 cls: 5.29367 4.28365 ( 3.47314 : 5.72186 )  ( 2.84882 : 8.0946 ) 
1000:650 cls: 7.79076 6.04656 ( 4.7434 : 8.67406 )  ( 4.63766 : 12.5819 ) 
1000:150 cls: 5.04214 4.07451 ( 3.50783 : 5.56876 )  ( 1.7555 : 8.16262 ) 
950:600 cls: 8.26906 6.01059 ( 4.94592 : 9.16802 )  ( 5.35768 : 12.7092 ) 
550:400 cls: 10.8494 12.9013 ( 9.20425 : 18.8919 )  ( 5.4752 : 25.6693 ) 
250:150 cls: 10.1125 13.3742 ( 9.35321 : 18.8414 )  ( 7.20911 : 25.6331 ) 
450:350 cls: 10.7473 12.0794 ( 8.5723 : 17.3266 )  ( 6.67069 : 22.8315 ) 
800:650 cls: 11.5358 12.5518 ( 8.6344 : 17.6557 )  ( 7.56631 : 25.1284 ) 
700:600 cls: 9.83799 12.5763 ( 8.70431 : 17.2413 )  ( 5.23992 : 21.9781 ) 
400:250 cls: 10.0786 12.459 ( 9.63029 : 18.218 )  ( 5.96128 : 25.3079 ) 
500:400 cls: 9.75458 12.5214 ( 8.69881 : 18.8842 )  ( 5.57862 : 23.8685 ) 
800:200 cls: 6.50997 4.69668 ( 4.01081 : 6.68204 )  ( 3.22746 : 9.83625 ) 
700:150 cls: 6.5308 4.97695 ( 3.88344 : 7.09644 )  ( 3.5212 : 10.2333 ) 
850:400 cls: 7.23518 5.19923 ( 4.06632 : 7.23202 )  ( 4.06658 : 10.1713 ) 
750:450 cls: 8.7582 7.19497 ( 5.82723 : 10.3699 )  ( 7.28546 : 13.7969 ) 
900:550 cls: 7.3969 5.84162 ( 4.64796 : 8.57514 )  ( 3.8292 : 12.1587 ) 
350:150 cls: 8.88444 9.52597 ( 7.19755 : 13.2103 )  ( 6.36172 : 18.3858 ) 
900:50 cls: 5.40136 4.18337 ( 3.4918 : 5.86039 )  ( 2.75504 : 8.25575 ) 
950:150 cls: 5.22063 4.29409 ( 3.71006 : 5.74881 )  ( 0 : 8.35775 ) 
600:400 cls: 9.64509 9.51918 ( 7.04168 : 12.9191 )  ( 4.71661 : 19.14 ) 
1000:200 cls: 5.09539 4.21034 ( 3.63965 : 5.62085 )  ( 2.73996 : 8.58935 ) 
150:0 cls: 12.3874 16.5581 ( 11.7383 : 23.5471 )  ( 7.62336 : 31.9728 ) 
1000:700 cls: 7.96088 6.5535 ( 4.81583 : 9.25818 )  ( 4.22769 : 12.8383 ) 
950:650 cls: 7.85324 6.55696 ( 4.9344 : 9.57549 )  ( 4.09456 : 12.9723 ) 
550:450 cls: 10.4427 12.5923 ( 8.49629 : 17.8118 )  ( 6.38529 : 23.3653 ) 
250:200 cls: 10.7433 12.7496 ( 9.19388 : 18.8872 )  ( 7.59277 : 25.6225 ) 
800:700 cls: 10.714 11.7938 ( 8.37087 : 18.313 )  ( 5.08273 : 23.1155 ) 
450:400 cls: 12.1887 13.584 ( 10.0982 : 20.4572 )  ( 7.45172 : 28.5057 ) 
400:300 cls: 9.88077 12.4322 ( 8.61128 : 18.4421 )  ( 5.97646 : 24.1326 ) 
700:650 cls: 13.5138 14.1734 ( 9.36164 : 21.1245 )  ( 8.97217 : 30.4191 ) 
800:250 cls: 6.63646 4.81388 ( 3.82357 : 6.62707 )  ( 3.61912 : 9.67994 ) 
850:450 cls: 7.36237 5.67869 ( 4.45237 : 7.74102 )  ( 4.70098 : 11.6709 ) 
700:200 cls: 7.21684 5.15198 ( 4.17072 : 7.03675 )  ( 4.34044 : 10.644 ) 
750:500 cls: 8.88352 7.8119 ( 6.03307 : 10.9754 )  ( 5.2933 : 15.4796 ) 
500:450 cls: 13.4956 13.9971 ( 10.5516 : 20.6888 )  ( 6.64563 : 28.3257 ) 
950:200 cls: 5.45213 4.25695 ( 3.58486 : 5.96773 )  ( 2.49438 : 8.86163 ) 
900:100 cls: 5.41795 4.2378 ( 3.56184 : 5.80771 )  ( 3.44188 : 8.35259 ) 
900:600 cls: 8.45982 6.5314 ( 5.10138 : 9.88169 )  ( 6.07284 : 13.4139 ) 
1000:250 cls: 5.33157 4.18188 ( 3.68862 : 5.78682 )  ( 2.75504 : 8.24821 ) 
350:200 cls: 10.9411 11.9727 ( 8.67412 : 17.6122 )  ( 6.39559 : 24.1102 ) 
600:450 cls: 11.0349 11.6301 ( 8.6569 : 17.2971 )  ( 5.632 : 23.6644 ) 
1000:750 cls: 8.30203 7.42982 ( 5.99158 : 10.9297 )  ( 4.49852 : 15.9789 ) 
950:700 cls: 8.61951 7.7967 ( 5.66301 : 10.9988 )  ( 5.78838 : 15.8558 ) 
800:750 cls: 14.4711 14.7527 ( 10.6118 : 21.2629 )  ( 8.91322 : 29.433 ) 
300:0 cls: 8.16687 7.83568 ( 5.79284 : 10.7727 )  ( 4.41419 : 15.6999 ) 
500:0 cls: 7.31832 5.61952 ( 4.73823 : 7.74322 )  ( 4.37701 : 11.8306 ) 
550:500 cls: 14.7159 13.859 ( 10.4572 : 19.6073 )  ( 8.95816 : 27.6637 ) 
150:50 cls: 10.2455 13.7118 ( 9.4096 : 20.491 )  ( 7.99901 : 27.0665 ) 
750:0 cls: 5.65083 4.30524 ( 3.64021 : 6.1058 )  ( 0 : 8.60694 ) 
400:350 cls: 11.2796 13.5123 ( 9.29792 : 19.7274 )  ( 7.9814 : 25.5945 ) 
800:300 cls: 6.74505 5.21193 ( 4.49829 : 7.10809 )  ( 3.41725 : 10.2688 ) 
850:500 cls: 7.69207 6.12656 ( 4.89834 : 8.78302 )  ( 3.48526 : 11.9043 ) 
700:250 cls: 7.23598 5.65206 ( 4.12057 : 7.90088 )  ( 0 : 11.103 ) 
900:150 cls: 5.38048 4.32909 ( 3.76957 : 5.84768 )  ( 4.25673 : 8.38736 ) 
950:250 cls: 5.65073 4.56936 ( 3.73705 : 6.00101 )  ( 0 : 8.61781 ) 
750:550 cls: 9.50465 9.40634 ( 7.2096 : 12.8364 )  ( 6.53554 : 19.3214 ) 
550:0 cls: 7.15193 5.33754 ( 4.15719 : 7.49134 )  ( 4.09199 : 11.1904 ) 
1000:300 cls: 5.40862 4.38025 ( 3.69298 : 5.91307 )  ( 4.29329 : 8.61293 ) 
900:650 cls: 8.51056 7.64429 ( 6.23144 : 10.8616 )  ( 6.35857 : 15.4538 ) 
350:250 cls: 9.84421 13.2252 ( 9.05141 : 19.4163 )  ( 7.05376 : 25.203 ) 
600:500 cls: 10.3814 12.2456 ( 8.78701 : 18.2128 )  ( 5.2475 : 23.5574 ) 
850:0 cls: 5.432 4.31395 ( 3.98002 : 5.79091 )  ( 3.67946 : 8.69073 ) 
500:50 cls: 7.72029 5.8699 ( 4.5896 : 8.56218 )  ( 3.97443 : 11.8823 ) 
1000:800 cls: 9.95346 9.67885 ( 7.53776 : 13.5533 )  ( 4.87334 : 18.4447 ) 
300:50 cls: 9.07434 8.81281 ( 6.89962 : 11.7485 )  ( 4.68166 : 17.5696 ) 
950:750 cls: 10.285 9.88509 ( 6.97742 : 13.9615 )  ( 7.4511 : 20.0075 ) 
600:0 cls: 6.91647 5.18609 ( 4.26685 : 7.08902 )  ( 3.53703 : 10.1045 ) 
750:50 cls: 5.81708 4.63599 ( 3.40226 : 6.15045 )  ( 4.57599 : 9.01597 ) 
800:350 cls: 7.11705 5.36411 ( 4.30685 : 7.55417 )  ( 3.79343 : 11.18 ) 
700:300 cls: 7.72862 5.84869 ( 4.22589 : 8.37179 )  ( 3.99521 : 11.9897 ) 
450:0 cls: 8.3048 6.40287 ( 4.9822 : 8.84329 )  ( 0 : 12.1767 ) 
850:550 cls: 8.50763 6.76542 ( 5.11271 : 9.99774 )  ( 4.89021 : 13.1783 ) 
900:200 cls: 5.53971 4.37816 ( 3.89121 : 6.14883 )  ( 0 : 8.61745 ) 
150:100 cls: 16.6997 17.8522 ( 13.5767 : 27.296 )  ( 8.18854 : 36.959 ) 
950:300 cls: 5.40895 4.55193 ( 3.73361 : 5.93368 )  ( 3.61912 : 8.67548 ) 
1000:350 cls: 5.72724 4.47758 ( 3.56156 : 6.07577 )  ( 3.67909 : 8.98165 ) 
550:50 cls: 7.31751 5.31966 ( 4.20882 : 7.56994 )  ( 4.14813 : 10.7205 ) 
750:600 cls: 11.5139 12.4229 ( 8.74781 : 18.8572 )  ( 5.39501 : 25.4713 ) 
900:700 cls: 10.1686 9.88778 ( 7.88017 : 14.2792 )  ( 5.98236 : 19.6777 ) 
850:50 cls: 5.5757 4.25991 ( 3.70902 : 5.97527 )  ( 2.98363 : 8.33945 ) 
500:100 cls: 8.45204 6.6412 ( 4.96447 : 9.17142 )  ( 6.26085 : 12.4035 ) 
350:300 cls: 12.2976 14.8357 ( 10.3952 : 21.4637 )  ( 7.37166 : 28.4646 ) 
600:50 cls: 7.06515 4.94516 ( 4.13685 : 7.04498 )  ( 6.26085 : 10.6752 ) 
750:100 cls: 6.03353 4.76206 ( 3.96408 : 6.24625 )  ( 2.84882 : 9.6557 ) 
600:550 cls: 12.5159 14.0499 ( 10.7556 : 20.9587 )  ( 7.01656 : 26.5204 ) 
300:100 cls: 9.10309 10.6294 ( 7.41164 : 15.4601 )  ( 4.45188 : 21.38 ) 
950:800 cls: 11.6908 13.0205 ( 8.62977 : 18.3286 )  ( 7.88691 : 26.818 ) 
1000:850 cls: 13.3758 14.9309 ( 10.9312 : 23.4926 )  ( 10.0203 : 35.1091 ) 
800:400 cls: 7.49954 5.86492 ( 4.50535 : 8.10361 )  ( 4.5885 : 11.619 ) 
700:350 cls: 8.36088 6.48715 ( 4.83809 : 9.22143 )  ( 4.34377 : 12.7762 ) 
450:50 cls: 8.38308 6.30377 ( 4.68167 : 9.0821 )  ( 3.31949 : 12.1701 ) 
850:600 cls: 8.67191 7.42938 ( 5.84852 : 10.5764 )  ( 5.08046 : 14.6884 ) 
900:250 cls: 5.75409 4.49356 ( 3.6687 : 6.06117 )  ( 2.84882 : 8.80735 ) 
950:350 cls: 5.83599 4.53321 ( 3.60577 : 6.29696 )  ( 3.22396 : 9.03996 ) 
1000:400 cls: 6.00275 4.51715 ( 3.87391 : 6.39831 )  ( 4.32356 : 9.52348 ) 
550:100 cls: 7.45249 6.02103 ( 4.18129 : 8.27905 )  ( 3.82477 : 11.6788 ) 
200:0 cls: 11.3584 13.1937 ( 10.0102 : 18.8678 )  ( 7.57656 : 26.8338 ) 
750:650 cls: 10.7915 12.2407 ( 8.70686 : 17.495 )  ( 5.94393 : 23.485 ) 
850:100 cls: 5.60761 4.51337 ( 3.5899 : 6.06426 )  ( 3.70457 : 8.85226 ) 
500:150 cls: 8.35519 6.49013 ( 4.98472 : 9.52032 )  ( 4.33622 : 12.8173 ) 
600:100 cls: 7.08099 5.22113 ( 4.0201 : 7.41681 )  ( 2.29457 : 10.859 ) 
950:850 cls: 9.86204 12.8317 ( 8.59682 : 18.2993 )  ( 6.9605 : 25.3881 ) 
750:150 cls: 6.31547 4.69116 ( 3.64102 : 6.74973 )  ( 4.25673 : 9.81213 ) 
650:0 cls: 6.26882 4.82646 ( 3.62226 : 6.58686 )  ( 1.7555 : 9.44052 ) 
900:750 cls: 11.4505 13.0851 ( 9.16272 : 19.2531 )  ( 6.73334 : 29.1104 ) 
400:0 cls: 8.98828 6.62952 ( 4.91515 : 9.63368 )  ( 3.84091 : 13.6382 ) 
1000:900 cls: 11.3366 12.8582 ( 10.3627 : 18.579 )  ( 7.80165 : 25.3389 ) 
300:150 cls: 10.7782 11.8174 ( 8.2329 : 17.5373 )  ( 7.00013 : 23.894 ) 
800:450 cls: 7.99698 6.07598 ( 4.48233 : 9.01054 )  ( 4.04705 : 12.3533 ) 
900:300 cls: 6.24257 4.68226 ( 3.90913 : 6.29918 )  ( 3.70457 : 9.24828 ) 
700:400 cls: 7.95295 6.79971 ( 4.82852 : 9.93789 )  ( 4.29425 : 14.1542 ) 
950:400 cls: 6.48269 4.91869 ( 3.90707 : 6.7565 )  ( 4.32304 : 9.76568 ) 
450:100 cls: 8.91487 7.30693 ( 4.83048 : 9.97377 )  ( 4.39286 : 13.7458 ) 
1000:450 cls: 5.97433 4.66114 ( 3.76584 : 6.58186 )  ( 3.60056 : 9.95364 ) 
850:650 cls: 9.6552 9.39168 ( 7.12638 : 12.9186 )  ( 5.83924 : 18.7487 ) 
950:900 cls: 17.8782 18.0049 ( 13.207 : 25.5391 )  ( 12.5299 : 35.3339 ) 
550:150 cls: 7.62285 5.99084 ( 4.76371 : 8.41503 )  ( 3.69259 : 12.3332 ) 
850:150 cls: 5.51296 4.26233 ( 3.68405 : 5.99628 )  ( 4.14813 : 8.67157 ) 
500:200 cls: 7.83625 7.43416 ( 5.47836 : 10.0984 )  ( 5.18369 : 14.3404 ) 
600:150 cls: 7.4524 5.7955 ( 4.3994 : 7.87986 )  ( 3.72594 : 11.6972 ) 
750:200 cls: 6.42424 4.72795 ( 3.91943 : 6.92809 )  ( 4.14813 : 9.85208 ) 
900:800 cls: 9.31377 12.0068 ( 8.5721 : 18.469 )  ( 7.0041 : 22.8414 ) 
200:50 cls: 11.1776 12.5973 ( 8.75395 : 17.7756 )  ( 7.88333 : 23.9512 ) 
650:50 cls: 6.62615 4.83545 ( 4.06671 : 7.04784 )  ( 4.29441 : 10.0355 ) 
400:50 cls: 8.33345 6.7605 ( 4.73916 : 9.79969 )  ( 3.82477 : 14.2326 ) 
750:700 cls: 17.7432 20.6174 ( 16.2508 : 34.9132 )  ( 10.9343 : 62.8724 ) 
900:350 cls: 6.15639 4.87227 ( 3.91011 : 6.47902 )  ( 3.53703 : 9.45426 ) 
300:200 cls: 10.3759 12.872 ( 9.27568 : 18.5425 )  ( 7.39205 : 24.5721 ) 
800:500 cls: 8.63216 6.85226 ( 4.88264 : 9.92298 )  ( 3.81896 : 13.7794 ) 
1000:500 cls: 6.81026 4.85983 ( 3.81616 : 6.97183 )  ( 3.85306 : 10.0092 ) 
950:450 cls: 6.3106 4.73552 ( 3.96333 : 6.78888 )  ( 3.62216 : 9.85009 ) 
700:450 cls: 8.18188 7.35946 ( 5.71645 : 10.2118 )  ( 4.34873 : 14.6377 ) 
450:150 cls: 7.76776 7.26336 ( 5.86004 : 10.1756 )  ( 4.92988 : 13.9262 ) 
850:700 cls: 11.5475 12.9535 ( 8.72006 : 18.5506 )  ( 7.22027 : 25.2121 ) 
1000:0 cls: 5.01602 4.21451 ( 3.52134 : 5.49032 )  ( 2.84882 : 7.91866 ) 
850:200 cls: 5.8367 4.39976 ( 3.78388 : 6.22676 )  ( 3.31949 : 9.23521 ) 
900:850 cls: 43.0543 43.3218 ( 25.1765 : 94.4657 )  ( 13.3804 : 221.81 ) 
550:200 cls: 8.83324 6.62642 ( 5.15074 : 9.65069 )  ( 3.87391 : 13.1763 ) 
750:250 cls: 7.19007 4.99255 ( 3.99854 : 7.17979 )  ( 4.32671 : 10.4449 ) 
500:250 cls: 8.66917 7.78211 ( 5.76458 : 10.8338 )  ( 4.83545 : 15.5087 ) 
650:100 cls: 6.56621 4.93726 ( 4.12057 : 7.20298 )  ( 2.84882 : 10.2341 ) 
600:200 cls: 7.92526 5.90727 ( 4.32408 : 8.66751 )  ( 4.31176 : 12.0395 ) 
400:100 cls: 8.02708 7.24963 ( 5.62087 : 10.5876 )  ( 4.78287 : 14.5417 ) 
800:0 cls: 5.57718 4.41223 ( 3.5896 : 5.93694 )  ( 0 : 8.88964 ) 
200:100 cls: 11.016 13.7275 ( 8.98864 : 18.8362 )  ( 7.25431 : 26.0619 ) 
300:250 cls: 13.2481 13.2459 ( 9.60365 : 20.2053 )  ( 8.04186 : 26.5983 ) 
450:200 cls: 8.24951 7.28501 ( 5.8177 : 10.407 )  ( 4.03965 : 14.9125 ) 
550:250 cls: 8.36176 6.88696 ( 5.29578 : 10.3636 )  ( 4.91664 : 14.2575 ) 
200:150 cls: 14.4404 16.0997 ( 11.2203 : 23.1956 )  ( 6.69195 : 32.8891 ) 
250:0 cls: 8.89384 10.7173 ( 7.56086 : 15.8825 )  ( 6.10586 : 21.5617 ) 
650:250 cls: 7.67725 5.90969 ( 4.35592 : 8.13625 )  ( 3.5516 : 12.2697 ) 
650:300 cls: 8.40641 6.39453 ( 5.00103 : 9.00223 )  ( 4.02422 : 12.4278 ) 
650:350 cls: 8.12378 7.00099 ( 5.25477 : 9.84301 )  ( 4.71253 : 14.2279 ) 
650:400 cls: 8.10594 7.19205 ( 5.63724 : 10.2828 )  ( 5.76727 : 14.3507 ) 
650:450 cls: 9.61592 9.30689 ( 7.61717 : 12.4016 )  ( 5.30401 : 18.193 ) 
650:500 cls: 11.0841 12.8339 ( 8.71688 : 17.5429 )  ( 5.16863 : 24.5641 ) 
650:550 cls: 10.4307 12.9066 ( 9.32487 : 18.5875 )  ( 7.21113 : 24.7052 ) 
650:600 cls: 15.3169 17.4978 ( 11.642 : 26.0955 )  ( 7.0099 : 40.475 ) 
