550:300 cls: 12.2013 8.49745 ( 6.317 : 14.1767 )  ( 4.29623 : 25.5896 ) 
400:150 cls: 9.39322 9.03395 ( 6.59349 : 14.8705 )  ( 4.9118 : 27.2415 ) 
350:0 cls: 9.26453 9.02252 ( 6.78302 : 14.1502 )  ( 7.07549 : 27.0452 ) 
700:500 cls: 11.2078 7.99139 ( 5.95433 : 13.9797 )  ( 5.1456 : 25.2186 ) 
850:750 cls: 10.5414 7.8846 ( 5.94283 : 12.8384 )  ( 3.90761 : 23.3914 ) 
500:300 cls: 9.53576 9.65774 ( 6.29311 : 17.0308 )  ( 5.52112 : 33.5403 ) 
650:150 cls: 11.5309 6.87883 ( 5.19739 : 11.3185 )  ( 4.63918 : 20.8063 ) 
100:0 cls: 13.5093 17.1766 ( 12.6192 : 28.1061 )  ( 9.522 : 51.0828 ) 
250:50 cls: 10.1819 11.4824 ( 8.46947 : 18.8588 )  ( 8.28225 : 32.9933 ) 
700:0 cls: 11.2623 6.4756 ( 5.04103 : 10.2026 )  ( 3.87391 : 18.6717 ) 
800:550 cls: 8.80174 8.38662 ( 6.25929 : 13.3276 )  ( 4.89715 : 25.2215 ) 
750:300 cls: 12.4232 6.62587 ( 5.15547 : 10.6832 )  ( 4.98917 : 18.8971 ) 
850:250 cls: 9.98375 6.33051 ( 4.6334 : 9.56652 )  ( 3.78414 : 17.7825 ) 
600:250 cls: 11.7834 7.27044 ( 5.58515 : 12.5387 )  ( 5.27948 : 23.2492 ) 
800:50 cls: 9.69951 6.33299 ( 4.79392 : 10.0525 )  ( 4.67456 : 18.5087 ) 
950:0 cls: 8.81079 6.1949 ( 4.26226 : 9.15011 )  ( 3.20237 : 17.8783 ) 
1000:50 cls: 8.01303 5.77304 ( 4.74892 : 8.85 )  ( 4.32671 : 18.3221 ) 
450:250 cls: 10.1622 10.5106 ( 8.09794 : 17.917 )  ( 6.20482 : 32.9002 ) 
900:400 cls: 12.7645 6.91706 ( 4.93933 : 10.8541 )  ( 4.84564 : 19.4335 ) 
950:500 cls: 12.3256 6.93895 ( 5.42543 : 10.8056 )  ( 5.2945 : 20.103 ) 
1000:550 cls: 10.3817 6.95975 ( 5.6017 : 11.0417 )  ( 3.86671 : 21.8163 ) 
550:350 cls: 14.1443 8.51904 ( 5.56758 : 13.5604 )  ( 4.63351 : 23.7423 ) 
350:50 cls: 10.0732 9.49545 ( 7.13995 : 15.6156 )  ( 6.0721 : 30.5131 ) 
650:200 cls: 12.0835 6.85151 ( 4.99574 : 10.6184 )  ( 3.78414 : 19.1964 ) 
400:200 cls: 8.47076 8.52606 ( 6.47844 : 14.052 )  ( 5.39454 : 25.0052 ) 
700:550 cls: 11.2669 9.08179 ( 6.85382 : 15.6412 )  ( 5.53371 : 28.4823 ) 
850:800 cls: 12.5146 7.95808 ( 5.58744 : 12.8882 )  ( 3.87391 : 23.7129 ) 
800:600 cls: 9.92248 6.4671 ( 5.00769 : 11.3886 )  ( 4.14813 : 21.8253 ) 
750:350 cls: 12.7985 7.6492 ( 5.61574 : 12.1393 )  ( 5.56249 : 20.698 ) 
700:50 cls: 11.1313 6.61103 ( 5.24997 : 10.0871 )  ( 3.92724 : 17.9305 ) 
500:350 cls: 10.6663 12.0731 ( 8.43668 : 20.5026 )  ( 8.14317 : 37.2452 ) 
850:300 cls: 11.1896 6.40274 ( 4.93398 : 9.66032 )  ( 3.38289 : 17.998 ) 
100:50 cls: 44.9739 25.3001 ( 19.0417 : 38.8116 )  ( 15.1079 : 63.0325 ) 
600:300 cls: 12.1869 8.00171 ( 5.62445 : 12.8155 )  ( 4.35109 : 25.3772 ) 
250:100 cls: 12.1838 14.9066 ( 10.4044 : 24.04 )  ( 7.51505 : 43.17 ) 
900:450 cls: 12.0152 7.05171 ( 5.07364 : 10.8295 )  ( 4.64634 : 19.2528 ) 
950:50 cls: 9.31461 5.9412 ( 4.61326 : 9.81268 )  ( 3.61912 : 17.5287 ) 
800:100 cls: 9.68028 6.33206 ( 4.71237 : 10.114 )  ( 4.51224 : 19.3934 ) 
950:550 cls: 13.5705 7.10721 ( 5.0473 : 11.6148 )  ( 4.04705 : 21.63 ) 
1000:600 cls: 13.1891 7.07859 ( 5.27311 : 11.9029 )  ( 4.90919 : 20.8589 ) 
1000:100 cls: 8.22357 6.04011 ( 4.2979 : 9.01961 )  ( 4.49036 : 17.892 ) 
450:300 cls: 12.1343 10.6992 ( 7.04341 : 18.3785 )  ( 6.18703 : 32.8038 ) 
550:400 cls: 12.1309 7.97866 ( 6.0805 : 12.9512 )  ( 5.30173 : 23.7457 ) 
650:250 cls: 13.1757 7.58308 ( 5.26601 : 12.4074 )  ( 4.62385 : 22.7936 ) 
350:100 cls: 9.33492 9.11535 ( 6.93876 : 15.1094 )  ( 6.76943 : 27.5825 ) 
700:100 cls: 9.71438 6.31606 ( 4.82763 : 10.1493 )  ( 4.07272 : 18.6608 ) 
750:400 cls: 12.3959 7.75371 ( 5.29549 : 12.9825 )  ( 3.91609 : 22.7752 ) 
400:250 cls: 10.5583 10.4513 ( 6.86553 : 17.4929 )  ( 5.31613 : 30.7536 ) 
800:650 cls: 9.02695 8.74698 ( 6.74872 : 14.644 )  ( 4.94556 : 25.8234 ) 
700:600 cls: 9.17559 8.93099 ( 6.48798 : 15.0457 )  ( 6.79836 : 28.0385 ) 
900:0 cls: 8.35847 5.82316 ( 4.44077 : 8.97105 )  ( 3.76305 : 17.3192 ) 
850:350 cls: 9.61102 6.28595 ( 4.57574 : 9.99508 )  ( 5.62738 : 17.6233 ) 
500:400 cls: 10.8005 9.63378 ( 6.69375 : 15.3506 )  ( 6.35448 : 26.1123 ) 
900:500 cls: 12.2463 7.05163 ( 5.31886 : 11.1282 )  ( 5.1093 : 19.9343 ) 
150:0 cls: 14.3486 18.0665 ( 12.1438 : 29.3216 )  ( 8.13904 : 49.2513 ) 
250:150 cls: 10.0169 10.6363 ( 7.17391 : 17.2535 )  ( 6.36758 : 32.6552 ) 
950:600 cls: 15.0875 8.13488 ( 6.03218 : 13.2162 )  ( 5.67616 : 23.5111 ) 
600:350 cls: 9.34491 8.45597 ( 6.17289 : 13.788 )  ( 6.99905 : 26.3228 ) 
1000:650 cls: 12.6343 7.69051 ( 5.20821 : 12.565 )  ( 5.25168 : 23.1122 ) 
800:150 cls: 10.2131 6.07618 ( 4.60879 : 9.51797 )  ( 5.80892 : 17.2838 ) 
950:100 cls: 8.24679 5.78286 ( 4.64287 : 8.75089 )  ( 4.06658 : 16.9552 ) 
1000:150 cls: 8.28854 5.88343 ( 4.38824 : 9.11543 )  ( 3.41038 : 18.8304 ) 
450:350 cls: 9.59957 10.0271 ( 7.61018 : 17.0953 )  ( 5.71118 : 31.377 ) 
350:150 cls: 10.0061 9.69184 ( 7.11448 : 16.8469 )  ( 5.77715 : 29.9776 ) 
650:300 cls: 12.0315 8.11003 ( 6.35219 : 12.8543 )  ( 5.89427 : 23.8939 ) 
550:450 cls: 14.6361 14.7302 ( 10.3946 : 23.7563 )  ( 6.14814 : 40.3971 ) 
500:450 cls: 9.73212 9.44942 ( 6.55853 : 16.3568 )  ( 5.70367 : 33.316 ) 
750:450 cls: 11.4386 8.94358 ( 6.20977 : 14.3021 )  ( 5.42455 : 25.8583 ) 
700:150 cls: 10.0313 6.58916 ( 4.65396 : 10.1078 )  ( 4.41005 : 18.2537 ) 
850:400 cls: 10.9706 6.82862 ( 5.16524 : 10.0395 )  ( 3.5517 : 18.2576 ) 
400:300 cls: 12.6879 14.0282 ( 9.85723 : 22.2545 )  ( 7.35021 : 37.7813 ) 
900:550 cls: 11.6014 7.69117 ( 5.78137 : 12.5129 )  ( 5.42757 : 21.9536 ) 
900:50 cls: 8.36056 5.68393 ( 4.42865 : 9.10584 )  ( 1.7555 : 17.9546 ) 
950:650 cls: 10.8549 6.40378 ( 4.78653 : 10.3185 )  ( 3.60056 : 18.764 ) 
800:700 cls: 27.9504 15.1575 ( 9.95045 : 26.8486 )  ( 10.0843 : 50.4565 ) 
800:200 cls: 10.5959 6.93848 ( 5.24551 : 10.1037 )  ( 4.06658 : 18.9987 ) 
600:400 cls: 10.3954 7.01448 ( 5.3144 : 11.189 )  ( 4.33068 : 20.1045 ) 
250:200 cls: 9.7126 9.022 ( 6.75132 : 15.3348 )  ( 5.55203 : 28.3712 ) 
700:650 cls: 15.0263 15.6031 ( 11.3343 : 25.8614 )  ( 8.40886 : 46.4755 ) 
1000:700 cls: 10.8733 8.11804 ( 5.84639 : 12.8202 )  ( 4.25157 : 23.7034 ) 
950:150 cls: 8.80597 6.03703 ( 4.75057 : 9.28078 )  ( 2.49438 : 17.4777 ) 
1000:200 cls: 8.80769 5.7943 ( 4.30758 : 9.55594 )  ( 3.89972 : 17.9239 ) 
150:50 cls: 24.0091 20.3604 ( 14.0308 : 32.7454 )  ( 11.6875 : 53.441 ) 
450:400 cls: 13.2198 14.8595 ( 10.8994 : 24.6044 )  ( 8.70235 : 46.7804 ) 
550:0 cls: 12.9146 7.01127 ( 5.18053 : 11.3835 )  ( 4.41419 : 19.3478 ) 
650:350 cls: 11.2306 8.40322 ( 5.57257 : 13.8502 )  ( 4.8534 : 25.9785 ) 
350:200 cls: 10.5486 11.9906 ( 8.59246 : 18.7992 )  ( 6.37093 : 34.048 ) 
700:200 cls: 12.2352 6.91325 ( 5.42832 : 10.6423 )  ( 4.42743 : 18.318 ) 
800:750 cls: 7.73295 9.07476 ( 6.42444 : 15.8581 )  ( 5.01684 : 30.1065 ) 
750:500 cls: 9.62434 8.25216 ( 6.28668 : 14.3856 )  ( 5.57369 : 25.6161 ) 
400:350 cls: 12.0309 8.48213 ( 6.31446 : 14.5035 )  ( 5.12473 : 26.1182 ) 
850:450 cls: 12.1634 7.00525 ( 5.57972 : 11.3511 )  ( 3.52773 : 19.3856 ) 
550:500 cls: 20.2304 21.266 ( 16.5399 : 34.2019 )  ( 12.1139 : 64.5673 ) 
900:600 cls: 12.3957 8.00639 ( 5.74203 : 12.2902 )  ( 4.67456 : 20.9248 ) 
900:100 cls: 8.86022 6.11686 ( 5.1131 : 9.57398 )  ( 4.32304 : 18.3583 ) 
750:0 cls: 10.9485 6.73318 ( 4.78299 : 9.91169 )  ( 4.6696 : 18.2543 ) 
800:250 cls: 9.39776 6.00166 ( 4.82454 : 9.50407 )  ( 3.34166 : 16.853 ) 
950:700 cls: 8.82112 8.36277 ( 6.5292 : 13.7036 )  ( 8.32342 : 26.7996 ) 
300:0 cls: 10.7258 10.3252 ( 8.58651 : 17.5593 )  ( 5.48834 : 33.8534 ) 
1000:750 cls: 11.7494 7.51935 ( 5.36363 : 12.111 )  ( 4.31155 : 22.7823 ) 
950:200 cls: 9.17862 6.29792 ( 4.11042 : 9.36549 )  ( 3.14517 : 18.9541 ) 
1000:250 cls: 9.79353 6.56772 ( 4.85793 : 9.70523 )  ( 4.932 : 18.0958 ) 
600:450 cls: 11.1374 11.7558 ( 8.06118 : 21.4715 )  ( 5.76308 : 45.9849 ) 
150:100 cls: 22.0718 20.7834 ( 13.8089 : 33.1252 )  ( 11.7392 : 55.26 ) 
500:0 cls: 12.563 7.70689 ( 5.10585 : 12.0005 )  ( 6.03673 : 21.8899 ) 
550:50 cls: 10.777 6.86411 ( 5.16497 : 10.6571 )  ( 4.06658 : 18.7167 ) 
350:250 cls: 9.95388 9.57388 ( 6.75237 : 15.3388 )  ( 5.1129 : 30.9288 ) 
700:250 cls: 12.8998 7.48449 ( 5.29485 : 11.8545 )  ( 4.7359 : 20.3342 ) 
650:400 cls: 9.31045 8.71393 ( 6.54053 : 15.0685 )  ( 5.39978 : 30.8429 ) 
450:0 cls: 12.9751 8.18945 ( 6.44405 : 13.6437 )  ( 6.91933 : 25.1957 ) 
850:500 cls: 11.1332 7.72194 ( 5.4274 : 12.5469 )  ( 4.29139 : 21.6727 ) 
850:0 cls: 9.55212 6.24336 ( 4.49474 : 9.93132 )  ( 4.96938 : 19.0386 ) 
750:550 cls: 8.69972 9.33428 ( 6.53972 : 15.1751 )  ( 7.2701 : 30.0999 ) 
900:650 cls: 9.03479 8.61875 ( 6.67523 : 14.5204 )  ( 5.9699 : 26.9068 ) 
600:0 cls: 11.0222 6.64008 ( 5.14867 : 10.8398 )  ( 4.91631 : 18.7252 ) 
900:150 cls: 9.65026 6.03404 ( 4.32105 : 9.47185 )  ( 4.38957 : 17.5409 ) 
800:300 cls: 11.6047 7.00017 ( 5.45384 : 10.8168 )  ( 4.51224 : 18.7628 ) 
750:50 cls: 11.0089 6.3019 ( 4.55862 : 9.98744 )  ( 4.03965 : 18.62 ) 
1000:800 cls: 12.8035 7.26901 ( 5.4979 : 11.8104 )  ( 3.77694 : 20.2624 ) 
300:50 cls: 9.55577 10.0303 ( 6.90413 : 16.5813 )  ( 3.93678 : 28.4809 ) 
950:750 cls: 10.1525 8.79251 ( 5.20269 : 14.7564 )  ( 6.10563 : 27.1698 ) 
950:250 cls: 9.01118 5.77243 ( 4.15197 : 9.31904 )  ( 2.75504 : 17.7944 ) 
1000:300 cls: 8.05929 5.93447 ( 4.46659 : 9.12955 )  ( 2.49438 : 17.8119 ) 
200:0 cls: 14.8844 16.1792 ( 10.6798 : 26.1176 )  ( 8.79742 : 43.6043 ) 
700:300 cls: 12.9502 7.34642 ( 5.4616 : 11.6461 )  ( 4.51224 : 21.2508 ) 
650:450 cls: 10.6282 7.29779 ( 5.75126 : 12.7742 )  ( 4.31542 : 23.1674 ) 
450:50 cls: 12.6165 7.83698 ( 5.90919 : 13.3818 )  ( 5.71283 : 23.7153 ) 
550:100 cls: 13.86 7.54005 ( 5.63598 : 11.7277 )  ( 3.91095 : 21.0171 ) 
500:50 cls: 11.1051 8.68122 ( 6.4528 : 13.6314 )  ( 5.39031 : 25.1877 ) 
350:300 cls: 10.1883 11.0163 ( 7.80029 : 19.2509 )  ( 6.49901 : 37.7059 ) 
850:550 cls: 11.1813 8.44959 ( 6.13075 : 14.2197 )  ( 4.6423 : 26.9187 ) 
900:700 cls: 10.311 7.50929 ( 5.7507 : 12.2685 )  ( 5.62841 : 22.2381 ) 
600:500 cls: 12.611 14.4597 ( 9.07084 : 24.8937 )  ( 6.60003 : 46.1103 ) 
750:600 cls: 9.74741 6.35984 ( 4.78802 : 10.0225 )  ( 3.84455 : 18.6892 ) 
850:50 cls: 8.85824 6.1945 ( 4.41764 : 9.53577 )  ( 1.7555 : 17.8806 ) 
600:50 cls: 11.89 7.28774 ( 5.32863 : 11.5937 )  ( 4.87615 : 20.7909 ) 
1000:850 cls: 10.6714 7.68307 ( 5.24171 : 11.7662 )  ( 4.11887 : 21.1322 ) 
800:350 cls: 11.9296 7.05866 ( 5.0426 : 11.0855 )  ( 5.05319 : 19.6045 ) 
900:200 cls: 9.36756 6.28201 ( 4.52143 : 9.59348 )  ( 4.29425 : 18.222 ) 
750:100 cls: 11.4274 6.57533 ( 4.87629 : 10.2 )  ( 2.40624 : 19.2772 ) 
300:100 cls: 10.7069 12.2735 ( 8.27002 : 20.9378 )  ( 7.30962 : 37.3585 ) 
950:800 cls: 10.6393 11.3589 ( 8.34338 : 19.4962 )  ( 7.55682 : 37.5564 ) 
1000:350 cls: 9.31718 6.233 ( 4.44478 : 9.23032 )  ( 4.16667 : 17.7838 ) 
950:300 cls: 8.94963 5.99421 ( 5.00143 : 9.73907 )  ( 4.21632 : 18.3178 ) 
700:350 cls: 11.4112 8.58863 ( 5.79261 : 14.1604 )  ( 6.11587 : 26.5329 ) 
450:100 cls: 10.373 8.71419 ( 6.5967 : 14.6385 )  ( 4.79829 : 24.8278 ) 
550:150 cls: 13.8953 7.87916 ( 5.65091 : 13.0757 )  ( 6.41919 : 23.9646 ) 
200:50 cls: 19.5231 22.3683 ( 14.2464 : 35.6002 )  ( 12.7423 : 62.9061 ) 
400:0 cls: 14.1236 8.46996 ( 6.70513 : 14.587 )  ( 5.41744 : 26.2049 ) 
900:750 cls: 12.0441 7.02658 ( 5.02652 : 11.5847 )  ( 3.72176 : 20.8509 ) 
650:500 cls: 10.8429 11.2897 ( 8.12732 : 18.9692 )  ( 7.6274 : 37.3674 ) 
500:100 cls: 10.7531 8.51142 ( 6.12409 : 14.7164 )  ( 4.64219 : 25.8233 ) 
850:600 cls: 9.21992 8.32495 ( 6.14385 : 13.9613 )  ( 4.49036 : 26.6176 ) 
600:100 cls: 12.4377 7.25888 ( 5.12662 : 11.1142 )  ( 4.96596 : 18.8429 ) 
1000:900 cls: 12.1739 7.16171 ( 5.48641 : 11.8758 )  ( 4.97065 : 22.4695 ) 
850:100 cls: 9.73223 6.49081 ( 5.11061 : 9.93763 )  ( 4.49036 : 18.4202 ) 
750:650 cls: 11.5863 15.5913 ( 10.9221 : 26.4643 )  ( 8.85374 : 51.0637 ) 
800:400 cls: 12.2611 7.3188 ( 5.33027 : 11.5425 )  ( 4.2824 : 21.1439 ) 
900:250 cls: 9.81865 5.75742 ( 4.5358 : 9.61572 )  ( 2.49438 : 17.867 ) 
750:150 cls: 10.1725 6.56467 ( 5.04237 : 10.0735 )  ( 4.46773 : 19.1016 ) 
600:550 cls: 12.6001 11.5998 ( 8.43428 : 19.3393 )  ( 8.35906 : 33.5657 ) 
950:850 cls: 9.67601 10.1709 ( 7.21631 : 19.0261 )  ( 4.30499 : 39.1459 ) 
950:350 cls: 11.2707 6.81042 ( 5.00284 : 10.3158 )  ( 4.6749 : 18.9964 ) 
1000:400 cls: 10.0171 6.21034 ( 4.65644 : 10.0462 )  ( 3.82943 : 18.6134 ) 
300:150 cls: 11.7385 12.4644 ( 8.17525 : 21.1435 )  ( 27.6622 : 37.6835 ) 
700:400 cls: 10.7437 8.43975 ( 6.14982 : 14.1537 )  ( 4.71253 : 26.764 ) 
450:150 cls: 9.12312 9.00645 ( 7.08947 : 14.8983 )  ( 6.92942 : 29.4346 ) 
400:50 cls: 10.7724 8.58989 ( 5.87994 : 14.2723 )  ( 5.90901 : 25.6235 ) 
550:200 cls: 10.7134 8.21666 ( 6.34966 : 13.9985 )  ( 5.41146 : 26.2653 ) 
200:100 cls: 15.0845 17.2656 ( 12.3716 : 27.8338 )  ( 11.3229 : 44.5303 ) 
500:150 cls: 11.8205 7.63124 ( 5.53916 : 12.5122 )  ( 3.76305 : 23.5265 ) 
850:650 cls: 13.1491 7.52378 ( 5.5225 : 12.1722 )  ( 4.34873 : 21.6232 ) 
600:150 cls: 12.8908 7.25129 ( 4.91566 : 11.7927 )  ( 4.86331 : 20.433 ) 
750:700 cls: 10.9494 8.46186 ( 6.66178 : 13.7845 )  ( 3.34251 : 24.4455 ) 
650:550 cls: 22.4268 17.49 ( 12.4386 : 29.6707 )  ( 8.91505 : 53.3135 ) 
850:150 cls: 9.82643 6.14472 ( 4.56667 : 9.81736 )  ( 5.88299 : 17.8771 ) 
800:450 cls: 12.7295 8.49653 ( 6.07496 : 13.7136 )  ( 4.35596 : 24.5356 ) 
900:800 cls: 13.6387 17.0052 ( 10.4767 : 26.8803 )  ( 6.92426 : 51.4796 ) 
900:300 cls: 10.6566 6.26548 ( 4.84091 : 10.0193 )  ( 4.33068 : 17.7761 ) 
750:200 cls: 10.4601 6.58966 ( 5.05081 : 10.1433 )  ( 5.65228 : 17.9204 ) 
200:150 cls: 18.9127 18.7397 ( 12.0172 : 36.0327 )  ( 8.80809 : 69.2169 ) 
650:0 cls: 9.8647 6.88693 ( 5.18488 : 10.0729 )  ( 3.89061 : 17.7549 ) 
950:900 cls: 8.54013 6.50487 ( 5.13084 : 9.59305 )  ( 5.06058 : 18.935 ) 
1000:450 cls: 9.0664 6.16526 ( 4.18509 : 9.46092 )  ( 0 : 18.3838 ) 
950:400 cls: 10.4714 6.5706 ( 4.65335 : 10.3107 )  ( 3.69009 : 20.1809 ) 
300:200 cls: 10.2598 10.9678 ( 7.92272 : 17.8982 )  ( 5.89086 : 31.3861 ) 
700:450 cls: 9.27614 8.7813 ( 6.69247 : 14.9791 )  ( 5.0424 : 28.3554 ) 
450:200 cls: 9.33943 8.71894 ( 6.70732 : 14.1225 )  ( 8.78665 : 27.4601 ) 
400:100 cls: 9.54908 8.74232 ( 6.61831 : 14.0563 )  ( 5.60074 : 26.3639 ) 
500:200 cls: 8.61042 8.25661 ( 5.41626 : 13.9247 )  ( 4.33784 : 25.6455 ) 
550:250 cls: 11.0278 8.55615 ( 5.99391 : 14.4522 )  ( 5.92752 : 27.6655 ) 
600:200 cls: 11.9663 7.2408 ( 5.42834 : 11.3416 )  ( 4.26519 : 21.1061 ) 
800:0 cls: 10.1361 7.17615 ( 5.22676 : 11.4592 )  ( 3.83518 : 21.3813 ) 
650:600 cls: 20.2953 17.2571 ( 12.6287 : 26.0052 )  ( 12.2031 : 43.1729 ) 
800:500 cls: 11.5604 8.23038 ( 6.60027 : 13.4445 )  ( 5.68906 : 23.9766 ) 
850:200 cls: 9.07561 6.02686 ( 4.71708 : 9.60075 )  ( 0 : 18.1719 ) 
850:700 cls: 11.3034 11.7432 ( 8.95909 : 18.2748 )  ( 9.15501 : 32.6939 ) 
900:850 cls: 9.15951 6.14249 ( 4.59515 : 9.29598 )  ( 5.19195 : 16.5826 ) 
900:350 cls: 9.4692 6.11251 ( 4.64418 : 9.66959 )  ( 4.63241 : 18.9589 ) 
250:0 cls: 10.8923 11.6272 ( 8.71526 : 20.9691 )  ( 7.56416 : 36.0845 ) 
750:250 cls: 11.6756 6.97863 ( 5.07799 : 10.7794 )  ( 4.79829 : 18.1398 ) 
1000:0 cls: 8.43252 6.02147 ( 4.36634 : 9.73641 )  ( 3.44189 : 19.5916 ) 
950:450 cls: 11.3414 6.89493 ( 4.91905 : 10.5784 )  ( 4.63047 : 18.2629 ) 
1000:500 cls: 11.3893 5.86016 ( 4.40911 : 9.37819 )  ( 3.90987 : 17.0135 ) 
300:250 cls: 23.3939 17.4382 ( 12.3511 : 27.8383 )  ( 10.4895 : 49.5739 ) 
650:50 cls: 11.0328 6.54706 ( 4.92941 : 9.82406 )  ( 3.79343 : 18.7207 ) 
500:250 cls: 9.47694 8.82856 ( 6.661 : 15.3682 )  ( 5.28743 : 27.1443 ) 
650:100 cls: 11.9632 7.10103 ( 5.16151 : 10.7962 )  ( 5.41745 : 19.5367 ) 
