150:0 cls: 8.90812 11.3158 ( 7.79241 : 16.259 )  ( 6.37527 : 24.4279 ) 
200:0 cls: 8.45263 10.1554 ( 6.63508 : 14.6224 )  ( 6.17932 : 19.6466 ) 
200:50 cls: 8.50466 9.94857 ( 6.92409 : 13.8591 )  ( 4.8223 : 19.8963 ) 
200:100 cls: 11.9248 17.2858 ( 11.7277 : 31.9087 )  ( 8.97346 : 62.3822 ) 
250:0 cls: 8.37459 10.3578 ( 7.30198 : 14.7074 )  ( 6.13666 : 19.6562 ) 
250:50 cls: 8.15586 9.85083 ( 6.33093 : 14.641 )  ( 6.36934 : 19.6401 ) 
300:100 cls: 8.08691 10.1012 ( 6.45744 : 13.6306 )  ( 5.05978 : 19.3141 ) 
450:0 cls: 8.15534 10.2103 ( 6.9854 : 14.5573 )  ( 6.0186 : 20.079 ) 
250:100 cls: 8.68237 10.3909 ( 7.01671 : 14.8544 )  ( 5.91287 : 20.4264 ) 
350:250 cls: 13.8752 12.5279 ( 8.01143 : 22.1966 )  ( 8.28093 : 46.9401 ) 
300:150 cls: 8.3905 10.2523 ( 6.6219 : 14.7906 )  ( 5.13701 : 20.3052 ) 
450:50 cls: 7.92824 10.2237 ( 7.15331 : 14.5338 )  ( 4.30644 : 20.3478 ) 
250:150 cls: 13.8752 12.5279 ( 8.01143 : 22.1966 )  ( 8.28093 : 46.9401 ) 
400:0 cls: 8.28307 10.4198 ( 7.09446 : 14.6223 )  ( 4.98056 : 20.456 ) 
350:0 cls: 8.05317 10.1986 ( 7.16665 : 14.6284 )  ( 3.9594 : 20.3278 ) 
450:100 cls: 8.03893 10.0114 ( 6.6814 : 13.6402 )  ( 5.94715 : 19.1421 ) 
300:0 cls: 7.85307 10.0096 ( 6.59399 : 13.9889 )  ( 5.83693 : 19.2952 ) 
400:50 cls: 7.67216 10.0724 ( 7.20179 : 14.5786 )  ( 5.99545 : 19.5373 ) 
350:50 cls: 7.89015 10.0937 ( 6.57911 : 14.1482 )  ( 7.38574 : 20.1542 ) 
450:150 cls: 8.19548 10.1772 ( 7.07163 : 14.5723 )  ( 6.84079 : 20.0837 ) 
300:50 cls: 8.06774 10.2156 ( 7.26204 : 14.6271 )  ( 5.78623 : 19.5453 ) 
400:100 cls: 8.16188 10.2585 ( 6.91892 : 14.5047 )  ( 5.33135 : 20.3162 ) 
350:100 cls: 8.29811 10.1128 ( 7.13711 : 14.4333 )  ( 5.422 : 20.6259 ) 
450:200 cls: 8.02629 9.93108 ( 6.54709 : 13.6269 )  ( 6.50977 : 19.2997 ) 
400:150 cls: 7.92833 10.1079 ( 6.69517 : 14.1671 )  ( 7.48357 : 19.8202 ) 
350:150 cls: 8.10657 9.94259 ( 6.64969 : 13.1833 )  ( 5.23205 : 19.3832 ) 
450:250 cls: 8.05711 9.80957 ( 6.53258 : 13.632 )  ( 6.75156 : 19.589 ) 
400:200 cls: 7.98927 10.1543 ( 6.33228 : 14.08 )  ( 5.20464 : 19.5107 ) 
350:200 cls: 8.50542 10.1315 ( 6.66866 : 14.6876 )  ( 6.29183 : 20.8383 ) 
450:300 cls: 8.22765 10.0431 ( 6.34095 : 14.0302 )  ( 6.39258 : 19.8345 ) 
400:250 cls: 8.31641 10.2141 ( 6.6577 : 14.5504 )  ( 5.86345 : 20.1844 ) 
