400:150 cls: 6.29811 5.7756 ( 4.23581 : 8.58532 )  ( 4.08148 : 12.3443 ) 
350:0 cls: 6.18318 6.05871 ( 4.63915 : 8.42079 )  ( 0 : 12.108 ) 
750:300 cls: 6.74348 4.80358 ( 3.59567 : 6.56498 )  ( 4.25673 : 9.16061 ) 
550:300 cls: 6.19805 5.64946 ( 4.40667 : 7.92734 )  ( 4.32304 : 11.2179 ) 
500:300 cls: 6.43754 6.39899 ( 4.98597 : 8.73162 )  ( 4.78287 : 12.9067 ) 
600:250 cls: 7.25307 5.49277 ( 4.3526 : 7.68367 )  ( 0 : 11.0495 ) 
650:150 cls: 6.58224 4.69566 ( 3.63593 : 6.5509 )  ( 3.38821 : 9.66133 ) 
800:550 cls: 5.81587 5.37681 ( 4.2771 : 7.37993 )  ( 4.31176 : 10.6738 ) 
800:50 cls: 5.21636 3.89365 ( 3.22021 : 5.52145 )  ( 0 : 7.99043 ) 
850:250 cls: 5.28577 4.06758 ( 3.26174 : 5.88518 )  ( 3.44188 : 8.33237 ) 
450:250 cls: 6.20649 6.84677 ( 5.1501 : 10.0222 )  ( 4.4738 : 14.5072 ) 
250:50 cls: 7.39757 8.32501 ( 6.33903 : 11.889 )  ( 5.89023 : 16.9321 ) 
700:500 cls: 6.06129 6.00627 ( 4.85276 : 8.458 )  ( 4.02422 : 12.2203 ) 
700:0 cls: 5.93883 4.31522 ( 3.7023 : 5.97654 )  ( 1.38615 : 8.73903 ) 
950:500 cls: 6.5653 4.64938 ( 3.68677 : 6.50454 )  ( 3.38821 : 9.17132 ) 
900:400 cls: 6.16555 4.39114 ( 3.65105 : 6.17181 )  ( 0 : 8.93437 ) 
1000:50 cls: 4.53909 3.78673 ( 3.38339 : 4.92841 )  ( 1.38615 : 7.28137 ) 
950:0 cls: 4.65312 3.77164 ( 3.25822 : 5.19481 )  ( 0 : 7.5443 ) 
1000:550 cls: 6.55221 4.63962 ( 3.81774 : 6.49309 )  ( 3.72594 : 9.07104 ) 
100:0 cls: 22.7917 20.9945 ( 14.0341 : 28.5965 )  ( 8.55988 : 37.7363 ) 
850:750 cls: 9.43869 11.866 ( 7.86661 : 17.0207 )  ( 6.28129 : 24.3509 ) 
850:800 cls: 35.4918 20.0607 ( 14.2177 : 31.4126 )  ( 11.96 : 49.2121 ) 
350:50 cls: 6.51216 5.97564 ( 4.25542 : 8.56886 )  ( 4.62391 : 12.2004 ) 
750:350 cls: 7.00005 4.99319 ( 4.10018 : 7.08571 )  ( 3.61912 : 10.5266 ) 
400:200 cls: 6.01292 6.42108 ( 5.18189 : 9.42028 )  ( 4.94691 : 13.517 ) 
600:300 cls: 6.59596 5.62599 ( 4.00531 : 7.91534 )  ( 3.8292 : 11.006 ) 
550:350 cls: 5.88053 5.67585 ( 4.80058 : 7.88328 )  ( 4.16102 : 11.8157 ) 
800:100 cls: 5.20943 4.07572 ( 3.47829 : 5.62489 )  ( 3.22746 : 7.84821 ) 
700:50 cls: 5.84534 4.40672 ( 3.66895 : 5.99771 )  ( 3.85306 : 8.3147 ) 
800:600 cls: 5.98721 5.88896 ( 4.62816 : 8.13528 )  ( 3.34166 : 11.8425 ) 
850:300 cls: 5.98733 4.41255 ( 3.43458 : 6.08543 )  ( 3.38821 : 8.65411 ) 
500:350 cls: 6.38624 7.69994 ( 5.65082 : 10.9472 )  ( 5.18866 : 16.11 ) 
950:550 cls: 6.9493 4.84095 ( 3.80027 : 6.95221 )  ( 3.53703 : 10.0501 ) 
1000:600 cls: 7.03953 4.83949 ( 4.00531 : 7.13746 )  ( 3.5516 : 9.79977 ) 
900:450 cls: 6.49661 4.70307 ( 3.76657 : 6.38042 )  ( 3.8292 : 9.17996 ) 
450:300 cls: 6.99408 7.42685 ( 5.85796 : 10.7899 )  ( 5.14246 : 15.318 ) 
1000:100 cls: 4.62932 3.73146 ( 3.31705 : 5.03693 )  ( 3.22746 : 7.27582 ) 
250:100 cls: 7.57638 8.84382 ( 6.29708 : 12.601 )  ( 4.66579 : 17.3776 ) 
700:550 cls: 6.53195 7.29569 ( 5.5486 : 10.7589 )  ( 5.10707 : 15.365 ) 
950:50 cls: 4.88006 3.94624 ( 3.3503 : 5.14289 )  ( 3.0789 : 7.37752 ) 
100:50 cls: 32.759 23.4171 ( 17.3441 : 35.4013 )  ( 12.6597 : 52.0323 ) 
900:0 cls: 4.77347 3.95567 ( 3.59145 : 5.13327 )  ( 3.31949 : 7.77164 ) 
750:400 cls: 7.07124 4.88238 ( 3.95162 : 7.36071 )  ( 3.24327 : 10.7011 ) 
350:100 cls: 6.88708 6.25884 ( 4.63617 : 8.7384 )  ( 3.60071 : 12.7588 ) 
800:150 cls: 5.00349 4.05664 ( 3.64716 : 5.52684 )  ( 2.98363 : 7.99384 ) 
600:350 cls: 5.90462 5.42911 ( 4.17443 : 7.82625 )  ( 3.79343 : 11.5847 ) 
700:100 cls: 5.72995 4.47917 ( 3.61832 : 6.04257 )  ( 3.69259 : 8.7271 ) 
950:600 cls: 6.5846 5.04992 ( 3.92463 : 7.02954 )  ( 3.8292 : 10.3722 ) 
900:500 cls: 6.77579 4.85473 ( 3.90986 : 6.82111 )  ( 0 : 10.0154 ) 
850:350 cls: 6.0128 4.46592 ( 3.72079 : 5.98465 )  ( 3.44188 : 8.69496 ) 
400:250 cls: 6.60438 7.21818 ( 5.54196 : 10.7077 )  ( 6.03837 : 14.9314 ) 
1000:650 cls: 6.81475 4.95294 ( 3.82788 : 7.04301 )  ( 4.25892 : 10.438 ) 
800:650 cls: 6.43473 6.83966 ( 5.58624 : 10.0701 )  ( 4.40229 : 13.4267 ) 
550:400 cls: 6.55688 7.56603 ( 5.08917 : 10.8804 )  ( 5.08719 : 15.3618 ) 
1000:150 cls: 5.00486 4.09346 ( 3.40269 : 5.39979 )  ( 0 : 7.80022 ) 
500:400 cls: 7.92454 9.54073 ( 6.97892 : 14.1277 )  ( 4.36455 : 19.1475 ) 
950:100 cls: 4.77779 3.86058 ( 3.26307 : 5.19004 )  ( 0 : 7.60552 ) 
250:150 cls: 8.72124 10.2911 ( 7.54252 : 15.6093 )  ( 4.25996 : 21.3621 ) 
450:350 cls: 9.54137 10.0378 ( 7.1605 : 14.5557 )  ( 5.28629 : 20.1675 ) 
700:600 cls: 7.94535 10.4201 ( 7.19172 : 15.2356 )  ( 4.93268 : 21.5902 ) 
750:450 cls: 6.44856 5.50211 ( 4.08514 : 7.82516 )  ( 3.8292 : 10.8133 ) 
800:200 cls: 5.83287 4.20164 ( 3.41428 : 5.89258 )  ( 3.38821 : 8.5119 ) 
900:50 cls: 5.01136 4.01698 ( 3.37437 : 5.39062 )  ( 3.46004 : 8.07455 ) 
900:550 cls: 6.43759 5.18606 ( 4.19988 : 6.97971 )  ( 3.5516 : 10.2246 ) 
150:0 cls: 11.642 14.9605 ( 9.66393 : 21.2909 )  ( 7.62336 : 28.028 ) 
700:150 cls: 6.03824 4.44925 ( 3.75291 : 6.24473 )  ( 0 : 8.87126 ) 
600:400 cls: 5.76729 5.45134 ( 4.6289 : 7.97305 )  ( 3.95739 : 11.3468 ) 
350:150 cls: 6.6259 7.14331 ( 5.53414 : 10.1376 )  ( 3.87391 : 14.8281 ) 
950:650 cls: 6.31498 5.03834 ( 3.7279 : 7.45751 )  ( 3.38821 : 10.4174 ) 
1000:700 cls: 6.56763 5.19905 ( 4.09767 : 7.6021 )  ( 4.32304 : 10.644 ) 
850:400 cls: 6.50248 4.59255 ( 3.53047 : 6.5012 )  ( 3.0958 : 9.12619 ) 
1000:200 cls: 4.83492 3.7963 ( 3.18807 : 5.35861 )  ( 2.88755 : 7.66145 ) 
400:300 cls: 7.62803 9.59879 ( 6.88815 : 13.5655 )  ( 6.34638 : 19.5557 ) 
800:700 cls: 8.69508 7.8439 ( 6.16062 : 11.6941 )  ( 5.39327 : 16.5739 ) 
550:450 cls: 7.18201 8.64314 ( 6.1953 : 13.1685 )  ( 6.31705 : 17.6356 ) 
950:150 cls: 4.95231 3.76803 ( 3.44686 : 5.44031 )  ( 3.0958 : 7.58162 ) 
500:450 cls: 21.7735 16.0031 ( 11.9399 : 23.1812 )  ( 9.96204 : 33.3646 ) 
250:200 cls: 12.0944 13.19 ( 10.2575 : 19.0798 )  ( 6.44228 : 28.6884 ) 
700:650 cls: 20.4111 15.4608 ( 11.0944 : 23.1996 )  ( 10.3319 : 31.7487 ) 
450:400 cls: 21.3708 19.3231 ( 13.9717 : 27.3784 )  ( 7.75572 : 42.5681 ) 
750:500 cls: 6.04814 5.30503 ( 4.11514 : 7.66565 )  ( 4.65428 : 11.0274 ) 
800:250 cls: 5.93085 4.30058 ( 3.67985 : 6.05013 )  ( 0 : 8.8484 ) 
800:750 cls: 22.697 15.1492 ( 11.5409 : 24.3306 )  ( 9.75558 : 38.9463 ) 
900:100 cls: 4.84279 3.79711 ( 3.51385 : 5.27283 )  ( 3.70457 : 7.7073 ) 
700:200 cls: 6.46724 4.51464 ( 3.7792 : 6.36152 )  ( 3.76305 : 9.46888 ) 
900:600 cls: 7.05547 5.47173 ( 4.30001 : 7.97484 )  ( 4.19501 : 11.2536 ) 
1000:750 cls: 5.74821 5.29431 ( 3.86022 : 7.42217 )  ( 3.41725 : 10.4721 ) 
950:700 cls: 5.66079 5.07441 ( 4.22182 : 7.39743 )  ( 3.62069 : 10.7885 ) 
600:450 cls: 6.02621 6.38145 ( 5.47457 : 10.1284 )  ( 5.26984 : 14.5425 ) 
850:450 cls: 6.76221 4.96621 ( 4.05593 : 6.79867 )  ( 3.0958 : 9.79781 ) 
350:200 cls: 6.95703 7.99551 ( 5.69845 : 11.4251 )  ( 4.77803 : 16.2443 ) 
150:50 cls: 9.02564 11.0218 ( 7.90021 : 16.8532 )  ( 6.69795 : 23.8174 ) 
1000:250 cls: 4.86011 3.86577 ( 3.35734 : 5.34709 )  ( 3.53774 : 7.73086 ) 
950:200 cls: 5.08906 4.01013 ( 3.58425 : 5.36036 )  ( 4.14813 : 7.83063 ) 
550:0 cls: 6.87943 4.68228 ( 3.67936 : 6.86562 )  ( 3.0958 : 9.84581 ) 
400:350 cls: 14.1496 16.034 ( 12.3463 : 22.9922 )  ( 10.4229 : 34.9907 ) 
300:0 cls: 6.91751 6.58736 ( 4.95694 : 9.62474 )  ( 3.72176 : 13.7267 ) 
750:0 cls: 5.53783 4.23988 ( 3.54998 : 5.77537 )  ( 2.73996 : 8.38505 ) 
550:500 cls: 23.7521 15.835 ( 11.2093 : 23.1892 )  ( 10.092 : 35.622 ) 
500:0 cls: 6.45649 4.98926 ( 4.02984 : 6.9497 )  ( 0 : 9.83559 ) 
800:300 cls: 6.23158 4.50082 ( 3.64009 : 6.29815 )  ( 3.22396 : 8.81982 ) 
750:550 cls: 5.61373 5.56564 ( 4.88098 : 8.07602 )  ( 3.32736 : 11.7921 ) 
850:0 cls: 5.00121 4.00623 ( 3.55454 : 5.37534 )  ( 3.31949 : 7.91164 ) 
700:250 cls: 6.86853 4.69696 ( 3.89689 : 6.83415 )  ( 3.5516 : 9.80671 ) 
900:650 cls: 5.87496 5.43534 ( 4.41056 : 7.35932 )  ( 5.88299 : 10.9647 ) 
900:150 cls: 5.16178 4.05749 ( 3.53682 : 5.609 )  ( 2.49438 : 7.67557 ) 
1000:800 cls: 6.11188 5.8487 ( 4.56837 : 8.16377 )  ( 4.60394 : 11.7097 ) 
950:750 cls: 5.97697 5.70712 ( 4.74128 : 8.11715 )  ( 4.60394 : 12.1715 ) 
850:500 cls: 6.44083 4.93453 ( 4.04444 : 7.05263 )  ( 3.16782 : 10.4716 ) 
1000:300 cls: 4.68702 3.66277 ( 2.83583 : 5.06685 )  ( 4.38957 : 7.34294 ) 
600:500 cls: 8.43094 10.0868 ( 7.30263 : 14.8032 )  ( 4.00443 : 20.7052 ) 
950:250 cls: 5.1853 4.09871 ( 3.55224 : 5.46641 )  ( 3.22396 : 7.64295 ) 
350:250 cls: 9.20142 10.3595 ( 7.05328 : 14.4688 )  ( 5.358 : 20.4506 ) 
550:50 cls: 6.34044 4.8419 ( 3.99303 : 6.77572 )  ( 3.8292 : 9.63237 ) 
450:0 cls: 7.02451 5.01913 ( 4.10304 : 7.575 )  ( 3.5517 : 10.7236 ) 
300:50 cls: 6.60306 6.4164 ( 5.00621 : 9.36498 )  ( 4.60323 : 13.7664 ) 
750:50 cls: 5.6612 4.17635 ( 3.56996 : 5.78362 )  ( 0 : 8.29165 ) 
150:100 cls: 21.2275 19.6454 ( 14.7975 : 28.8437 )  ( 13.331 : 41.7287 ) 
500:50 cls: 7.42118 5.21942 ( 3.99633 : 7.42105 )  ( 3.44188 : 11.0518 ) 
600:0 cls: 6.02214 4.63049 ( 3.68022 : 6.2512 )  ( 3.22746 : 8.97425 ) 
800:350 cls: 5.99975 4.63755 ( 3.68494 : 6.5332 )  ( 3.31949 : 9.46798 ) 
700:300 cls: 6.97497 4.82507 ( 3.98111 : 7.06018 )  ( 4.02422 : 10.0988 ) 
850:50 cls: 5.01116 3.99202 ( 3.40052 : 5.42445 )  ( 3.48525 : 7.7738 ) 
750:600 cls: 6.21213 7.19589 ( 5.61225 : 10.8447 )  ( 4.83545 : 15.8614 ) 
900:700 cls: 5.84385 5.6435 ( 4.32938 : 7.86571 )  ( 4.34873 : 11.4236 ) 
900:200 cls: 4.92959 3.8357 ( 3.08606 : 5.48808 )  ( 0 : 7.87209 ) 
850:550 cls: 6.76545 5.51893 ( 4.0811 : 8.11395 )  ( 2.98363 : 11.3694 ) 
950:800 cls: 7.013 7.56503 ( 6.30733 : 10.78 )  ( 5.41251 : 15.5003 ) 
1000:850 cls: 6.06354 6.88076 ( 5.44463 : 10.8347 )  ( 5.5246 : 15.7794 ) 
1000:350 cls: 5.0688 3.98508 ( 3.76005 : 5.39985 )  ( 0 : 8.00018 ) 
950:300 cls: 5.16134 4.27668 ( 3.51755 : 5.59761 )  ( 0 : 7.81365 ) 
550:100 cls: 7.27619 5.24812 ( 4.21911 : 7.29551 )  ( 0 : 10.2051 ) 
600:550 cls: 15.3466 12.0659 ( 9.33365 : 17.8908 )  ( 7.30552 : 26.7412 ) 
450:50 cls: 7.05923 5.2763 ( 4.14036 : 7.49341 )  ( 3.31949 : 10.6744 ) 
350:300 cls: 16.1209 15.8359 ( 12.2723 : 23.7124 )  ( 8.55791 : 37.6436 ) 
750:100 cls: 5.41243 4.13385 ( 3.22811 : 5.71527 )  ( 0 : 8.57966 ) 
300:100 cls: 6.40089 7.1041 ( 5.42412 : 10.3328 )  ( 5.27468 : 15.0721 ) 
500:100 cls: 7.34552 5.33795 ( 4.13992 : 7.77965 )  ( 3.0958 : 11.3494 ) 
600:50 cls: 6.47167 4.68601 ( 3.87174 : 6.45375 )  ( 3.72594 : 9.33516 ) 
800:400 cls: 6.57819 4.89504 ( 3.79209 : 7.08473 )  ( 3.44188 : 9.8661 ) 
1000:900 cls: 4.30957 5.13908 ( 3.82335 : 7.53015 )  ( 0 : 11.5435 ) 
950:850 cls: 3.74266 3.99286 ( 3.09535 : 5.644 )  ( 3.0958 : 8.84387 ) 
200:0 cls: 8.25795 10.1176 ( 7.00773 : 15.432 )  ( 5.26984 : 21.0769 ) 
700:350 cls: 6.8517 5.30552 ( 3.9816 : 7.3183 )  ( 4.96938 : 10.6488 ) 
850:100 cls: 4.97445 4.01086 ( 3.45003 : 5.33447 )  ( 0 : 8.01584 ) 
900:250 cls: 5.51151 3.97192 ( 3.44611 : 5.68394 )  ( 3.31949 : 8.30905 ) 
900:750 cls: 6.48637 7.19326 ( 5.75719 : 10.9304 )  ( 3.63156 : 15.7034 ) 
850:600 cls: 5.87605 5.46143 ( 3.90635 : 7.71129 )  ( 3.46254 : 10.7455 ) 
1000:400 cls: 5.36324 4.19996 ( 3.47612 : 5.86295 )  ( 3.90915 : 8.20676 ) 
750:650 cls: 7.87312 11.3331 ( 7.76418 : 16.1771 )  ( 5.24634 : 22.074 ) 
950:350 cls: 4.90585 4.02537 ( 3.61143 : 5.46124 )  ( 3.22746 : 7.77519 ) 
550:150 cls: 6.69755 5.01345 ( 4.25415 : 7.11421 )  ( 3.72594 : 10.5173 ) 
650:0 cls: 6.12998 4.61325 ( 3.55422 : 6.18109 )  ( 0 : 8.69145 ) 
450:100 cls: 7.25962 5.55062 ( 4.07657 : 8.08325 )  ( 3.48525 : 11.5241 ) 
750:150 cls: 5.65139 4.13779 ( 3.19559 : 6.06656 )  ( 3.38821 : 8.57357 ) 
400:0 cls: 7.36926 5.28745 ( 4.19945 : 8.12663 )  ( 3.90549 : 11.841 ) 
500:150 cls: 7.16398 5.27738 ( 4.18955 : 8.08282 )  ( 3.95739 : 10.8871 ) 
600:100 cls: 6.78608 4.59425 ( 3.74923 : 6.77955 )  ( 3.41725 : 9.696 ) 
800:450 cls: 6.96934 4.9806 ( 4.15378 : 7.26489 )  ( 0 : 10.7193 ) 
300:150 cls: 7.13556 7.68917 ( 5.57934 : 12.2023 )  ( 6.0994 : 16.8826 ) 
700:400 cls: 6.48144 5.33967 ( 4.06391 : 7.6473 )  ( 3.5212 : 11.0265 ) 
900:800 cls: 4.24115 5.37276 ( 3.86846 : 8.08433 )  ( 3.22396 : 11.9842 ) 
850:150 cls: 5.10902 4.01913 ( 3.63965 : 5.54017 )  ( 3.48525 : 7.94474 ) 
900:300 cls: 5.71151 4.26755 ( 3.68456 : 5.81984 )  ( 0 : 8.44118 ) 
1000:450 cls: 5.28942 4.15153 ( 3.57888 : 5.74985 )  ( 0 : 8.41558 ) 
200:50 cls: 8.85383 10.4157 ( 7.20033 : 14.842 )  ( 5.66051 : 20.1349 ) 
850:650 cls: 5.99417 5.65365 ( 4.68889 : 7.70788 )  ( 4.16258 : 11.126 ) 
750:700 cls: 12.7808 12.7697 ( 9.58399 : 19.8451 )  ( 7.48145 : 30.7693 ) 
950:400 cls: 5.76592 4.146 ( 3.32318 : 5.88476 )  ( 0 : 8.29944 ) 
550:200 cls: 6.60016 5.01602 ( 3.92835 : 7.68149 )  ( 3.70457 : 10.8046 ) 
450:150 cls: 5.73012 5.51198 ( 4.43735 : 7.72517 )  ( 3.72594 : 11.466 ) 
650:50 cls: 5.57142 4.3773 ( 3.36369 : 5.99524 )  ( 1.84638 : 8.7501 ) 
750:200 cls: 6.11118 4.48707 ( 3.30351 : 6.28147 )  ( 2.88755 : 9.07575 ) 
400:50 cls: 6.68552 5.73555 ( 4.28723 : 8.20693 )  ( 4.34044 : 11.5945 ) 
600:150 cls: 7.07973 4.942 ( 3.67082 : 7.00315 )  ( 3.22746 : 10.0981 ) 
500:200 cls: 5.92769 5.52732 ( 4.80864 : 7.82092 )  ( 3.42659 : 11.1192 ) 
800:500 cls: 6.40706 5.3343 ( 4.25217 : 7.58634 )  ( 0.472962 : 10.8964 ) 
700:450 cls: 5.62213 5.17469 ( 4.23836 : 7.41475 )  ( 3.79343 : 10.5069 ) 
850:200 cls: 5.19652 4.16666 ( 3.50525 : 5.58034 )  ( 3.38821 : 8.02882 ) 
300:200 cls: 9.19606 11.301 ( 8.52657 : 16.3648 )  ( 6.8735 : 23.3088 ) 
1000:500 cls: 5.97082 4.38889 ( 3.92357 : 6.10961 )  ( 3.48525 : 8.81462 ) 
900:350 cls: 5.45748 4.02226 ( 3.47181 : 5.7105 )  ( 0 : 8.48039 ) 
800:0 cls: 5.1134 3.94175 ( 3.20229 : 5.45046 )  ( 3.70457 : 8.14552 ) 
850:700 cls: 5.87737 6.33047 ( 5.11114 : 9.34325 )  ( 4.32304 : 13.4639 ) 
950:450 cls: 5.62608 4.32175 ( 3.7008 : 5.82967 )  ( 4.08095 : 8.43371 ) 
200:100 cls: 10.254 12.0919 ( 7.95505 : 17.1999 )  ( 5.85621 : 23.6091 ) 
550:250 cls: 6.44927 5.67567 ( 4.17396 : 8.02399 )  ( 4.31176 : 11.4709 ) 
450:200 cls: 5.986 5.39412 ( 4.49211 : 7.84508 )  ( 4.02422 : 11.8499 ) 
650:100 cls: 5.88137 4.43293 ( 3.68203 : 6.11789 )  ( 0 : 9.0082 ) 
750:250 cls: 6.33913 4.69159 ( 3.69443 : 6.3689 )  ( 3.61912 : 8.89553 ) 
400:100 cls: 5.8445 5.43938 ( 4.40189 : 8.00792 )  ( 7.43336 : 11.4167 ) 
600:200 cls: 6.70242 5.023 ( 4.00289 : 7.28314 )  ( 4.41419 : 10.3703 ) 
500:250 cls: 6.22579 5.68041 ( 4.32885 : 8.15989 )  ( 3.85962 : 11.9373 ) 
300:250 cls: 24.2666 18.992 ( 15.5399 : 27.966 )  ( 13.3007 : 44.4677 ) 
200:150 cls: 24.9622 21.9624 ( 16.3451 : 32.2689 )  ( 9.76827 : 46.5074 ) 
250:0 cls: 7.6157 8.67201 ( 6.74622 : 12.6786 )  ( 4.62635 : 17.199 ) 
