170:20 cls: 21.1081 25.8476 ( 20.6308 : 38.2759 )  ( 15.4553 : 52.5937 ) 
260:140 cls: 19.281 25.6416 ( 19.0266 : 37.9114 )  ( 12.7531 : 51.5215 ) 
220:120 cls: 33.276 41.6644 ( 27.9428 : 56.742 )  ( 23.5764 : 83.1761 ) 
250:0 cls: 10.6361 10.6325 ( 7.00406 : 14.7609 )  ( 5.44426 : 20.8053 ) 
300:0 cls: 10.3168 8.80538 ( 6.13602 : 12.272 )  ( 5.85165 : 16.7938 ) 
360:90 cls: 8.99222 7.95625 ( 5.81884 : 10.8617 )  ( 5.723 : 15.8715 ) 
320:170 cls: 15.026 16.3279 ( 11.1815 : 22.714 )  ( 9.11874 : 31.1227 ) 
430:90 cls: 7.45526 6.45287 ( 4.77622 : 9.32262 )  ( 5.12249 : 13.3225 ) 
280:90 cls: 11.3904 10.5745 ( 7.51579 : 14.8451 )  ( 4.67667 : 20.9119 ) 
340:0 cls: 8.87931 8.11046 ( 6.08927 : 11.029 )  ( 4.26546 : 16.0068 ) 
310:90 cls: 10.3836 9.23602 ( 6.87673 : 13.7809 )  ( 4.77264 : 19.2334 ) 
350:50 cls: 8.81871 7.40791 ( 5.54543 : 10.653 )  ( 4.48212 : 15.237 ) 
200:50 cls: 17.6283 22.1095 ( 16.2518 : 33.5931 )  ( 12.9965 : 46.094 ) 
420:120 cls: 8.31305 6.79529 ( 5.71699 : 9.67019 )  ( 6.26831 : 14.0094 ) 
390:150 cls: 10.5109 8.6484 ( 6.57982 : 12.287 )  ( 7.06548 : 17.2862 ) 
410:140 cls: 8.27757 7.54443 ( 5.86443 : 10.851 )  ( 4.97866 : 14.887 ) 
440:50 cls: 8.00768 6.45318 ( 5.38551 : 9.25972 )  ( 5.09558 : 13.0113 ) 
370:120 cls: 9.13045 7.79019 ( 6.14364 : 11.1027 )  ( 4.81394 : 15.8778 ) 
380:140 cls: 9.41073 7.83258 ( 5.80106 : 11.4958 )  ( 4.8422 : 16.212 ) 
400:150 cls: 9.49526 7.79259 ( 6.32837 : 10.9711 )  ( 4.35226 : 15.954 ) 
100:0 cls: 49.5857 59.1823 ( 42.6946 : 92.582 )  ( 37.7761 : 0 ) 
170:30 cls: 24.1766 29.7798 ( 21.8707 : 43.1988 )  ( 15.3761 : 59.8879 ) 
260:150 cls: 23.9472 30.1024 ( 21.7115 : 43.1512 )  ( 15.2377 : 60.4144 ) 
250:10 cls: 9.312 10.4371 ( 8.07215 : 15.694 )  ( 5.3852 : 21.4629 ) 
230:0 cls: 11.462 12.1074 ( 9.32419 : 18.5909 )  ( 6.95966 : 26.6971 ) 
300:10 cls: 10.4271 8.51408 ( 6.58054 : 12.5894 )  ( 4.84673 : 17.6981 ) 
360:100 cls: 9.12414 7.87396 ( 5.90757 : 11.0244 )  ( 5.30173 : 15.9828 ) 
430:100 cls: 8.04977 6.32821 ( 4.92092 : 9.26455 )  ( 4.31176 : 13.1311 ) 
340:10 cls: 9.6913 8.19215 ( 6.11592 : 11.4391 )  ( 5.79697 : 16.9822 ) 
420:130 cls: 8.59969 7.05326 ( 5.60518 : 10.1621 )  ( 5.87992 : 14.1061 ) 
350:60 cls: 9.20041 8.02893 ( 5.79243 : 11.1267 )  ( 5.05842 : 16.3276 ) 
310:100 cls: 10.404 9.57703 ( 7.04507 : 13.7585 )  ( 5.1691 : 19.4277 ) 
280:100 cls: 10.9793 10.4495 ( 7.68527 : 15.832 )  ( 5.62492 : 21.649 ) 
390:160 cls: 9.48827 8.15838 ( 5.9221 : 11.3976 )  ( 5.0795 : 16.4129 ) 
380:150 cls: 9.69 8.04897 ( 5.62325 : 12.0199 )  ( 5.23188 : 16.5695 ) 
370:130 cls: 9.21761 7.77871 ( 5.61228 : 11.4111 )  ( 6.8145 : 16.4806 ) 
400:160 cls: 10.0702 8.2429 ( 5.99557 : 11.8358 )  ( 5.71458 : 16.8683 ) 
200:60 cls: 19.4288 24.3939 ( 17.7042 : 34.4963 )  ( 13.8983 : 46.2495 ) 
440:60 cls: 7.18458 6.32584 ( 4.95174 : 8.50791 )  ( 4.63047 : 12.0187 ) 
410:150 cls: 9.68576 8.19932 ( 5.9945 : 11.8034 )  ( 5.2989 : 16.8839 ) 
110:0 cls: 43.2827 52.1573 ( 38.9537 : 76.2947 )  ( 22.3392 : 113.968 ) 
320:180 cls: 15.8781 17.7601 ( 13.3609 : 26.1098 )  ( 10.2819 : 35.2389 ) 
170:40 cls: 20.8092 27.8244 ( 21.5254 : 40.359 )  ( 15.585 : 57.9012 ) 
260:160 cls: 29.1515 35.6298 ( 24.8089 : 52.2539 )  ( 16.8831 : 80.7935 ) 
250:20 cls: 10.3367 11.3685 ( 8.19277 : 16.6953 )  ( 7.2317 : 23.4067 ) 
300:20 cls: 10.1002 8.83734 ( 6.65371 : 12.5818 )  ( 4.91664 : 17.2741 ) 
360:110 cls: 9.73708 8.06915 ( 5.94169 : 11.9724 )  ( 5.15849 : 16.1593 ) 
420:140 cls: 8.18511 7.01502 ( 5.49378 : 9.8069 )  ( 3.94864 : 13.6138 ) 
430:110 cls: 8.33601 6.90822 ( 5.23997 : 10.0791 )  ( 4.79815 : 14.2149 ) 
340:20 cls: 9.18846 7.83079 ( 6.11609 : 10.9476 )  ( 4.36429 : 15.8211 ) 
230:10 cls: 11.3198 12.2799 ( 9.63573 : 18.0662 )  ( 8.1658 : 26.0019 ) 
280:110 cls: 11.1911 10.4967 ( 8.01097 : 15.4242 )  ( 6.25624 : 21.6035 ) 
440:70 cls: 7.53298 6.06105 ( 5.01244 : 8.81411 )  ( 4.68857 : 12.0835 ) 
380:160 cls: 9.96558 8.25756 ( 7.0952 : 12.2431 )  ( 5.29393 : 16.8661 ) 
370:140 cls: 10.3079 8.9392 ( 6.16833 : 12.2743 )  ( 5.68562 : 17.114 ) 
400:170 cls: 9.36777 7.67567 ( 6.16245 : 10.5979 )  ( 5.03034 : 15.4363 ) 
390:170 cls: 9.5605 8.43342 ( 6.55319 : 11.8735 )  ( 5.0476 : 17.3432 ) 
310:110 cls: 10.2032 9.83229 ( 7.46019 : 14.3407 )  ( 5.95703 : 20.1141 ) 
200:70 cls: 18.3736 25.713 ( 18.0697 : 37.4179 )  ( 20.0914 : 51.928 ) 
350:70 cls: 9.86625 8.37728 ( 6.11185 : 11.4772 )  ( 4.8485 : 16.7544 ) 
410:160 cls: 9.49313 8.24919 ( 6.86248 : 12.1795 )  ( 6.95012 : 16.6416 ) 
110:10 cls: 43.4713 55.6018 ( 40.8068 : 81.6872 )  ( 30.0973 : 0 ) 
320:190 cls: 16.1003 19.3355 ( 13.7724 : 27.152 )  ( 11.6486 : 39.4785 ) 
170:50 cls: 26.0241 34.3578 ( 25.6918 : 47.9258 )  ( 14.6111 : 69.8576 ) 
250:30 cls: 9.0684 9.06897 ( 6.59568 : 12.2017 )  ( 5.15196 : 18.3196 ) 
270:0 cls: 10.9191 10.1379 ( 7.58226 : 14.3004 )  ( 6.77672 : 19.7452 ) 
300:30 cls: 10.7759 9.04291 ( 6.76858 : 12.52 )  ( 5.13672 : 17.7954 ) 
420:150 cls: 8.79827 7.04925 ( 5.0148 : 10.264 )  ( 4.68166 : 14.0073 ) 
360:120 cls: 9.23331 8.13106 ( 6.31427 : 11.5148 )  ( 5.86535 : 16.7 ) 
340:30 cls: 9.23089 7.41402 ( 5.71175 : 10.9538 )  ( 5.57381 : 16.849 ) 
440:80 cls: 7.46214 6.12183 ( 5.00461 : 8.8291 )  ( 4.34873 : 12.5018 ) 
430:120 cls: 8.74545 7.06933 ( 5.23672 : 9.87876 )  ( 4.932 : 13.5754 ) 
230:20 cls: 11.2446 12.8252 ( 8.8637 : 18.2988 )  ( 8.66804 : 24.883 ) 
280:120 cls: 10.4308 11.9879 ( 8.7965 : 17.1243 )  ( 6.47877 : 24.2561 ) 
380:170 cls: 10.3578 8.96681 ( 6.68347 : 12.6915 )  ( 6.57186 : 17.3231 ) 
400:180 cls: 9.21063 8.40142 ( 6.13453 : 12.2989 )  ( 4.90622 : 17.9368 ) 
370:150 cls: 9.91689 8.71303 ( 6.44612 : 11.6527 )  ( 6.23959 : 17.4235 ) 
390:180 cls: 10.0024 8.458 ( 6.51944 : 12.1382 )  ( 5.14597 : 17.5713 ) 
310:120 cls: 10.263 9.47565 ( 7.68119 : 13.8773 )  ( 6.16745 : 19.9273 ) 
200:80 cls: 19.5051 27.1475 ( 19.7086 : 40.0849 )  ( 19.3471 : 54.5065 ) 
410:170 cls: 10.1118 8.2673 ( 6.11572 : 11.3792 )  ( 5.12774 : 16.3161 ) 
120:0 cls: 36.1921 48.0752 ( 34.0519 : 70.1952 )  ( 23.4709 : 97.9673 ) 
170:60 cls: 29.6471 40.0985 ( 27.5462 : 54.9156 )  ( 25.7867 : 77.8682 ) 
250:40 cls: 10.389 10.7406 ( 7.46577 : 15.4054 )  ( 7.14246 : 21.2217 ) 
270:10 cls: 9.63386 8.44844 ( 6.54927 : 12.1562 )  ( 5.37836 : 16.3988 ) 
320:200 cls: 17.0059 22.3722 ( 16.5604 : 32.7982 )  ( 13.6153 : 44.7284 ) 
420:160 cls: 9.09308 7.53813 ( 5.91065 : 10.7527 )  ( 5.0424 : 15.1127 ) 
300:40 cls: 10.6363 9.41302 ( 7.20655 : 12.9571 )  ( 5.54355 : 18.0626 ) 
360:130 cls: 9.14481 8.3307 ( 6.6754 : 12.3377 )  ( 5.3021 : 17.1644 ) 
340:40 cls: 9.29474 7.68672 ( 5.91218 : 11.2391 )  ( 6.03525 : 16.2716 ) 
230:30 cls: 11.2314 12.8666 ( 9.09202 : 17.553 )  ( 6.57524 : 25.3707 ) 
350:80 cls: 9.13151 7.88034 ( 5.92552 : 11.2083 )  ( 6.83914 : 16.8977 ) 
440:90 cls: 7.44623 5.93336 ( 5.09666 : 8.98618 )  ( 5.45724 : 12.6625 ) 
430:130 cls: 8.66138 6.77867 ( 5.54114 : 10.124 )  ( 4.62391 : 14.0635 ) 
380:180 cls: 10.317 9.29949 ( 6.77725 : 13.0902 )  ( 5.20742 : 18.2168 ) 
370:160 cls: 9.29759 8.44315 ( 6.11 : 11.5786 )  ( 5.86925 : 16.9345 ) 
280:130 cls: 17.5311 17.4339 ( 13.558 : 26.1942 )  ( 10.4908 : 35.9116 ) 
390:190 cls: 9.97091 8.6195 ( 6.86861 : 12.1025 )  ( 6.88628 : 16.6728 ) 
310:130 cls: 11.5324 11.0464 ( 8.32024 : 15.6362 )  ( 6.93032 : 22.1836 ) 
400:190 cls: 10.4605 9.00012 ( 6.51667 : 12.6802 )  ( 6.02945 : 17.6505 ) 
200:90 cls: 29.2452 34.7883 ( 28.1023 : 50.9251 )  ( 16.1546 : 71.2649 ) 
410:180 cls: 9.68054 7.65448 ( 5.90885 : 10.8673 )  ( 4.98769 : 15.6314 ) 
120:10 cls: 41.9622 47.6768 ( 31.6417 : 70.9333 )  ( 27.7309 : 101.985 ) 
170:70 cls: 30.8101 43.73 ( 29.8894 : 62.0817 )  ( 22.5642 : 91.4818 ) 
250:50 cls: 11.3365 11.546 ( 9.06542 : 16.1509 )  ( 6.3288 : 23.3347 ) 
420:170 cls: 9.28229 7.38654 ( 5.77455 : 10.8108 )  ( 4.68979 : 15.6301 ) 
360:140 cls: 9.61809 8.84798 ( 6.87286 : 11.8116 )  ( 5.74781 : 17.1189 ) 
300:50 cls: 9.97801 8.59061 ( 6.54111 : 12.9083 )  ( 5.18389 : 17.8168 ) 
270:20 cls: 9.96454 9.6595 ( 6.91112 : 14.3439 )  ( 5.2933 : 19.9978 ) 
340:50 cls: 9.06837 8.18889 ( 6.51845 : 11.2812 )  ( 6.27387 : 16.7124 ) 
230:40 cls: 15.1256 16.188 ( 11.6691 : 23.6983 )  ( 8.6286 : 33.6372 ) 
440:100 cls: 8.14436 6.1807 ( 4.97234 : 9.09871 )  ( 4.63766 : 13.0372 ) 
430:140 cls: 8.11757 7.07943 ( 5.30339 : 9.91152 )  ( 4.79815 : 14.5096 ) 
380:190 cls: 10.7963 9.62881 ( 6.90141 : 14.386 )  ( 5.24768 : 20.1706 ) 
370:170 cls: 9.98376 8.65818 ( 6.74009 : 12.6245 )  ( 5.10713 : 18.4733 ) 
390:200 cls: 10.0764 9.17783 ( 7.26094 : 13.1791 )  ( 5.87493 : 18.4958 ) 
310:140 cls: 10.4672 11.0254 ( 8.33482 : 16.5265 )  ( 6.77212 : 22.4585 ) 
280:140 cls: 15.8232 19.6527 ( 14.8957 : 27.8673 )  ( 12.7133 : 38.3131 ) 
410:190 cls: 9.55661 7.8892 ( 5.88694 : 11.1172 )  ( 3.98605 : 15.83 ) 
200:100 cls: 34.7037 44.9027 ( 31.7531 : 66.9989 )  ( 25.1725 : 91.4691 ) 
400:200 cls: 10.5081 9.01134 ( 6.27698 : 13.0915 )  ( 7.0141 : 18.3901 ) 
320:210 cls: 18.0293 25.8907 ( 18.165 : 39.5597 )  ( 16.3651 : 54.4012 ) 
350:90 cls: 9.50751 7.48215 ( 5.78401 : 10.5665 )  ( 3.87391 : 15.777 ) 
180:0 cls: 15.317 21.48 ( 15.3809 : 31.5772 )  ( 10.1781 : 42.7669 ) 
120:20 cls: 43.3487 53.8919 ( 38.897 : 82.7821 )  ( 28.7807 : 0 ) 
250:60 cls: 13.75 15.3137 ( 11.6921 : 22.6216 )  ( 10.2363 : 31.3482 ) 
420:180 cls: 9.61537 7.65545 ( 6.22195 : 10.9216 )  ( 5.2989 : 15.5175 ) 
360:150 cls: 9.43609 8.41959 ( 6.23879 : 12.1859 )  ( 4.8485 : 17.5552 ) 
270:30 cls: 10.1069 9.24025 ( 6.39511 : 13.4439 )  ( 5.1456 : 18.9928 ) 
340:60 cls: 9.23941 8.08891 ( 5.88517 : 11.5608 )  ( 4.90728 : 16.7411 ) 
440:110 cls: 7.85507 6.50054 ( 4.98611 : 9.36741 )  ( 4.23814 : 12.6495 ) 
300:60 cls: 10.6498 8.69534 ( 6.61388 : 12.5058 )  ( 6.02163 : 17.9478 ) 
230:50 cls: 11.3189 12.7785 ( 9.7576 : 18.4321 )  ( 8.09522 : 25.0572 ) 
430:150 cls: 7.9625 6.66932 ( 5.09877 : 9.74214 )  ( 4.31176 : 13.7993 ) 
370:180 cls: 10.3038 9.47498 ( 6.96463 : 13.6726 )  ( 5.27312 : 19.4005 ) 
380:200 cls: 11.0338 10.0599 ( 7.27059 : 13.9341 )  ( 8.20495 : 19.527 ) 
390:210 cls: 10.432 9.48781 ( 6.96764 : 14.4826 )  ( 5.23171 : 18.5186 ) 
310:150 cls: 9.99026 11.4056 ( 8.21022 : 16.9493 )  ( 6.89541 : 23.5922 ) 
280:150 cls: 15.163 20.7151 ( 14.7258 : 28.8485 )  ( 9.66084 : 41.3225 ) 
210:0 cls: 15.9043 16.8389 ( 12.602 : 24.2779 )  ( 9.29434 : 35.3695 ) 
410:200 cls: 9.99142 8.68154 ( 5.99958 : 12.4955 )  ( 6.90607 : 17.6415 ) 
180:10 cls: 16.1045 21.905 ( 15.7006 : 31.4952 )  ( 11.6456 : 42.5793 ) 
250:70 cls: 11.1033 12.4676 ( 9.64351 : 18.2093 )  ( 6.56478 : 24.6336 ) 
400:210 cls: 10.1641 8.56168 ( 6.93145 : 12.6889 )  ( 4.77803 : 18.3165 ) 
350:100 cls: 9.72025 8.47619 ( 6.09202 : 11.8147 )  ( 6.68068 : 16.8346 ) 
420:190 cls: 9.63649 7.76778 ( 5.81756 : 11.5298 )  ( 4.9781 : 16.4915 ) 
440:120 cls: 7.69294 6.43062 ( 4.66773 : 9.00605 )  ( 5.71973 : 13.3564 ) 
360:160 cls: 10.1862 8.36493 ( 6.43427 : 11.995 )  ( 5.33455 : 17.1834 ) 
270:40 cls: 10.6835 10.5162 ( 7.09611 : 15.0166 )  ( 5.97864 : 20.1803 ) 
130:0 cls: 29.1281 43.2307 ( 30.3479 : 64.6651 )  ( 25.6704 : 89.7723 ) 
340:70 cls: 9.71881 8.04675 ( 6.4724 : 11.8277 )  ( 4.47561 : 17.6223 ) 
300:70 cls: 10.0357 8.76698 ( 6.83271 : 12.2615 )  ( 5.85703 : 17.8341 ) 
230:60 cls: 14.668 16.4718 ( 12.2939 : 23.2179 )  ( 8.93887 : 32.2921 ) 
320:220 cls: 33.1095 33.3127 ( 24.5077 : 48.1126 )  ( 17.558 : 70.8045 ) 
430:160 cls: 9.16065 7.60069 ( 6.35471 : 11.0546 )  ( 4.62426 : 15.2441 ) 
390:220 cls: 12.6079 12.6237 ( 10.1025 : 18.9341 )  ( 9.86167 : 26.0491 ) 
370:190 cls: 10.3213 9.3235 ( 6.75185 : 13.2557 )  ( 5.22174 : 18.5297 ) 
380:210 cls: 11.27 9.83201 ( 6.84439 : 13.8655 )  ( 5.38636 : 20.0804 ) 
310:160 cls: 15.7408 16.7524 ( 11.9558 : 24.7549 )  ( 7.81176 : 33.5833 ) 
280:160 cls: 22.4728 25.3854 ( 18.1195 : 38.3264 )  ( 13.2167 : 53.0734 ) 
180:20 cls: 17.8651 23.9677 ( 17.1525 : 35.2446 )  ( 15.4428 : 46.7221 ) 
210:10 cls: 16.2396 17.9544 ( 13.8531 : 26.6626 )  ( 9.96432 : 35.8009 ) 
410:210 cls: 10.2389 8.96958 ( 7.32621 : 12.7762 )  ( 5.13686 : 17.8696 ) 
250:80 cls: 12.2676 11.3513 ( 8.36424 : 16.0758 )  ( 5.64909 : 23.0263 ) 
350:110 cls: 9.55991 8.49803 ( 6.40518 : 12.2249 )  ( 5.2989 : 17.5126 ) 
440:130 cls: 7.97491 6.61941 ( 5.86928 : 9.2948 )  ( 4.44131 : 13.4954 ) 
420:200 cls: 9.97871 8.28286 ( 6.13695 : 11.6051 )  ( 5.43771 : 17.0019 ) 
360:170 cls: 10.4165 9.36941 ( 6.73434 : 13.3045 )  ( 5.6318 : 20.0032 ) 
400:220 cls: 9.30963 9.44204 ( 7.02021 : 13.6396 )  ( 4.79185 : 19.5017 ) 
270:50 cls: 10.1492 10.8306 ( 7.52577 : 16.0832 )  ( 4.72541 : 21.1531 ) 
340:80 cls: 9.25134 7.55242 ( 5.94115 : 11.0398 )  ( 4.34648 : 16.0054 ) 
300:80 cls: 10.4803 8.61416 ( 6.50673 : 12.6148 )  ( 7.16718 : 17.777 ) 
230:70 cls: 15.6952 16.6068 ( 12.4912 : 24.9124 )  ( 9.12152 : 35.3212 ) 
130:10 cls: 35.1205 40.7247 ( 31.2255 : 57.5072 )  ( 21.1421 : 83.1116 ) 
430:170 cls: 9.45255 7.48166 ( 5.75765 : 10.911 )  ( 5.05434 : 15.7319 ) 
390:230 cls: 10.4003 11.6892 ( 8.45413 : 16.4382 )  ( 7.19359 : 23.8431 ) 
330:0 cls: 9.25866 7.80051 ( 5.91169 : 11.1053 )  ( 4.68703 : 15.9972 ) 
380:220 cls: 11.155 10.8409 ( 8.07286 : 15.9454 )  ( 6.77489 : 22.7952 ) 
310:170 cls: 16.7164 18.6367 ( 12.8798 : 25.7102 )  ( 9.96626 : 36.3757 ) 
370:200 cls: 10.4852 10.1998 ( 7.49037 : 13.9761 )  ( 5.11776 : 19.5016 ) 
280:170 cls: 23.489 27.9604 ( 21.7681 : 42.1479 )  ( 13.5993 : 57.3768 ) 
180:30 cls: 17.9546 24.0428 ( 17.562 : 35.8019 )  ( 14.3322 : 48.591 ) 
210:20 cls: 13.6988 17.2981 ( 12.793 : 25.4264 )  ( 11.1114 : 35.0027 ) 
410:220 cls: 10.374 8.89094 ( 6.5065 : 13.0327 )  ( 4.87334 : 17.5747 ) 
250:90 cls: 13.4883 14.9152 ( 10.5008 : 21.4532 )  ( 8.95035 : 29.7053 ) 
350:120 cls: 9.38354 8.00577 ( 6.27193 : 11.3721 )  ( 4.8684 : 17.2153 ) 
420:210 cls: 9.79374 8.11637 ( 5.95652 : 12.1504 )  ( 5.68562 : 16.9209 ) 
440:140 cls: 8.01684 6.45221 ( 5.57485 : 9.09633 )  ( 4.72796 : 13.1839 ) 
360:180 cls: 10.3986 9.75062 ( 7.29544 : 13.6084 )  ( 6.28424 : 19.3343 ) 
270:60 cls: 11.4805 11.4857 ( 8.20223 : 16.0015 )  ( 6.84092 : 22.5454 ) 
230:80 cls: 16.3376 21.1256 ( 15.4887 : 30.5629 )  ( 13.649 : 41.8241 ) 
400:230 cls: 10.1439 10.5935 ( 7.22749 : 15.9911 )  ( 6.12399 : 21.8782 ) 
340:90 cls: 9.71717 8.44877 ( 6.6221 : 11.7005 )  ( 5.30173 : 17.1771 ) 
130:20 cls: 40.5549 50.9054 ( 37.5205 : 74.1382 )  ( 29.4536 : 105.308 ) 
430:180 cls: 9.14575 7.55932 ( 6.27398 : 11.0727 )  ( 4.48674 : 16.4407 ) 
390:240 cls: 10.4139 12.5634 ( 8.49177 : 17.5966 )  ( 7.40732 : 24.5839 ) 
300:90 cls: 10.541 9.86057 ( 7.67183 : 13.5216 )  ( 5.60022 : 18.9103 ) 
310:180 cls: 19.8632 22.7752 ( 15.4952 : 29.9643 )  ( 12.0194 : 42.4642 ) 
330:10 cls: 9.89682 7.88061 ( 5.95424 : 11.7734 )  ( 5.81447 : 16.4043 ) 
380:230 cls: 11.3938 11.2636 ( 7.95761 : 16.4422 )  ( 7.08591 : 23.1388 ) 
280:180 cls: 30.7603 37.0261 ( 27.7796 : 53.251 )  ( 25.2586 : 75.7552 ) 
370:210 cls: 12.6869 10.6565 ( 7.85691 : 15.7404 )  ( 6.5746 : 22.2087 ) 
180:40 cls: 19.2871 24.311 ( 16.9639 : 34.6316 )  ( 15.3256 : 47.9116 ) 
250:100 cls: 13.906 17.133 ( 12.8318 : 26.5894 )  ( 9.06716 : 37.6619 ) 
210:30 cls: 14.8024 18.065 ( 13.1431 : 26.7985 )  ( 11.15 : 39.4005 ) 
410:230 cls: 10.403 9.74442 ( 7.79243 : 13.985 )  ( 6.32727 : 18.7262 ) 
440:150 cls: 8.13688 6.6108 ( 5.50538 : 9.50821 )  ( 4.5637 : 13.0245 ) 
350:130 cls: 9.22715 8.25686 ( 6.5556 : 12.2891 )  ( 5.1093 : 17.4427 ) 
420:220 cls: 9.46781 8.80749 ( 6.94856 : 12.6459 )  ( 5.04354 : 16.8979 ) 
230:90 cls: 16.994 20.4864 ( 16.0264 : 29.231 )  ( 8.41863 : 41.4397 ) 
360:190 cls: 10.4837 9.45616 ( 7.12681 : 13.9719 )  ( 5.34734 : 18.9939 ) 
400:240 cls: 9.69893 11.1214 ( 8.59118 : 16.2883 )  ( 6.08895 : 22.7669 ) 
340:100 cls: 10.1631 8.44218 ( 5.99323 : 12.2371 )  ( 5.09745 : 18.1401 ) 
430:190 cls: 9.08777 7.5678 ( 5.44906 : 10.6005 )  ( 3.75059 : 14.8761 ) 
390:250 cls: 14.1326 15.2299 ( 11.1476 : 22.1471 )  ( 7.62512 : 29.3385 ) 
380:240 cls: 14.2887 15.4087 ( 11.4103 : 24.2709 )  ( 10.5526 : 32.752 ) 
330:20 cls: 10.1008 8.64977 ( 6.45999 : 12.1976 )  ( 6.17728 : 18.0638 ) 
270:70 cls: 10.7356 10.1667 ( 7.82451 : 14.9885 )  ( 5.59403 : 20.6949 ) 
130:30 cls: 39.2299 49.9314 ( 35.0069 : 74.4746 )  ( 30.5084 : 106.947 ) 
310:190 cls: 17.4076 20.8691 ( 14.1092 : 32.4237 )  ( 11.1866 : 44.2685 ) 
290:0 cls: 10.1635 8.30085 ( 6.57886 : 11.6871 )  ( 7.15321 : 16.511 ) 
370:220 cls: 11.3256 12.7138 ( 8.93373 : 17.8675 )  ( 6.98881 : 25.9596 ) 
300:100 cls: 10.8282 10.2331 ( 7.43521 : 14.4474 )  ( 4.74786 : 20.0244 ) 
180:50 cls: 22.5701 30.0582 ( 22.8636 : 41.8079 )  ( 17.6727 : 59.0358 ) 
250:110 cls: 16.9999 19.1147 ( 15.4889 : 26.8031 )  ( 12.2964 : 39.0614 ) 
350:140 cls: 9.28233 7.98186 ( 6.05638 : 11.4516 )  ( 5.85705 : 15.4248 ) 
420:230 cls: 10.4267 9.11773 ( 6.82593 : 13.3806 )  ( 6.29308 : 18.3264 ) 
210:40 cls: 15.5714 18.1607 ( 14.531 : 26.9606 )  ( 11.9021 : 38.2954 ) 
440:160 cls: 8.38954 7.07084 ( 5.0604 : 9.71132 )  ( 4.63047 : 13.6382 ) 
230:100 cls: 23.4645 21.8052 ( 17.0222 : 32.4877 )  ( 12.8382 : 46.2268 ) 
360:200 cls: 11.7145 10.0808 ( 7.2458 : 14.5368 )  ( 5.17166 : 20.312 ) 
340:110 cls: 9.59595 8.29564 ( 6.37981 : 11.8207 )  ( 5.50733 : 17.0569 ) 
390:260 cls: 18.2148 19.5339 ( 14.9553 : 29.7301 )  ( 12.0707 : 40.0736 ) 
430:200 cls: 9.07717 7.84163 ( 5.99036 : 11.1266 )  ( 5.05434 : 15.9162 ) 
380:250 cls: 13.9283 17.7699 ( 12.123 : 25.5273 )  ( 9.63126 : 35.733 ) 
410:240 cls: 10.8759 10.2519 ( 7.43434 : 15.1541 )  ( 7.30069 : 20.8032 ) 
400:250 cls: 11.8136 11.4892 ( 8.25415 : 16.6958 )  ( 6.36832 : 23.2434 ) 
330:30 cls: 9.84811 8.37874 ( 6.1641 : 12.0194 )  ( 5.94348 : 16.9027 ) 
310:200 cls: 24.9043 29.6709 ( 22.2061 : 43.6167 )  ( 18.4702 : 56.3591 ) 
370:230 cls: 13.0415 17.2768 ( 12.0827 : 25.7311 )  ( 13.1224 : 36.5788 ) 
290:10 cls: 10.0256 8.88082 ( 6.62206 : 12.3947 )  ( 6.47187 : 16.9146 ) 
140:0 cls: 27.9914 39.4221 ( 28.4888 : 57.4026 )  ( 21.7929 : 78.9909 ) 
180:60 cls: 26.8905 31.458 ( 21.9962 : 42.6529 )  ( 19.2899 : 59.6042 ) 
300:110 cls: 10.766 10.2247 ( 7.20917 : 15.4382 )  ( 7.33362 : 20.8088 ) 
270:80 cls: 10.2753 11.063 ( 8.36945 : 16.4647 )  ( 5.62812 : 22.196 ) 
250:120 cls: 17.4286 23.8973 ( 16.5277 : 32.8664 )  ( 10.6046 : 44.5425 ) 
420:240 cls: 10.8068 9.82704 ( 7.16242 : 14.3491 )  ( 5.69919 : 19.6923 ) 
440:170 cls: 8.74139 7.74209 ( 5.86867 : 10.5872 )  ( 4.6423 : 14.5944 ) 
350:150 cls: 10.7845 9.79117 ( 7.51438 : 14.1095 )  ( 4.6761 : 19.284 ) 
230:110 cls: 24.2243 26.5481 ( 18.3163 : 37.1838 )  ( 15.2395 : 52.5263 ) 
360:210 cls: 14.9651 14.9475 ( 11.0003 : 21.308 )  ( 8.13514 : 29.3575 ) 
210:50 cls: 15.377 18.369 ( 13.8616 : 28.1743 )  ( 10.832 : 39.333 ) 
340:120 cls: 10.2015 8.90201 ( 7.50658 : 13.2461 )  ( 4.78972 : 18.838 ) 
380:260 cls: 18.4445 22.6746 ( 15.6058 : 33.5162 )  ( 13.0105 : 44.1758 ) 
390:270 cls: 20.8218 19.9821 ( 14.5845 : 28.1437 )  ( 10.6242 : 39.3179 ) 
310:210 cls: 23.288 35.2915 ( 23.9389 : 50.869 )  ( 17.4217 : 75.3148 ) 
430:210 cls: 9.41856 7.85649 ( 6.14768 : 11.4827 )  ( 6.18136 : 16.7889 ) 
410:250 cls: 10.9079 11.2495 ( 8.1427 : 15.8882 )  ( 6.36135 : 22.9588 ) 
290:20 cls: 9.96896 8.63459 ( 6.37538 : 11.9398 )  ( 5.75983 : 17.4496 ) 
370:240 cls: 16.5227 18.6423 ( 13.6158 : 26.3451 )  ( 10.0852 : 37.3977 ) 
330:40 cls: 9.99841 8.82097 ( 6.73799 : 12.245 )  ( 4.83755 : 17.6479 ) 
140:10 cls: 27.2702 36.7012 ( 26.1429 : 54.0923 )  ( 21.7877 : 76.5937 ) 
180:70 cls: 28.946 39.2479 ( 28.119 : 56.7516 )  ( 20.5229 : 79.8315 ) 
400:260 cls: 15.3338 16.6831 ( 10.8959 : 23.2615 )  ( 5.9063 : 33.6834 ) 
250:130 cls: 19.6388 24.6913 ( 18.6087 : 35.2457 )  ( 15.0941 : 48.9255 ) 
300:120 cls: 11.0028 10.5335 ( 7.19593 : 15.4938 )  ( 6.1546 : 21.5326 ) 
420:250 cls: 10.1165 8.99766 ( 7.371 : 13.3796 )  ( 5.19608 : 18.4047 ) 
270:90 cls: 10.4186 10.6069 ( 7.85545 : 15.3033 )  ( 6.59891 : 20.1979 ) 
350:160 cls: 10.5559 9.17504 ( 6.47188 : 13.354 )  ( 5.38522 : 18.0999 ) 
360:220 cls: 14.4376 15.6779 ( 11.0971 : 22.9973 )  ( 8.5278 : 32.7908 ) 
230:120 cls: 23.0648 32.4033 ( 22.6039 : 46.5073 )  ( 14.9016 : 63.9861 ) 
440:180 cls: 8.89836 7.46188 ( 6.14685 : 10.4668 )  ( 4.5425 : 14.8501 ) 
340:130 cls: 10.5076 8.87513 ( 6.76347 : 13.2398 )  ( 4.82629 : 18.0321 ) 
390:280 cls: 18.8419 24.0323 ( 17.5075 : 35.4203 )  ( 13.827 : 47.6375 ) 
210:60 cls: 16.7328 20.0839 ( 15.297 : 29.6932 )  ( 16.9325 : 41.2676 ) 
380:270 cls: 19.3077 24.6041 ( 18.5045 : 36.2545 )  ( 13.6346 : 51.0008 ) 
320:0 cls: 9.79829 8.66055 ( 6.49382 : 12.0387 )  ( 5.70367 : 17.4147 ) 
370:250 cls: 18.2636 23.5085 ( 16.1942 : 33.1868 )  ( 12.6141 : 47.495 ) 
290:30 cls: 10.3563 9.11853 ( 6.3656 : 13.0913 )  ( 6.01557 : 18.6074 ) 
430:220 cls: 9.66327 8.85169 ( 6.51784 : 12.1414 )  ( 5.23128 : 17.4289 ) 
180:80 cls: 29.3595 40.1437 ( 29.3328 : 60.481 )  ( 24.9299 : 87.7987 ) 
410:260 cls: 12.517 10.7599 ( 7.97498 : 16.0412 )  ( 7.71232 : 22.5723 ) 
330:50 cls: 10.5643 9.27967 ( 7.00511 : 12.6909 )  ( 5.03065 : 17.5478 ) 
140:20 cls: 32.1689 37.8123 ( 27.9357 : 52.1594 )  ( 23.0306 : 74.871 ) 
400:270 cls: 16.4693 18.1687 ( 13.8946 : 26.7256 )  ( 10.9208 : 38.2015 ) 
250:140 cls: 24.4563 27.6943 ( 19.8362 : 40.4695 )  ( 17.0077 : 57.0265 ) 
300:130 cls: 11.194 11.5187 ( 8.24507 : 16.3649 )  ( 9.1892 : 23.6523 ) 
420:260 cls: 10.938 9.76003 ( 7.52013 : 14.8144 )  ( 6.59261 : 20.1719 ) 
270:100 cls: 11.0892 10.9312 ( 7.88372 : 16.4562 )  ( 4.98889 : 22.4156 ) 
360:230 cls: 16.5563 17.9951 ( 12.96 : 25.8024 )  ( 10.2066 : 35.7181 ) 
440:190 cls: 8.12319 7.12214 ( 5.41056 : 10.4935 )  ( 3.9738 : 15.1431 ) 
230:130 cls: 30.0451 39.8695 ( 28.7953 : 55.7293 )  ( 21.2791 : 78.0474 ) 
390:290 cls: 29.5233 33.1909 ( 23.7032 : 45.6766 )  ( 17.0464 : 68.2618 ) 
340:140 cls: 10.4311 8.88576 ( 6.82228 : 12.9997 )  ( 6.65179 : 18.2513 ) 
210:70 cls: 15.885 21.9721 ( 15.9425 : 32.5073 )  ( 11.0554 : 43.9736 ) 
350:170 cls: 11.0672 10.0019 ( 7.7036 : 14.0525 )  ( 5.42186 : 20.0896 ) 
320:10 cls: 10.1444 8.54981 ( 6.03401 : 12.2754 )  ( 5.94652 : 16.6685 ) 
370:260 cls: 22.0986 28.3324 ( 19.5634 : 38.9576 )  ( 13.5202 : 52.5989 ) 
380:280 cls: 31.5914 32.8422 ( 25.1211 : 47.1093 )  ( 17.8898 : 68.3743 ) 
430:230 cls: 10.2666 8.98055 ( 6.78781 : 12.6311 )  ( 5.26984 : 18.181 ) 
290:40 cls: 10.422 9.45233 ( 6.8972 : 13.0498 )  ( 6.75739 : 18.3037 ) 
190:0 cls: 15.3669 19.7473 ( 14.5146 : 28.0721 )  ( 11.2153 : 40.0179 ) 
410:270 cls: 16.4278 15.0435 ( 10.6184 : 21.1087 )  ( 9.27573 : 30.2252 ) 
400:280 cls: 17.4928 21.7018 ( 15.993 : 31.143 )  ( 11.0103 : 42.9513 ) 
140:30 cls: 28.1266 39.1517 ( 26.3286 : 53.4947 )  ( 24.871 : 77.0658 ) 
250:150 cls: 22.96 32.7526 ( 22.9334 : 46.8139 )  ( 18.2404 : 67.5734 ) 
300:140 cls: 11.2808 12.8082 ( 9.81869 : 18.916 )  ( 8.20742 : 25.2327 ) 
330:60 cls: 9.77717 8.36136 ( 6.82866 : 12.4179 )  ( 6.90607 : 17.7851 ) 
270:110 cls: 10.3939 12.6426 ( 9.4144 : 17.9537 )  ( 6.98739 : 24.8058 ) 
420:270 cls: 11.608 10.1135 ( 7.00063 : 14.8415 )  ( 5.83352 : 20.5795 ) 
360:240 cls: 18.0817 23.1056 ( 16.3583 : 32.3306 )  ( 11.0643 : 44.1409 ) 
440:200 cls: 9.17334 7.61826 ( 5.94324 : 11.08 )  ( 5.54121 : 16.0442 ) 
340:150 cls: 10.1546 9.61995 ( 7.13614 : 14.0649 )  ( 5.18363 : 18.8473 ) 
400:0 cls: 8.12272 6.95426 ( 5.3929 : 9.7071 )  ( 4.70518 : 13.4823 ) 
240:0 cls: 10.061 10.8025 ( 8.31894 : 15.9614 )  ( 6.01642 : 22.7623 ) 
390:0 cls: 7.26522 6.10637 ( 4.95019 : 8.60334 )  ( 4.44131 : 12.374 ) 
370:270 cls: 32.8328 31.8496 ( 23.6697 : 46.8486 )  ( 17.0041 : 66.7685 ) 
210:80 cls: 19.7828 26.9822 ( 20.5768 : 39.7058 )  ( 13.2983 : 55.91 ) 
190:10 cls: 18.0078 22.5611 ( 16.3489 : 31.4247 )  ( 11.8911 : 42.8796 ) 
430:240 cls: 10.4224 9.13889 ( 7.56122 : 13.9612 )  ( 4.92125 : 19.0658 ) 
320:20 cls: 9.88987 8.88164 ( 6.35056 : 12.0771 )  ( 5.38718 : 16.7544 ) 
290:50 cls: 10.7599 9.30738 ( 6.95639 : 13.446 )  ( 6.20482 : 18.3201 ) 
400:290 cls: 20.5879 25.2023 ( 19.3181 : 36.937 )  ( 15.5782 : 49.8879 ) 
140:40 cls: 40.2925 50.3212 ( 35.211 : 74.9075 )  ( 26.5425 : 107.43 ) 
260:0 cls: 10.6155 9.73012 ( 6.79812 : 14.0718 )  ( 5.00848 : 18.8992 ) 
410:280 cls: 16.3411 19.7936 ( 13.5668 : 29.6644 )  ( 10.9364 : 40.5307 ) 
300:150 cls: 15.6323 17.2301 ( 12.0435 : 24.3806 )  ( 10.6372 : 34.5579 ) 
360:250 cls: 20.2372 25.5004 ( 18.4871 : 35.7663 )  ( 15.3846 : 49.7061 ) 
420:280 cls: 14.7825 15.9414 ( 10.6538 : 24.2448 )  ( 9.03407 : 33.3016 ) 
350:180 cls: 10.4644 10.7495 ( 7.49931 : 15.8288 )  ( 6.14072 : 21.8492 ) 
270:120 cls: 14.4837 17.5422 ( 12.4338 : 25.6621 )  ( 10.0317 : 35.9335 ) 
330:70 cls: 10.0376 8.07653 ( 5.56978 : 12.0382 )  ( 4.9966 : 16.367 ) 
440:210 cls: 9.30154 8.08753 ( 6.35957 : 11.2328 )  ( 4.84409 : 16.1338 ) 
240:10 cls: 10.1726 11.0169 ( 7.92079 : 16.197 )  ( 5.99302 : 22.1084 ) 
340:160 cls: 11.0685 10.3699 ( 8.11697 : 15.0252 )  ( 5.58392 : 21.0892 ) 
390:10 cls: 7.4947 6.01102 ( 4.84839 : 8.6385 )  ( 4.71275 : 12.726 ) 
400:10 cls: 8.53752 7.09914 ( 5.49079 : 10.2895 )  ( 4.63047 : 14.3401 ) 
380:0 cls: 8.54825 6.93885 ( 5.32561 : 10.2289 )  ( 4.35872 : 14.1262 ) 
190:20 cls: 14.132 22.9114 ( 15.3307 : 33.4893 )  ( 11.9044 : 47.0505 ) 
210:90 cls: 19.8523 27.7251 ( 19.9196 : 40.6845 )  ( 15.1065 : 53.6154 ) 
430:250 cls: 10.3511 9.44413 ( 7.0968 : 13.5688 )  ( 4.78822 : 18.4121 ) 
290:60 cls: 10.4651 9.10127 ( 6.71943 : 13.2485 )  ( 5.15473 : 18.2456 ) 
400:300 cls: 25.2197 31.2259 ( 23.8206 : 44.5025 )  ( 20.5192 : 64.4988 ) 
150:0 cls: 26.5229 32.0731 ( 23.4156 : 46.1261 )  ( 20.4146 : 65.1021 ) 
260:10 cls: 11.37 10.2262 ( 7.26761 : 14.9967 )  ( 5.69919 : 19.6947 ) 
320:30 cls: 9.35031 8.27595 ( 5.97472 : 11.9671 )  ( 4.4738 : 17.2174 ) 
300:160 cls: 17.1039 19.4366 ( 13.8187 : 27.8854 )  ( 12.2324 : 40.3128 ) 
410:290 cls: 20.3983 20.463 ( 14.2602 : 29.7641 )  ( 10.9993 : 40.9684 ) 
360:260 cls: 26.9508 36.4893 ( 26.8354 : 53.7182 )  ( 20.3736 : 73.0791 ) 
420:290 cls: 16.5135 19.3022 ( 13.6398 : 27.2482 )  ( 9.97453 : 37.7003 ) 
240:20 cls: 12.334 14.7854 ( 10.9655 : 20.5864 )  ( 9.65807 : 29.3225 ) 
270:130 cls: 16.301 19.3654 ( 14.6926 : 28.1273 )  ( 13.9639 : 38.2652 ) 
330:80 cls: 10.369 8.78133 ( 6.7211 : 12.1332 )  ( 5.05791 : 16.9003 ) 
440:220 cls: 10.2766 8.80151 ( 6.5329 : 12.0773 )  ( 5.33469 : 17.5473 ) 
390:20 cls: 8.31633 6.73005 ( 5.12741 : 9.45377 )  ( 3.8399 : 13.0235 ) 
340:170 cls: 11.0388 10.2116 ( 7.63174 : 14.554 )  ( 6.82841 : 21.236 ) 
400:20 cls: 8.4462 6.81552 ( 5.78924 : 10.2065 )  ( 4.31542 : 14.0066 ) 
380:10 cls: 8.25851 6.65796 ( 5.13819 : 9.97772 )  ( 5.13968 : 14.1438 ) 
190:30 cls: 17.0724 22.484 ( 17.4691 : 33.3818 )  ( 14.2317 : 45.2411 ) 
430:260 cls: 10.3634 9.90188 ( 7.49017 : 14.6293 )  ( 6.12104 : 19.8923 ) 
290:70 cls: 10.8166 9.72512 ( 7.17885 : 13.5856 )  ( 6.4897 : 19.0035 ) 
210:100 cls: 27.1582 34.5846 ( 23.1066 : 50.9776 )  ( 16.9645 : 70.4094 ) 
410:0 cls: 8.03055 6.56605 ( 5.04238 : 9.15169 )  ( 4.41018 : 13.0839 ) 
150:10 cls: 25.3925 36.9871 ( 25.1679 : 51.1081 )  ( 19.1595 : 71.776 ) 
260:20 cls: 10.4539 10.1161 ( 6.70704 : 14.9917 )  ( 5.61251 : 19.8292 ) 
300:170 cls: 18.9922 19.2057 ( 14.0714 : 27.67 )  ( 12.603 : 39.4676 ) 
350:190 cls: 11.7453 12.4854 ( 9.06983 : 17.6079 )  ( 7.04054 : 25.2768 ) 
320:40 cls: 9.98976 8.56345 ( 6.62798 : 12.284 )  ( 6.34175 : 17.1403 ) 
370:0 cls: 9.03151 7.24767 ( 5.46892 : 10.5253 )  ( 5.2619 : 14.5765 ) 
420:300 cls: 17.7288 21.3677 ( 14.8409 : 32.6572 )  ( 11.3257 : 43.4877 ) 
410:300 cls: 19.2391 25.5566 ( 18.9521 : 37.7629 )  ( 12.0059 : 52.5968 ) 
240:30 cls: 9.50428 10.9822 ( 7.80694 : 16.4144 )  ( 5.86223 : 22.2747 ) 
270:140 cls: 16.8367 20.427 ( 15.5665 : 29.7711 )  ( 8.48001 : 40.564 ) 
390:30 cls: 8.3077 6.90774 ( 5.53778 : 9.66121 )  ( 5.32276 : 13.8117 ) 
400:30 cls: 8.46511 6.87265 ( 5.53497 : 10.0088 )  ( 4.22695 : 14.1718 ) 
190:40 cls: 16.4399 21.0537 ( 15.1202 : 29.6037 )  ( 10.5471 : 41.6399 ) 
380:20 cls: 8.07173 6.60827 ( 4.61454 : 9.6416 )  ( 6.6069 : 13.9357 ) 
340:180 cls: 11.2858 11.023 ( 8.6869 : 15.4909 )  ( 6.23304 : 21.5617 ) 
330:90 cls: 10.4112 9.83987 ( 7.13131 : 12.9696 )  ( 5.04354 : 18.3444 ) 
440:230 cls: 10.0282 8.21002 ( 6.24853 : 12.4821 )  ( 5.76336 : 17.2664 ) 
430:270 cls: 10.2872 9.65689 ( 7.11939 : 14.1528 )  ( 5.89023 : 19.77 ) 
290:80 cls: 10.3306 9.85201 ( 7.16665 : 13.7724 )  ( 5.2636 : 19.4288 ) 
150:20 cls: 27.0552 34.741 ( 26.6845 : 51.1489 )  ( 16.0723 : 70.4401 ) 
210:110 cls: 34.3043 39.9674 ( 28.3937 : 60.0608 )  ( 19.899 : 81.0713 ) 
260:30 cls: 10.6375 9.88464 ( 7.66158 : 14.1886 )  ( 6.0229 : 20.3875 ) 
300:180 cls: 21.1788 26.3333 ( 18.7641 : 38.6031 )  ( 12.1017 : 53.4728 ) 
410:10 cls: 7.90416 6.34802 ( 5.15844 : 9.16199 )  ( 4.80891 : 13.0133 ) 
420:310 cls: 19.5293 23.9308 ( 16.5995 : 34.0894 )  ( 11.506 : 44.5757 ) 
370:10 cls: 8.85722 7.4374 ( 5.54815 : 10.5367 )  ( 5.14458 : 14.5753 ) 
320:50 cls: 10.3378 9.08212 ( 7.13363 : 12.6816 )  ( 5.80465 : 18.0143 ) 
410:310 cls: 29.7798 33.524 ( 24.0454 : 49.416 )  ( 16.6094 : 70.0991 ) 
270:150 cls: 18.2209 23.1983 ( 17.248 : 35.0504 )  ( 11.6904 : 44.8518 ) 
240:40 cls: 12.6508 10.7408 ( 7.69268 : 15.8797 )  ( 7.21098 : 22.2591 ) 
190:50 cls: 16.773 22.0726 ( 15.35 : 31.744 )  ( 13.4238 : 46.1768 ) 
400:40 cls: 8.23459 7.06205 ( 5.31278 : 10.1377 )  ( 5.16765 : 14.5291 ) 
380:30 cls: 8.51828 6.81757 ( 5.46426 : 9.67561 )  ( 4.81394 : 13.7801 ) 
340:190 cls: 16.58 16.7394 ( 12.5759 : 24.2937 )  ( 7.90087 : 34.0953 ) 
390:40 cls: 8.69418 6.9923 ( 5.52394 : 10.1514 )  ( 5.91931 : 13.9923 ) 
440:240 cls: 9.79296 8.96491 ( 7.00977 : 12.6061 )  ( 4.48212 : 17.9677 ) 
430:280 cls: 10.6426 10.2672 ( 7.73335 : 15.2517 )  ( 7.03874 : 21.7949 ) 
290:90 cls: 10.4823 9.67598 ( 7.25994 : 14.1407 )  ( 5.68185 : 19.1146 ) 
330:100 cls: 10.8024 9.64091 ( 7.22786 : 13.5903 )  ( 6.27325 : 19.1794 ) 
260:40 cls: 10.8771 10.5684 ( 7.54755 : 15.8875 )  ( 6.60763 : 21.4675 ) 
300:190 cls: 23.2192 29.8929 ( 20.3562 : 42.2739 )  ( 16.1161 : 59.6595 ) 
350:200 cls: 10.5468 11.8279 ( 8.49471 : 17.3258 )  ( 6.55613 : 24.3932 ) 
150:30 cls: 28.9757 36.5453 ( 25.5882 : 50.0221 )  ( 17.2684 : 73.0944 ) 
220:0 cls: 14.6176 16.2397 ( 11.416 : 23.6731 )  ( 6.70731 : 32.7927 ) 
410:20 cls: 8.13229 6.65566 ( 5.30307 : 9.67221 )  ( 4.6749 : 13.7172 ) 
420:320 cls: 26.4246 27.6672 ( 20.0978 : 42.6112 )  ( 17.1284 : 57.2115 ) 
370:20 cls: 8.59835 7.1549 ( 5.33265 : 10.4749 )  ( 4.65308 : 15.2099 ) 
320:60 cls: 10.3525 8.88962 ( 6.93813 : 12.5772 )  ( 5.90009 : 18.2121 ) 
420:0 cls: 8.03474 6.35866 ( 5.1536 : 8.87417 )  ( 4.73534 : 13.5695 ) 
270:160 cls: 21.5366 29.6047 ( 21.2573 : 41.4681 )  ( 16.201 : 61.7437 ) 
190:60 cls: 19.1638 27.0238 ( 19.04 : 40.8532 )  ( 14.9166 : 53.4888 ) 
240:50 cls: 11.4264 11.9305 ( 9.04172 : 17.1581 )  ( 8.56974 : 24.0666 ) 
400:50 cls: 8.22998 6.83627 ( 5.19644 : 9.74123 )  ( 4.70569 : 14.2359 ) 
340:200 cls: 14.9953 16.8568 ( 12.6761 : 23.9398 )  ( 7.84699 : 33.2956 ) 
380:40 cls: 8.40166 6.5093 ( 5.11376 : 10.059 )  ( 4.46007 : 13.6816 ) 
390:50 cls: 8.07911 6.29761 ( 4.89716 : 9.04382 )  ( 4.9431 : 12.5927 ) 
440:250 cls: 10.0046 9.0185 ( 6.43106 : 12.7252 )  ( 5.31611 : 17.3318 ) 
430:290 cls: 14.9075 15.1437 ( 11.0769 : 22.5833 )  ( 9.73995 : 31.0995 ) 
290:100 cls: 10.9434 11.1979 ( 7.78418 : 16.0961 )  ( 8.07769 : 21.8723 ) 
300:200 cls: 26.6347 36.1684 ( 26.2732 : 49.4378 )  ( 17.3433 : 75.3178 ) 
260:50 cls: 10.2621 10.3553 ( 8.0934 : 15.3824 )  ( 7.10014 : 20.5647 ) 
330:110 cls: 9.42832 9.94115 ( 7.53437 : 14.0455 )  ( 6.51296 : 19.5277 ) 
410:30 cls: 7.78641 6.24305 ( 5.24931 : 9.23979 )  ( 3.87193 : 12.937 ) 
350:210 cls: 15.0698 16.475 ( 12.0338 : 24.2457 )  ( 8.75238 : 33.808 ) 
150:40 cls: 29.2913 42.3351 ( 29.7677 : 64.0928 )  ( 27.6485 : 91.4379 ) 
430:0 cls: 8.43686 7.01008 ( 5.73639 : 9.86583 )  ( 4.94001 : 14.0378 ) 
220:10 cls: 14.6896 15.2987 ( 10.6276 : 22.039 )  ( 8.28911 : 29.7284 ) 
370:30 cls: 8.46623 7.02539 ( 5.51029 : 10.6573 )  ( 5.68906 : 14.7958 ) 
320:70 cls: 10.325 9.04425 ( 6.59655 : 13.286 )  ( 4.94001 : 18.5581 ) 
420:10 cls: 7.703 6.04209 ( 4.69406 : 8.89922 )  ( 0 : 12.6071 ) 
270:170 cls: 30.2383 37.1618 ( 28.1864 : 54.4665 )  ( 21.879 : 80.9865 ) 
190:70 cls: 18.9638 26.5104 ( 18.8868 : 39.7246 )  ( 12.425 : 59.0222 ) 
240:60 cls: 9.95884 11.9365 ( 8.35512 : 17.6981 )  ( 6.22695 : 24.7392 ) 
400:60 cls: 8.34242 7.06161 ( 5.58558 : 9.83094 )  ( 4.68408 : 13.3262 ) 
340:210 cls: 20.126 20.3201 ( 14.3743 : 28.3099 )  ( 11.3342 : 41.7464 ) 
380:50 cls: 8.40656 7.21431 ( 5.35112 : 9.89955 )  ( 6.03464 : 13.8175 ) 
390:60 cls: 8.24731 6.84576 ( 5.3279 : 10.0842 )  ( 5.52776 : 13.9361 ) 
440:260 cls: 10.1567 9.32964 ( 6.67621 : 13.7719 )  ( 6.42206 : 19.2682 ) 
430:300 cls: 15.9449 18.311 ( 12.77 : 25.262 )  ( 8.26664 : 35.694 ) 
290:110 cls: 10.1327 11.0551 ( 8.04303 : 16.4472 )  ( 6.44798 : 23.5607 ) 
310:0 cls: 10.4088 8.74672 ( 6.58383 : 12.247 )  ( 4.9147 : 17.4834 ) 
260:60 cls: 9.99946 10.8354 ( 8.53335 : 16.1316 )  ( 5.99929 : 23.2724 ) 
410:40 cls: 7.61725 5.94058 ( 4.90519 : 8.58565 )  ( 4.5995 : 12.3142 ) 
350:220 cls: 19.0745 21.7081 ( 16.2859 : 30.9399 )  ( 12.5297 : 43.3312 ) 
150:50 cls: 34.269 46.361 ( 31.1698 : 68.9931 )  ( 25.6352 : 102.324 ) 
370:40 cls: 7.86881 6.6701 ( 5.58709 : 9.44032 )  ( 4.46144 : 13.5159 ) 
430:10 cls: 7.79468 6.5816 ( 5.24029 : 9.40289 )  ( 3.70156 : 13.5372 ) 
330:120 cls: 9.99332 8.64782 ( 6.93618 : 12.3541 )  ( 3.87601 : 17.9611 ) 
320:80 cls: 10.3202 8.74139 ( 6.66596 : 12.6908 )  ( 5.51545 : 18.153 ) 
420:20 cls: 7.74633 6.5563 ( 5.30247 : 9.16948 )  ( 4.9431 : 13.1299 ) 
220:20 cls: 16.2971 16.4393 ( 11.778 : 22.737 )  ( 9.11634 : 31.8609 ) 
280:0 cls: 10.4435 8.85094 ( 6.89683 : 12.8586 )  ( 4.97307 : 17.842 ) 
190:80 cls: 26.9828 36.5346 ( 26.5985 : 52.5021 )  ( 18.3119 : 80.7934 ) 
240:70 cls: 11.0594 13.4305 ( 9.73197 : 18.8491 )  ( 6.99334 : 26.2708 ) 
340:220 cls: 20.4201 23.3163 ( 15.0417 : 34.8329 )  ( 13.9768 : 46.7905 ) 
400:70 cls: 8.58669 7.32097 ( 5.39421 : 10.4945 )  ( 4.83845 : 14.6532 ) 
380:60 cls: 8.29101 7.20533 ( 5.63155 : 9.82165 )  ( 6.26547 : 14.4877 ) 
390:70 cls: 8.18318 6.96351 ( 5.36463 : 9.60889 )  ( 4.66207 : 13.5688 ) 
440:270 cls: 9.38315 9.61986 ( 7.3675 : 14.1133 )  ( 5.26491 : 19.6463 ) 
430:310 cls: 17.0223 20.0643 ( 13.8496 : 27.7269 )  ( 11.5632 : 40.2667 ) 
290:120 cls: 10.1825 11.6233 ( 8.07568 : 16.9099 )  ( 6.88394 : 23.7197 ) 
260:70 cls: 10.2065 11.609 ( 8.57359 : 17.4193 )  ( 7.1109 : 24.0321 ) 
310:10 cls: 10.3649 8.87925 ( 6.81718 : 12.8651 )  ( 5.57381 : 18.4588 ) 
410:50 cls: 7.90506 6.30602 ( 4.78266 : 8.8965 )  ( 3.96752 : 12.4274 ) 
350:230 cls: 19.8613 22.5567 ( 16.9248 : 32.282 )  ( 14.1086 : 44.2422 ) 
430:20 cls: 8.10727 6.63109 ( 4.96328 : 9.2726 )  ( 4.24418 : 13.2556 ) 
370:50 cls: 8.55813 7.80414 ( 5.77991 : 10.6633 )  ( 4.60394 : 15.9615 ) 
160:0 cls: 21.7058 26.7767 ( 19.6137 : 40.1384 )  ( 15.6218 : 55.0511 ) 
330:130 cls: 9.71488 9.01743 ( 6.87686 : 13.3936 )  ( 5.3021 : 19.0182 ) 
420:30 cls: 7.98083 5.85376 ( 4.89938 : 8.74837 )  ( 4.46063 : 12.6377 ) 
320:90 cls: 10.2998 9.09267 ( 6.57519 : 12.9362 )  ( 6.13238 : 18.109 ) 
280:10 cls: 9.85698 9.77424 ( 7.22868 : 14.4077 )  ( 6.21204 : 20.3015 ) 
220:30 cls: 14.2439 16.2356 ( 12.1773 : 23.2315 )  ( 10.1118 : 31.2406 ) 
190:90 cls: 34.427 45.0674 ( 31.8829 : 64.0876 )  ( 20.9794 : 88.5658 ) 
340:230 cls: 21.7483 26.3133 ( 19.047 : 37.5141 )  ( 13.8786 : 52.9461 ) 
240:80 cls: 10.5601 12.7148 ( 8.90149 : 18.1545 )  ( 7.8013 : 24.3205 ) 
400:80 cls: 8.27773 6.91111 ( 5.40707 : 9.8438 )  ( 5.01464 : 13.7837 ) 
380:70 cls: 8.72335 7.54782 ( 5.89761 : 10.6625 )  ( 3.96073 : 15.1344 ) 
390:80 cls: 8.81066 7.18496 ( 5.72899 : 10.6418 )  ( 6.38738 : 14.5672 ) 
440:280 cls: 11.1278 11.3283 ( 8.19431 : 16.6114 )  ( 7.34122 : 23.2278 ) 
430:320 cls: 22.1415 25.2921 ( 18.0827 : 34.9126 )  ( 12.9488 : 50.301 ) 
290:130 cls: 14.2048 16.7828 ( 11.8183 : 23.7776 )  ( 8.22677 : 32.7125 ) 
260:80 cls: 11.4579 10.9541 ( 7.88181 : 16.3086 )  ( 4.49117 : 21.7878 ) 
310:20 cls: 10.0927 8.60954 ( 6.25607 : 12.0686 )  ( 5.1667 : 18.2783 ) 
410:60 cls: 7.98362 6.41609 ( 5.53249 : 9.30593 )  ( 4.48782 : 13.533 ) 
350:240 cls: 25.3047 27.2178 ( 18.2079 : 38.0193 )  ( 15.3948 : 51.5633 ) 
430:30 cls: 7.98792 6.34188 ( 4.69469 : 9.14677 )  ( 4.32671 : 13.3036 ) 
370:60 cls: 8.40549 7.31441 ( 5.64367 : 10.5632 )  ( 6.0249 : 14.6305 ) 
160:10 cls: 19.8143 26.2994 ( 19.7664 : 39.815 )  ( 17.3572 : 53.838 ) 
320:100 cls: 10.2263 9.36012 ( 6.46651 : 13.9518 )  ( 5.02526 : 18.8456 ) 
420:40 cls: 7.67701 5.89559 ( 5.08282 : 8.82317 )  ( 4.78287 : 12.6178 ) 
330:140 cls: 10.8218 10.2898 ( 6.79812 : 14.2016 )  ( 5.25437 : 19.5111 ) 
280:20 cls: 10.0985 9.58427 ( 6.58659 : 13.8934 )  ( 6.6545 : 18.9545 ) 
200:0 cls: 13.6418 16.7936 ( 12.5164 : 25.1565 )  ( 8.45726 : 35.4808 ) 
340:240 cls: 28.1394 36.7794 ( 27.5633 : 52.052 )  ( 22.7384 : 75.8148 ) 
220:40 cls: 14.8729 16.657 ( 11.426 : 24.0349 )  ( 10.4336 : 32.7712 ) 
240:90 cls: 16.9637 15.4636 ( 12.1916 : 24.0445 )  ( 9.38705 : 31.8712 ) 
400:90 cls: 8.85847 7.34296 ( 6.46634 : 10.5403 )  ( 5.28743 : 14.339 ) 
380:80 cls: 8.78928 7.21116 ( 5.33451 : 10.4682 )  ( 5.63047 : 14.4446 ) 
390:90 cls: 8.6424 7.44865 ( 5.84242 : 10.5238 )  ( 4.35872 : 15.3356 ) 
440:290 cls: 10.8968 12.2553 ( 8.66367 : 17.6538 )  ( 7.52497 : 25.6115 ) 
430:330 cls: 25.9491 29.5998 ( 21.7899 : 42.1308 )  ( 16.1589 : 61.221 ) 
290:140 cls: 14.9491 16.432 ( 11.5023 : 23.3538 )  ( 9.04897 : 32.1852 ) 
260:90 cls: 13.0391 15.0113 ( 12.0564 : 22.7798 )  ( 7.06857 : 30.6571 ) 
310:30 cls: 10.5621 8.96412 ( 6.95978 : 12.9195 )  ( 5.92037 : 17.3926 ) 
410:70 cls: 8.3263 7.18688 ( 5.68831 : 9.72819 )  ( 4.23755 : 13.4044 ) 
350:250 cls: 27.021 32.2208 ( 23.6468 : 44.8705 )  ( 16.106 : 65.7741 ) 
370:70 cls: 8.20429 6.81531 ( 5.52403 : 9.97019 )  ( 5.54648 : 14.505 ) 
430:40 cls: 8.08206 6.60459 ( 5.14019 : 9.39309 )  ( 4.4738 : 13.3596 ) 
160:20 cls: 21.585 30.0346 ( 22.4221 : 42.4555 )  ( 22.2064 : 61.9271 ) 
320:110 cls: 10.0804 10.1459 ( 7.17038 : 14.7108 )  ( 5.60074 : 20.33 ) 
200:10 cls: 14.2595 18.9438 ( 13.7726 : 26.733 )  ( 12.3967 : 36.8985 ) 
280:30 cls: 10.5954 9.05783 ( 7.23413 : 13.4473 )  ( 5.88059 : 18.5943 ) 
420:50 cls: 8.01383 6.6278 ( 5.40084 : 9.42641 )  ( 3.63853 : 13.0136 ) 
350:0 cls: 8.66261 7.49852 ( 5.76784 : 10.7416 )  ( 5.54121 : 14.8724 ) 
240:100 cls: 17.2891 19.6831 ( 14.172 : 27.7938 )  ( 9.41574 : 40.4987 ) 
400:100 cls: 8.68635 7.16475 ( 5.58361 : 9.91167 )  ( 3.61262 : 14.1055 ) 
220:50 cls: 15.0089 17.2026 ( 11.4738 : 24.0919 )  ( 8.11701 : 32.2788 ) 
380:90 cls: 8.75362 7.54655 ( 5.84251 : 11.1151 )  ( 4.44541 : 15.825 ) 
440:300 cls: 14.0507 15.4184 ( 10.6387 : 21.8775 )  ( 9.32105 : 30.938 ) 
440:0 cls: 7.58817 6.26473 ( 5.04867 : 8.7866 )  ( 5.71118 : 12.8743 ) 
390:100 cls: 8.57767 7.66827 ( 6.00374 : 10.7105 )  ( 6.55757 : 15.1611 ) 
330:150 cls: 11.9774 9.74947 ( 7.74322 : 14.2594 )  ( 5.27395 : 19.6626 ) 
290:150 cls: 16.9243 18.4348 ( 13.0071 : 26.1259 )  ( 12.1575 : 37.0203 ) 
260:100 cls: 10.4632 12.24 ( 9.21784 : 17.4765 )  ( 5.6244 : 24.2737 ) 
310:40 cls: 9.71313 8.64307 ( 6.80101 : 12.0898 )  ( 4.6423 : 17.2039 ) 
410:80 cls: 7.81436 6.29402 ( 5.06108 : 8.97243 )  ( 4.51465 : 13.1427 ) 
360:0 cls: 8.8999 7.13896 ( 5.5158 : 10.5636 )  ( 5.13672 : 14.7025 ) 
370:80 cls: 9.00102 7.55391 ( 5.78443 : 10.9231 )  ( 5.39978 : 15.5891 ) 
160:30 cls: 27.5444 34.4846 ( 22.9083 : 50.1902 )  ( 19.8004 : 73.0188 ) 
430:50 cls: 7.88858 6.46696 ( 5.36105 : 9.11729 )  ( 5.75878 : 13.2942 ) 
320:120 cls: 10.1517 9.65907 ( 7.21791 : 13.7951 )  ( 5.27617 : 19.1475 ) 
200:20 cls: 16.4014 19.4163 ( 15.1603 : 27.2206 )  ( 11.4209 : 37.8694 ) 
280:40 cls: 10.7803 9.82929 ( 6.97244 : 14.4316 )  ( 5.33447 : 20.5 ) 
420:60 cls: 7.79979 6.7918 ( 5.06087 : 9.32665 )  ( 4.24061 : 13.1523 ) 
240:110 cls: 21.6109 19.9732 ( 13.7348 : 28.8413 )  ( 12.6409 : 41.3056 ) 
350:10 cls: 8.98143 7.57873 ( 6.05908 : 10.8314 )  ( 5.86535 : 15.712 ) 
400:110 cls: 8.77151 7.41701 ( 6.12151 : 10.2809 )  ( 5.48758 : 14.6554 ) 
440:10 cls: 7.47971 6.18574 ( 5.06289 : 9.03563 )  ( 4.81584 : 12.6615 ) 
440:310 cls: 17.5169 18.8325 ( 14.3399 : 27.6499 )  ( 10.799 : 37.1478 ) 
220:60 cls: 13.2201 16.9761 ( 11.8499 : 24.7694 )  ( 8.69011 : 35.4244 ) 
380:100 cls: 8.91986 7.65739 ( 5.47775 : 10.6464 )  ( 4.67864 : 15.3923 ) 
390:110 cls: 9.18934 7.89304 ( 5.46597 : 10.9711 )  ( 3.75523 : 16.0436 ) 
290:160 cls: 18.6497 22.7126 ( 17.6276 : 32.7313 )  ( 13.2859 : 44.1474 ) 
260:110 cls: 14.8116 17.6556 ( 12.7084 : 23.8951 )  ( 11.2672 : 34.8528 ) 
330:160 cls: 11.0352 10.2947 ( 7.32045 : 15.4902 )  ( 4.8704 : 19.7539 ) 
310:50 cls: 9.94895 8.26796 ( 6.30606 : 12.069 )  ( 5.65165 : 16.8179 ) 
370:90 cls: 8.26054 6.94284 ( 5.1776 : 10.8017 )  ( 5.04354 : 14.8788 ) 
410:90 cls: 8.41683 7.06757 ( 5.47851 : 10.1525 )  ( 4.78822 : 14.2047 ) 
360:10 cls: 8.96436 7.61031 ( 5.92919 : 10.6349 )  ( 5.70109 : 15.0234 ) 
160:40 cls: 22.7343 34.4874 ( 23.5596 : 48.2781 )  ( 20.3951 : 71.0286 ) 
430:60 cls: 8.62512 6.92771 ( 5.5531 : 9.98144 )  ( 4.7743 : 14.0198 ) 
200:30 cls: 15.6317 19.7422 ( 13.4077 : 27.7657 )  ( 10.4656 : 38.3385 ) 
320:130 cls: 10.9893 9.95532 ( 7.38404 : 14.4766 )  ( 5.53415 : 19.4862 ) 
420:70 cls: 7.64556 6.4738 ( 5.49448 : 9.22618 )  ( 6.14473 : 13.0639 ) 
240:120 cls: 18.6628 24.4018 ( 18.2129 : 36.6186 )  ( 14.0266 : 51.0722 ) 
280:50 cls: 10.7209 9.60912 ( 6.69219 : 13.2854 )  ( 5.45863 : 19.4493 ) 
350:20 cls: 9.08466 8.04729 ( 6.10937 : 11.014 )  ( 5.63896 : 16.3762 ) 
400:120 cls: 9.28558 7.55628 ( 5.46966 : 10.8224 )  ( 7.56327 : 15.3895 ) 
440:20 cls: 6.87088 5.83782 ( 4.58235 : 8.30228 )  ( 4.45575 : 12.0964 ) 
440:320 cls: 15.2787 20.2615 ( 14.6939 : 28.3136 )  ( 10.7327 : 41.5275 ) 
380:110 cls: 9.28414 8.04237 ( 6.20359 : 11.2999 )  ( 4.72541 : 16.1417 ) 
390:120 cls: 9.21596 7.57771 ( 5.79428 : 10.6062 )  ( 4.74786 : 15.0874 ) 
220:70 cls: 16.6016 20.0044 ( 14.6085 : 28.5463 )  ( 11.224 : 39.9092 ) 
290:170 cls: 19.7828 24.6617 ( 18.2775 : 34.1812 )  ( 14.9403 : 46.256 ) 
260:120 cls: 16.57 17.7673 ( 13.9782 : 25.981 )  ( 9.13814 : 35.9251 ) 
330:170 cls: 10.6193 11.524 ( 8.17927 : 16.7444 )  ( 6.54067 : 23.5923 ) 
310:60 cls: 9.93105 9.22211 ( 6.51636 : 13.3141 )  ( 5.00489 : 18.0871 ) 
370:100 cls: 9.11671 7.76308 ( 5.91596 : 10.9815 )  ( 5.45119 : 16.1835 ) 
430:70 cls: 7.98061 6.88374 ( 5.73582 : 9.91531 )  ( 5.3021 : 13.9361 ) 
200:40 cls: 16.675 21.6577 ( 16.1647 : 31.1444 )  ( 12.4424 : 43.2019 ) 
410:100 cls: 8.67437 6.8457 ( 5.25103 : 9.53528 )  ( 4.41419 : 12.9934 ) 
320:140 cls: 10.2627 10.4764 ( 7.90962 : 14.3563 )  ( 7.98165 : 20.1662 ) 
160:50 cls: 25.5187 37.5347 ( 26.2611 : 54.8793 )  ( 21.6459 : 77.202 ) 
240:130 cls: 25.8214 32.2803 ( 24.3661 : 48.1697 )  ( 21.3389 : 67.3411 ) 
420:80 cls: 8.26502 6.65428 ( 5.45479 : 9.5714 )  ( 4.47846 : 12.6873 ) 
350:30 cls: 9.20037 8.0934 ( 5.89807 : 10.6518 )  ( 5.01464 : 15.833 ) 
280:60 cls: 10.629 9.15173 ( 6.92513 : 13.9002 )  ( 6.16912 : 18.5453 ) 
440:30 cls: 7.7156 6.00621 ( 4.81429 : 9.18637 )  ( 4.6749 : 13.6677 ) 
440:330 cls: 18.8341 23.9766 ( 18.4385 : 36.2018 )  ( 13.0569 : 49.4133 ) 
400:130 cls: 8.9686 7.56569 ( 5.63419 : 10.6025 )  ( 5.47874 : 15.1525 ) 
380:120 cls: 9.10174 7.79596 ( 5.69491 : 11.1009 )  ( 4.72095 : 16.0588 ) 
390:130 cls: 8.96891 7.44005 ( 5.43409 : 10.5511 )  ( 4.97355 : 14.8405 ) 
290:180 cls: 24.6325 27.8065 ( 20.6647 : 40.9338 )  ( 15.9079 : 57.1866 ) 
260:130 cls: 18.2167 21.9792 ( 16.8539 : 33.4312 )  ( 13.9576 : 44.5812 ) 
220:80 cls: 15.9781 21.5007 ( 16.1199 : 29.4914 )  ( 11.5554 : 41.6704 ) 
330:180 cls: 11.3002 12.8441 ( 9.67367 : 18.3961 )  ( 8.49175 : 26.2046 ) 
310:70 cls: 10.3502 8.38471 ( 6.34227 : 12.3149 )  ( 5.41683 : 17.4944 ) 
370:110 cls: 8.63638 7.82882 ( 5.23315 : 10.9965 )  ( 4.94556 : 16.2444 ) 
360:20 cls: 8.81578 6.97636 ( 5.6295 : 10.5193 )  ( 5.54355 : 14.9486 ) 
430:80 cls: 7.77328 6.40153 ( 5.15434 : 9.10033 )  ( 5.59624 : 12.6923 ) 
410:110 cls: 8.03885 6.79617 ( 5.25652 : 9.75924 )  ( 6.14473 : 14.0982 ) 
240:140 cls: 28.9868 35.9082 ( 23.99 : 52.7242 )  ( 19.619 : 79.8246 ) 
320:150 cls: 11.482 10.5615 ( 8.26257 : 15.3929 )  ( 6.3855 : 21.4464 ) 
420:90 cls: 7.73614 6.19984 ( 5.17246 : 9.04834 )  ( 4.92988 : 12.3819 ) 
160:60 cls: 32.2027 43.3545 ( 29.2564 : 64.106 )  ( 22.4945 : 95.2181 ) 
350:40 cls: 8.90943 7.42107 ( 5.61191 : 10.9738 )  ( 5.03251 : 16.074 ) 
280:70 cls: 10.5374 9.38411 ( 7.05015 : 13.5417 )  ( 6.04258 : 19.3819 ) 
440:340 cls: 29.4049 29.9311 ( 22.9014 : 44.0104 )  ( 17.0976 : 61.4459 ) 
440:40 cls: 8.01237 6.61761 ( 5.15245 : 9.74086 )  ( 5.06315 : 13.3808 ) 
400:140 cls: 9.1992 7.57962 ( 5.83553 : 10.7182 )  ( 5.03033 : 15.6016 ) 
380:130 cls: 9.06231 7.93376 ( 5.97669 : 11.1692 )  ( 5.19948 : 16.8496 ) 
390:140 cls: 9.49737 7.52214 ( 5.87764 : 10.9922 )  ( 4.90728 : 16.22 ) 
290:190 cls: 32.3385 36.0416 ( 25.5454 : 50.9656 )  ( 16.1479 : 68.3478 ) 
220:90 cls: 20.6183 23.2121 ( 17.561 : 34.5772 )  ( 12.8053 : 48.0281 ) 
310:80 cls: 10.6786 8.8572 ( 6.73881 : 13.3386 )  ( 5.63937 : 18.7026 ) 
330:190 cls: 13.6765 15.9801 ( 11.639 : 23.2258 )  ( 8.38127 : 31.8988 ) 
410:120 cls: 8.6992 7.19141 ( 5.96788 : 10.0129 )  ( 3.57782 : 14.3513 ) 
320:160 cls: 10.7037 11.7808 ( 8.65284 : 16.8533 )  ( 6.13935 : 23.5338 ) 
170:0 cls: 17.486 22.3914 ( 17.6917 : 31.9424 )  ( 12.3378 : 43.4893 ) 
420:100 cls: 8.39704 6.82483 ( 5.06133 : 9.5274 )  ( 4.48212 : 13.4515 ) 
280:80 cls: 9.93453 9.48191 ( 7.03865 : 14.1471 )  ( 5.7476 : 18.9982 ) 
360:30 cls: 8.7968 7.39001 ( 5.65252 : 10.6518 )  ( 5.68743 : 15.4098 ) 
220:100 cls: 23.1006 26.2722 ( 18.4138 : 37.3357 )  ( 17.8201 : 50.3812 ) 
330:200 cls: 16.3525 19.7185 ( 14.5657 : 29.0074 )  ( 10.8625 : 38.8145 ) 
170:10 cls: 19.5057 24.7587 ( 19.8079 : 34.8796 )  ( 19.2121 : 47.7205 ) 
410:130 cls: 8.49486 7.06687 ( 5.49546 : 10.4044 )  ( 4.91513 : 14.3851 ) 
420:110 cls: 8.70464 6.94243 ( 4.85526 : 9.85946 )  ( 4.09456 : 13.6862 ) 
360:40 cls: 8.36706 7.09344 ( 5.07466 : 10.3257 )  ( 5.57381 : 14.5622 ) 
220:110 cls: 26.1329 32.9165 ( 26.0141 : 48.4943 )  ( 18.6728 : 70.3057 ) 
330:210 cls: 19.8321 21.3312 ( 16.2542 : 30.1049 )  ( 12.6749 : 44.4434 ) 
360:50 cls: 8.66756 7.12401 ( 5.22592 : 10.2015 )  ( 4.22769 : 14.3994 ) 
330:220 cls: 21.0514 26.4627 ( 18.236 : 36.565 )  ( 14.6411 : 48.7195 ) 
360:60 cls: 9.06351 7.82799 ( 5.60909 : 11.2234 )  ( 4.68703 : 15.7768 ) 
330:230 cls: 27.4674 34.362 ( 26.4512 : 50.2835 )  ( 19.7656 : 70.5463 ) 
360:70 cls: 8.96709 7.34543 ( 5.72736 : 10.3612 )  ( 4.48257 : 15.5866 ) 
360:80 cls: 8.97849 7.74979 ( 5.80353 : 11.1885 )  ( 5.42942 : 15.9303 ) 
