100:0 cls: 5.50867 8.87991 ( 6.00641 : 13.1059 )  ( 4.76288 : 17.6292 )
100:25 cls: 5.50867 8.87991 ( 6.00641 : 13.1059 )  ( 4.76288 : 17.6292 )
100:50 cls: 5.50867 8.87991 ( 6.00641 : 13.1059 )  ( 4.76288 : 17.6292 )
100:75 cls: 5.50867 8.87991 ( 6.00641 : 13.1059 )  ( 4.76288 : 17.6292 )
125:0 cls: 5.50867 8.87991 ( 6.00641 : 13.1059 )  ( 4.76288 : 17.6292 )
125:25 cls: 5.50867 8.87991 ( 6.00641 : 13.1059 )  ( 4.76288 : 17.6292 )
125:50 cls: 5.50867 8.87991 ( 6.00641 : 13.1059 )  ( 4.76288 : 17.6292 )
125:75 cls: 5.50867 8.87991 ( 6.00641 : 13.1059 )  ( 4.76288 : 17.6292 )
125:100 cls: 5.50867 8.87991 ( 6.00641 : 13.1059 )  ( 4.76288 : 17.6292 )
150:0 cls: 5.50867 8.87991 ( 6.00641 : 13.1059 )  ( 4.76288 : 17.6292 )
150:25 cls: 5.50867 8.87991 ( 6.00641 : 13.1059 )  ( 4.76288 : 17.6292 )
150:50 cls: 5.50867 8.87991 ( 6.00641 : 13.1059 )  ( 4.76288 : 17.6292 )
150:75 cls: 5.50867 8.87991 ( 6.00641 : 13.1059 )  ( 4.76288 : 17.6292 )
150:100 cls: 5.50867 8.87991 ( 6.00641 : 13.1059 )  ( 4.76288 : 17.6292 )
150:125 cls: 5.50867 8.87991 ( 6.00641 : 13.1059 )  ( 4.76288 : 17.6292 )
175:0 cls: 5.50867 8.87991 ( 6.00641 : 13.1059 )  ( 4.76288 : 17.6292 )
175:25 cls: 5.50867 8.87991 ( 6.00641 : 13.1059 )  ( 4.76288 : 17.6292 )
175:50 cls: 5.50867 8.87991 ( 6.00641 : 13.1059 )  ( 4.76288 : 17.6292 )
175:75 cls: 5.50867 8.87991 ( 6.00641 : 13.1059 )  ( 4.76288 : 17.6292 )
175:100 cls: 5.50867 8.87991 ( 6.00641 : 13.1059 )  ( 4.76288 : 17.6292 )
175:125 cls: 5.50867 8.87991 ( 6.00641 : 13.1059 )  ( 4.76288 : 17.6292 )
175:150 cls: 5.50867 8.87991 ( 6.00641 : 13.1059 )  ( 4.76288 : 17.6292 )
200:0 cls: 5.50867 8.87991 ( 6.00641 : 13.1059 )  ( 4.76288 : 17.6292 )
200:25 cls: 5.50867 8.87991 ( 6.00641 : 13.1059 )  ( 4.76288 : 17.6292 )
200:50 cls: 5.50867 8.87991 ( 6.00641 : 13.1059 )  ( 4.76288 : 17.6292 )
200:75 cls: 5.50867 8.87991 ( 6.00641 : 13.1059 )  ( 4.76288 : 17.6292 )
200:100 cls: 5.50867 8.87991 ( 6.00641 : 13.1059 )  ( 4.76288 : 17.6292 )
200:125 cls: 5.50867 8.87991 ( 6.00641 : 13.1059 )  ( 4.76288 : 17.6292 )
200:150 cls: 5.50867 8.87991 ( 6.00641 : 13.1059 )  ( 4.76288 : 17.6292 )
200:175 cls: 5.50867 8.87991 ( 6.00641 : 13.1059 )  ( 4.76288 : 17.6292 )
225:0 cls: 5.50867 8.87991 ( 6.00641 : 13.1059 )  ( 4.76288 : 17.6292 )
225:25 cls: 5.50867 8.87991 ( 6.00641 : 13.1059 )  ( 4.76288 : 17.6292 )
225:50 cls: 5.50867 8.87991 ( 6.00641 : 13.1059 )  ( 4.76288 : 17.6292 )
225:75 cls: 5.50867 8.87991 ( 6.00641 : 13.1059 )  ( 4.76288 : 17.6292 )
225:100 cls: 5.50867 8.87991 ( 6.00641 : 13.1059 )  ( 4.76288 : 17.6292 )
225:125 cls: 5.50867 8.87991 ( 6.00641 : 13.1059 )  ( 4.76288 : 17.6292 )
225:150 cls: 5.50867 8.87991 ( 6.00641 : 13.1059 )  ( 4.76288 : 17.6292 )
225:175 cls: 5.50867 8.87991 ( 6.00641 : 13.1059 )  ( 4.76288 : 17.6292 )
225:200 cls: 5.50867 8.87991 ( 6.00641 : 13.1059 )  ( 4.76288 : 17.6292 )
250:0 cls: 5.50867 8.87991 ( 6.00641 : 13.1059 )  ( 4.76288 : 17.6292 )
250:25 cls: 5.50867 8.87991 ( 6.00641 : 13.1059 )  ( 4.76288 : 17.6292 )
250:50 cls: 5.50867 8.87991 ( 6.00641 : 13.1059 )  ( 4.76288 : 17.6292 )
250:75 cls: 5.50867 8.87991 ( 6.00641 : 13.1059 )  ( 4.76288 : 17.6292 )
250:100 cls: 5.50867 8.87991 ( 6.00641 : 13.1059 )  ( 4.76288 : 17.6292 )
250:125 cls: 5.50867 8.87991 ( 6.00641 : 13.1059 )  ( 4.76288 : 17.6292 )
250:150 cls: 5.50867 8.87991 ( 6.00641 : 13.1059 )  ( 4.76288 : 17.6292 )
250:175 cls: 5.50867 8.87991 ( 6.00641 : 13.1059 )  ( 4.76288 : 17.6292 )
250:200 cls: 5.50867 8.87991 ( 6.00641 : 13.1059 )  ( 4.76288 : 17.6292 )
250:225 cls: 5.50867 8.87991 ( 6.00641 : 13.1059 )  ( 4.76288 : 17.6292 )
275:0 cls: 5.50867 8.87991 ( 6.00641 : 13.1059 )  ( 4.76288 : 17.6292 )
275:25 cls: 5.50867 8.87991 ( 6.00641 : 13.1059 )  ( 4.76288 : 17.6292 )
275:50 cls: 5.50867 8.87991 ( 6.00641 : 13.1059 )  ( 4.76288 : 17.6292 )
275:75 cls: 5.50867 8.87991 ( 6.00641 : 13.1059 )  ( 4.76288 : 17.6292 )
275:100 cls: 5.50867 8.87991 ( 6.00641 : 13.1059 )  ( 4.76288 : 17.6292 )
275:125 cls: 5.50867 8.87991 ( 6.00641 : 13.1059 )  ( 4.76288 : 17.6292 )
275:150 cls: 5.50867 8.87991 ( 6.00641 : 13.1059 )  ( 4.76288 : 17.6292 )
275:175 cls: 5.50867 8.87991 ( 6.00641 : 13.1059 )  ( 4.76288 : 17.6292 )
275:200 cls: 5.50867 8.87991 ( 6.00641 : 13.1059 )  ( 4.76288 : 17.6292 )
275:225 cls: 5.50867 8.87991 ( 6.00641 : 13.1059 )  ( 4.76288 : 17.6292 )
275:250 cls: 5.50867 8.87991 ( 6.00641 : 13.1059 )  ( 4.76288 : 17.6292 )
300:0 cls: 5.50867 8.87991 ( 6.00641 : 13.1059 )  ( 4.76288 : 17.6292 )
300:25 cls: 5.50867 8.87991 ( 6.00641 : 13.1059 )  ( 4.76288 : 17.6292 )
300:50 cls: 5.50867 8.87991 ( 6.00641 : 13.1059 )  ( 4.76288 : 17.6292 )
300:75 cls: 5.50867 8.87991 ( 6.00641 : 13.1059 )  ( 4.76288 : 17.6292 )
300:100 cls: 5.50867 8.87991 ( 6.00641 : 13.1059 )  ( 4.76288 : 17.6292 )
300:125 cls: 5.50867 8.87991 ( 6.00641 : 13.1059 )  ( 4.76288 : 17.6292 )
300:150 cls: 5.50867 8.87991 ( 6.00641 : 13.1059 )  ( 4.76288 : 17.6292 )
300:175 cls: 5.50867 8.87991 ( 6.00641 : 13.1059 )  ( 4.76288 : 17.6292 )
300:200 cls: 5.50867 8.87991 ( 6.00641 : 13.1059 )  ( 4.76288 : 17.6292 )
300:225 cls: 5.50867 8.87991 ( 6.00641 : 13.1059 )  ( 4.76288 : 17.6292 )
300:250 cls: 5.50867 8.87991 ( 6.00641 : 13.1059 )  ( 4.76288 : 17.6292 )
300:275 cls: 5.50867 8.87991 ( 6.00641 : 13.1059 )  ( 4.76288 : 17.6292 )
