350:100 cls: 9.82006 5.63315 ( 4.37157 : 8.42855 )  ( 4.29329 : 11.8298 ) 
250:150 cls: 27.1358 33.8621 ( 22.9824 : 48.9074 )  ( 17.8058 : 69.3458 ) 
400:250 cls: 13.0202 10.4643 ( 7.6456 : 15.2226 )  ( 5.62399 : 20.9521 ) 
550:400 cls: 11.6868 8.80117 ( 6.3512 : 12.469 )  ( 5.02577 : 17.2714 ) 
150:0 cls: 23.6999 17.2585 ( 13.1358 : 25.5393 )  ( 10.9661 : 35.5545 ) 
500:400 cls: 20.371 25.8723 ( 19.805 : 38.377 )  ( 13.5356 : 52.9243 ) 
450:350 cls: 19.5447 27.044 ( 20.6843 : 37.71 )  ( 15.1672 : 52.9311 ) 
600:350 cls: 5.38575 5.31371 ( 4.10689 : 7.75595 )  ( 3.67946 : 11.4584 ) 
650:250 cls: 4.69465 4.35344 ( 3.72426 : 5.74164 )  ( 3.22746 : 7.73235 ) 
700:100 cls: 4.06936 3.88472 ( 3.6453 : 4.77802 )  ( 3.90456 : 6.76202 ) 
750:400 cls: 4.69524 4.45447 ( 3.51762 : 6.00734 )  ( 0 : 9.10405 ) 
800:150 cls: 3.89073 3.69198 ( 3.57137 : 4.46628 )  ( 3.41725 : 6.27759 ) 
800:650 cls: 10.104 7.94444 ( 5.71573 : 11.7757 )  ( 4.02422 : 16.3142 ) 
850:350 cls: 4.31747 4.02622 ( 3.52736 : 5.00378 )  ( 0 : 7.18957 ) 
700:600 cls: 17.6542 27.3526 ( 18.9558 : 40.3432 )  ( 15.3832 : 53.5182 ) 
350:150 cls: 10.2495 7.62461 ( 5.55791 : 10.6312 )  ( 3.85962 : 15.1765 ) 
400:300 cls: 22.2588 26.6112 ( 21.3235 : 39.3595 )  ( 16.0591 : 54.2981 ) 
600:400 cls: 8.51087 6.30984 ( 4.49388 : 8.7838 )  ( 4.04705 : 12.0318 ) 
250:200 cls: 33.32 23.7672 ( 17.0147 : 35.1172 )  ( 13.6059 : 49.5398 ) 
550:450 cls: 15.8935 23.7181 ( 17.6915 : 34.2398 )  ( 14.7258 : 52.213 ) 
150:50 cls: 40.5002 38.0809 ( 26.6288 : 53.4182 )  ( 20.0121 : 75.6478 ) 
650:300 cls: 4.88026 4.71798 ( 3.67743 : 6.12192 )  ( 3.8292 : 8.6548 ) 
450:400 cls: 25.4915 20.7511 ( 14.0627 : 30.6466 )  ( 11.0393 : 45.123 ) 
500:450 cls: 30.3378 18.0925 ( 15.0705 : 28.5736 )  ( 11.7806 : 42.7426 ) 
700:150 cls: 3.8657 3.69499 ( 3.35411 : 4.76113 )  ( 3.90549 : 6.78533 ) 
750:450 cls: 6.47656 4.75193 ( 3.77788 : 6.70654 )  ( 4.22719 : 9.67737 ) 
800:200 cls: 3.85774 3.70761 ( 3.5814 : 4.50408 )  ( 3.44188 : 6.55573 ) 
800:700 cls: 18.0606 23.2011 ( 16.3743 : 34.9795 )  ( 10.1244 : 47.0317 ) 
850:400 cls: 4.4691 4.15242 ( 3.36705 : 5.16331 )  ( 0 : 7.24613 ) 
700:650 cls: 27.7187 21.8498 ( 15.8984 : 34.5227 )  ( 13.1976 : 47.8652 ) 
350:200 cls: 13.4855 10.273 ( 7.48447 : 14.5861 )  ( 5.42218 : 20.5372 ) 
400:350 cls: 30.8588 22.4211 ( 16.5129 : 33.8105 )  ( 11.5327 : 53.6326 ) 
600:450 cls: 12.4426 9.34063 ( 6.70276 : 13.2666 )  ( 5.13968 : 18.3011 ) 
300:0 cls: 10.025 6.50934 ( 4.89151 : 9.39862 )  ( 3.48525 : 13.9984 ) 
650:350 cls: 5.04147 4.72095 ( 3.82357 : 6.46513 )  ( 2.84882 : 9.9064 ) 
500:0 cls: 4.927 4.21952 ( 3.51755 : 5.60967 )  ( 1.38615 : 7.96636 ) 
550:500 cls: 30.8699 23.2377 ( 16.0284 : 35.9198 )  ( 11.0846 : 52.3127 ) 
150:100 cls: 36.2261 24.9297 ( 19.2804 : 38.1689 )  ( 13.6165 : 56.5086 ) 
550:0 cls: 4.816 4.02639 ( 3.45146 : 5.29982 )  ( 0 : 7.61208 ) 
700:200 cls: 4.63372 3.95745 ( 3.37976 : 5.04117 )  ( 4.38957 : 7.2053 ) 
750:500 cls: 8.7808 5.19046 ( 4.31097 : 7.6829 )  ( 3.67946 : 10.9665 ) 
800:250 cls: 4.20237 3.95855 ( 3.54719 : 4.84198 )  ( 3.53703 : 6.89655 ) 
850:450 cls: 4.49722 4.13909 ( 3.78838 : 5.48899 )  ( 3.0789 : 7.86584 ) 
800:750 cls: 24.6807 19.9047 ( 13.605 : 29.5166 )  ( 11.0571 : 47.4773 ) 
750:0 cls: 3.84887 3.67858 ( 3.22688 : 4.40476 )  ( 0 : 6.07921 ) 
350:250 cls: 21.674 25.0157 ( 18.0599 : 35.922 )  ( 14.7727 : 51.7979 ) 
300:50 cls: 11.5806 6.90376 ( 5.29767 : 10.1376 )  ( 4.77803 : 13.8032 ) 
450:0 cls: 4.92483 4.70172 ( 3.73326 : 6.38269 )  ( 3.46004 : 9.27581 ) 
600:500 cls: 19.7907 28.31 ( 19.3077 : 42.2399 )  ( 14.9031 : 56.7275 ) 
650:400 cls: 6.68919 5.52996 ( 4.55768 : 7.50704 )  ( 4.29441 : 10.8781 ) 
500:50 cls: 4.659 4.3907 ( 3.59508 : 5.79279 )  ( 3.44188 : 8.07122 ) 
600:0 cls: 4.26232 4.1247 ( 3.5071 : 4.98928 )  ( 3.95739 : 7.13397 ) 
550:50 cls: 4.32935 4.05925 ( 3.84169 : 5.18472 )  ( 0 : 7.43737 ) 
200:0 cls: 14.533 10.2309 ( 6.99243 : 14.8528 )  ( 6.08087 : 19.5746 ) 
700:250 cls: 4.34633 4.08027 ( 3.41581 : 5.21466 )  ( 0 : 7.67368 ) 
750:550 cls: 8.22861 5.99859 ( 4.56681 : 8.58415 )  ( 4.29329 : 12.1738 ) 
800:300 cls: 4.42083 4.0076 ( 3.6818 : 4.73745 )  ( 1.72969 : 7.03075 ) 
850:500 cls: 5.58195 4.44376 ( 4.05995 : 5.73147 )  ( 3.85962 : 8.26964 ) 
850:0 cls: 3.66234 3.38562 ( 3.12499 : 4.11469 )  ( 2.98363 : 5.86716 ) 
750:50 cls: 3.98594 3.76581 ( 3.55279 : 4.49181 )  ( 3.31949 : 6.43069 ) 
450:50 cls: 4.81406 4.51763 ( 3.78954 : 6.22285 )  ( 4.32356 : 8.95982 ) 
300:100 cls: 10.8905 7.9854 ( 6.18461 : 11.3525 )  ( 4.66579 : 16.317 ) 
500:100 cls: 5.78798 4.342 ( 3.54719 : 5.97941 )  ( 3.44188 : 8.82499 ) 
650:450 cls: 8.14456 6.43683 ( 4.46006 : 9.46331 )  ( 3.90549 : 12.7277 ) 
350:300 cls: 30.8271 21.7429 ( 15.8247 : 33.7301 )  ( 11.9309 : 48.9827 ) 
600:550 cls: 26.2559 19.4392 ( 13.1337 : 29.05 )  ( 10.2827 : 43.0031 ) 
600:50 cls: 4.56902 4.25984 ( 3.75954 : 5.40619 )  ( 3.41725 : 7.82196 ) 
200:50 cls: 16.4906 11.6056 ( 8.27129 : 17.8692 )  ( 5.25283 : 24.2565 ) 
550:100 cls: 4.80481 4.37755 ( 3.65006 : 5.61027 )  ( 0 : 8.20672 ) 
700:300 cls: 4.72631 4.38376 ( 3.68124 : 5.74481 )  ( 3.61912 : 7.9189 ) 
750:600 cls: 13.2022 8.98551 ( 6.36444 : 12.6328 )  ( 4.68408 : 17.6273 ) 
850:50 cls: 3.74382 3.50223 ( 3.24555 : 4.38914 )  ( 3.85843 : 6.22217 ) 
800:350 cls: 4.28711 3.99708 ( 3.40052 : 4.95957 )  ( 0 : 6.97749 ) 
850:550 cls: 6.80579 4.96902 ( 3.87286 : 6.60908 )  ( 3.46236 : 9.59278 ) 
750:100 cls: 3.98607 3.68529 ( 3.45937 : 4.44118 )  ( 3.53703 : 6.20442 ) 
450:100 cls: 5.15184 4.75193 ( 3.73344 : 6.62418 )  ( 3.24327 : 9.57133 ) 
300:150 cls: 14.7167 11.2177 ( 8.54444 : 16.1875 )  ( 7.68957 : 23.0996 ) 
500:150 cls: 5.34468 4.49036 ( 3.77714 : 6.62223 )  ( 3.31949 : 9.47631 ) 
400:0 cls: 6.4926 4.61011 ( 3.80027 : 6.48811 )  ( 0 : 9.47065 ) 
650:500 cls: 13.6677 9.60657 ( 6.5553 : 13.1674 )  ( 4.85031 : 18.2085 ) 
650:0 cls: 4.07341 3.61451 ( 3.23757 : 4.63109 )  ( 3.22746 : 6.77244 ) 
600:100 cls: 4.76058 4.43906 ( 3.40646 : 5.38474 )  ( 0 : 7.4965 ) 
550:150 cls: 4.80431 4.37839 ( 3.54324 : 5.81607 )  ( 3.22396 : 8.16068 ) 
200:100 cls: 28.3784 32.3338 ( 25.1284 : 49.0469 )  ( 18.1188 : 71.2194 ) 
700:350 cls: 4.88612 4.60182 ( 3.86393 : 6.27179 )  ( 3.38821 : 8.95279 ) 
750:650 cls: 19.0202 25.6691 ( 17.2394 : 36.9902 )  ( 15.647 : 50.4424 ) 
850:100 cls: 3.68936 3.55204 ( 3.17383 : 4.19227 )  ( 0 : 5.98174 ) 
850:600 cls: 6.40086 5.19436 ( 4.27817 : 7.25961 )  ( 3.82477 : 10.4388 ) 
800:400 cls: 4.52039 4.26832 ( 3.43599 : 5.64003 )  ( 0 : 8.17363 ) 
750:150 cls: 3.78082 3.57863 ( 2.34656 : 4.48282 )  ( 0 : 6.38602 ) 
450:150 cls: 7.41714 5.28844 ( 4.19263 : 7.13635 )  ( 3.79343 : 10.2866 ) 
300:200 cls: 27.2003 31.0443 ( 24.1377 : 45.9132 )  ( 14.2567 : 64.8683 ) 
500:200 cls: 7.70902 4.83354 ( 3.66434 : 7.23176 )  ( 0 : 10.4271 ) 
400:50 cls: 7.68334 5.28057 ( 3.85639 : 7.19407 )  ( 3.61912 : 10.339 ) 
650:50 cls: 4.00245 3.71138 ( 3.19896 : 4.69068 )  ( 0 : 6.87138 ) 
650:550 cls: 18.841 25.5384 ( 18.654 : 36.6759 )  ( 15.7701 : 50.5005 ) 
600:150 cls: 4.65254 4.39379 ( 3.72442 : 5.46738 )  ( 2.88755 : 7.80905 ) 
700:400 cls: 6.36554 4.98996 ( 4.22362 : 6.43677 )  ( 2.11614 : 9.23712 ) 
550:200 cls: 6.07957 4.54426 ( 3.81087 : 6.28373 )  ( 3.46004 : 8.71973 ) 
200:150 cls: 29.7035 23.8123 ( 16.9361 : 34.2811 )  ( 13.0196 : 48.5112 ) 
850:150 cls: 3.61264 3.42938 ( 3.34547 : 4.25417 )  ( 4.57599 : 6.04243 ) 
850:650 cls: 7.46675 5.83456 ( 4.60156 : 8.03863 )  ( 3.14258 : 11.4138 ) 
750:700 cls: 29.7435 21.7674 ( 15.6675 : 33.4857 )  ( 10.4952 : 49.3886 ) 
800:450 cls: 4.86895 4.59594 ( 4.01088 : 6.12 )  ( 3.99521 : 8.77238 ) 
750:200 cls: 3.96805 3.6609 ( 3.25519 : 4.76533 )  ( 2.88755 : 6.76488 ) 
450:200 cls: 5.80257 5.54684 ( 4.5881 : 7.87113 )  ( 3.94546 : 11.5904 ) 
500:250 cls: 8.35695 5.29261 ( 4.35483 : 7.70696 )  ( 3.0958 : 11.0062 ) 
400:100 cls: 5.52747 5.14831 ( 4.20444 : 7.23176 )  ( 3.61912 : 10.6224 ) 
650:100 cls: 3.98457 3.83128 ( 3.54949 : 4.89581 )  ( 3.41725 : 7.15399 ) 
300:250 cls: 32.7768 23.8146 ( 16.5656 : 35.6301 )  ( 9.62181 : 52.7943 ) 
650:600 cls: 24.546 20.0699 ( 14.6174 : 30.3217 )  ( 9.46871 : 42.3064 ) 
700:450 cls: 7.24232 5.24119 ( 4.01789 : 7.26495 )  ( 4.20577 : 10.5015 ) 
600:200 cls: 4.726 4.24901 ( 3.76617 : 5.72811 )  ( 3.22746 : 8.27447 ) 
550:250 cls: 7.62566 5.11376 ( 4.00151 : 7.12196 )  ( 3.72594 : 10.25 ) 
250:0 cls: 13.743 8.11945 ( 6.24449 : 11.7617 )  ( 4.37701 : 16.58 ) 
850:700 cls: 11.9475 8.4695 ( 6.49521 : 12.0946 )  ( 4.76992 : 16.8582 ) 
850:200 cls: 3.83528 3.55819 ( 3.35434 : 4.47705 )  ( 3.46004 : 6.34936 ) 
800:0 cls: 3.76935 3.32271 ( 3.14114 : 4.05434 )  ( 1.7555 : 6.0046 ) 
800:500 cls: 6.66591 4.78392 ( 4.05995 : 6.49894 )  ( 3.38821 : 9.62734 ) 
750:250 cls: 4.37028 4.04076 ( 3.76957 : 5.01605 )  ( 3.61912 : 7.24297 ) 
450:250 cls: 10.7667 7.31707 ( 5.64668 : 10.8802 )  ( 5.15175 : 14.7244 ) 
400:150 cls: 6.4922 6.44821 ( 4.18868 : 9.3162 )  ( 4.90919 : 12.7906 ) 
500:300 cls: 11.3569 7.41206 ( 5.53258 : 10.8991 )  ( 3.90456 : 15.3206 ) 
650:150 cls: 4.30764 3.91541 ( 3.41672 : 5.05275 )  ( 0 : 7.37257 ) 
350:0 cls: 8.01395 5.42637 ( 4.43211 : 7.48884 )  ( 2.73996 : 10.8216 ) 
700:0 cls: 3.96502 3.73708 ( 3.51239 : 4.6054 )  ( 0 : 6.56306 ) 
700:500 cls: 8.02931 5.73712 ( 4.26791 : 8.28903 )  ( 4.70098 : 11.7501 ) 
600:250 cls: 6.29627 4.65444 ( 3.8456 : 6.37222 )  ( 3.70457 : 8.90456 ) 
550:300 cls: 6.1559 5.54282 ( 4.51107 : 7.67835 )  ( 4.70098 : 11.1214 ) 
250:50 cls: 13.9504 8.71905 ( 6.32227 : 12.9614 )  ( 5.58245 : 17.4409 ) 
850:250 cls: 3.95496 3.60119 ( 3.02261 : 4.48458 )  ( 5.56045 : 6.64731 ) 
850:750 cls: 20.989 25.0153 ( 18.2046 : 36.9886 )  ( 12.4959 : 51.8854 ) 
800:50 cls: 3.78935 3.56996 ( 3.38339 : 4.28999 )  ( 0 : 6.24585 ) 
800:550 cls: 6.69543 5.15301 ( 4.10236 : 7.67156 )  ( 3.8292 : 10.7959 ) 
750:300 cls: 4.46284 4.11881 ( 3.30351 : 5.34967 )  ( 0 : 7.46034 ) 
450:300 cls: 13.4701 10.2084 ( 7.09094 : 14.9572 )  ( 5.65853 : 20.2668 ) 
400:200 cls: 10.8152 7.88395 ( 5.69248 : 11.3197 )  ( 4.18884 : 15.416 ) 
350:50 cls: 6.30498 5.57503 ( 4.04713 : 8.00565 )  ( 3.90915 : 11.4932 ) 
500:350 cls: 13.8034 9.59143 ( 7.03241 : 13.8788 )  ( 4.71779 : 18.6228 ) 
650:200 cls: 4.4543 4.22078 ( 3.65062 : 5.23241 )  ( 0 : 7.53871 ) 
700:50 cls: 3.94824 3.70103 ( 3.46458 : 4.46982 )  ( 3.31949 : 6.5908 ) 
700:550 cls: 15.0488 9.90952 ( 7.49491 : 13.6809 )  ( 6.36314 : 19.3317 ) 
600:300 cls: 6.82601 4.89273 ( 3.94285 : 6.6888 )  ( 4.29329 : 9.46596 ) 
550:350 cls: 10.1431 6.83765 ( 5.45569 : 10.2555 )  ( 3.5516 : 14.1278 ) 
250:100 cls: 13.0378 11.3449 ( 8.29012 : 16.0079 )  ( 6.56867 : 22.015 ) 
800:100 cls: 3.75962 3.56536 ( 3.2251 : 4.42654 )  ( 3.72594 : 6.29047 ) 
850:300 cls: 4.07004 3.80531 ( 3.61998 : 4.71681 )  ( 0 : 6.54543 ) 
800:600 cls: 8.85473 6.55898 ( 5.08875 : 9.30838 )  ( 4.47784 : 13.1533 ) 
850:800 cls: 25.6497 18.6774 ( 13.6307 : 28.7592 )  ( 9.10692 : 45.8302 ) 
750:350 cls: 5.40959 4.27704 ( 3.58425 : 5.74589 )  ( 3.22746 : 7.96641 ) 
