150:0 cls: 30.8747 36.5661 ( 27.2606 : 54.97 )  ( 22.3069 : 83.3549 ) 
400:0 cls: 10.8901 7.21638 ( 5.36827 : 10.3932 )  ( 4.932 : 14.1146 ) 
500:250 cls: 7.31324 5.97611 ( 5.19981 : 8.83598 )  ( 4.81394 : 13.0388 ) 
450:150 cls: 8.48391 7.48226 ( 5.65459 : 10.8143 )  ( 6.8145 : 15.1576 ) 
300:50 cls: 10.9409 9.16826 ( 6.71663 : 13.1207 )  ( 6.09853 : 18.0723 ) 
450:200 cls: 10.3243 10.5358 ( 7.63323 : 17.3457 )  ( 4.58845 : 31.3549 ) 
500:350 cls: 7.02271 5.30177 ( 3.74431 : 9.53814 )  ( 4.31176 : 22.1806 ) 
150:50 cls: 39.6006 46.2701 ( 33.463 : 72.6251 )  ( 33.3982 : 104.698 ) 
400:50 cls: 8.29625 6.74953 ( 5.35967 : 9.45059 )  ( 5.75742 : 13.7328 ) 
300:100 cls: 12.0705 12.2383 ( 9.02942 : 17.8702 )  ( 7.73383 : 25.2224 ) 
200:0 cls: 19.1019 19.0981 ( 14.3697 : 27.0672 )  ( 10.7155 : 39.1269 ) 
400:100 cls: 7.71763 6.61808 ( 4.88956 : 9.27004 )  ( 4.09456 : 13.1793 ) 
450:300 cls: 13.1257 16.9422 ( 12.8759 : 28.2672 )  ( 11.1817 : 51.5989 ) 
300:150 cls: 12.6356 14.4517 ( 10.8726 : 21.1594 )  ( 6.37787 : 28.4862 ) 
200:50 cls: 25.2983 25.5015 ( 20.0278 : 36.6782 )  ( 16.7487 : 56.6002 ) 
500:0 cls: 6.85806 5.27639 ( 4.09749 : 7.72154 )  ( 4.16102 : 10.8507 ) 
400:150 cls: 9.14345 7.60363 ( 5.72625 : 10.6466 )  ( 5.08719 : 15.1727 ) 
300:200 cls: 27.5236 29.4132 ( 22.4775 : 45.8246 )  ( 18.1329 : 66.9231 ) 
200:100 cls: 40.2908 50.5753 ( 35.2401 : 76.2837 )  ( 27.8198 : 107.829 ) 
500:50 cls: 6.60827 5.47971 ( 4.4286 : 7.54334 )  ( 3.86057 : 10.9304 ) 
400:200 cls: 11.4054 9.76086 ( 6.73425 : 14.1572 )  ( 5.34646 : 20.745 ) 
350:0 cls: 8.42174 7.26708 ( 5.5584 : 10.1895 )  ( 4.84409 : 14.5371 ) 
500:100 cls: 8.36518 5.77231 ( 4.46663 : 8.15495 )  ( 4.79144 : 12.062 ) 
250:0 cls: 10.0471 11.5601 ( 8.43941 : 16.1862 )  ( 7.53003 : 23.6825 ) 
350:50 cls: 8.38629 7.34331 ( 5.82265 : 10.7055 )  ( 4.21632 : 16.0281 ) 
400:250 cls: 12.4225 11.0767 ( 7.99904 : 16.0065 )  ( 6.6886 : 22.7198 ) 
500:150 cls: 8.01395 5.81868 ( 4.47275 : 8.15331 )  ( 4.31369 : 11.7406 ) 
250:50 cls: 10.7591 10.2754 ( 7.93567 : 15.3708 )  ( 6.62284 : 20.6705 ) 
350:100 cls: 10.0253 8.70702 ( 6.38088 : 11.8301 )  ( 5.14597 : 17.2362 ) 
400:300 cls: 27.4433 29.203 ( 21.46 : 42.3435 )  ( 15.6469 : 62.9975 ) 
500:200 cls: 8.32606 6.88596 ( 5.40563 : 10.1579 )  ( 4.91154 : 14.336 ) 
250:100 cls: 17.9069 18.4329 ( 13.9609 : 26.4465 )  ( 11.1735 : 39.3142 ) 
350:150 cls: 10.1517 10.2861 ( 7.97039 : 15.7708 )  ( 6.92292 : 21.3144 ) 
450:0 cls: 7.88218 6.21967 ( 5.21466 : 9.39163 )  ( 5.11814 : 13.7858 ) 
250:150 cls: 25.1263 32.9836 ( 24.4492 : 48.4201 )  ( 18.2025 : 69.2725 ) 
450:50 cls: 7.77099 6.69325 ( 5.07346 : 9.22174 )  ( 4.81394 : 13.4655 ) 
350:200 cls: 14.1938 14.9901 ( 10.8692 : 22.5613 )  ( 8.61638 : 30.9294 ) 
300:0 cls: 9.30814 8.16793 ( 6.31906 : 11.7527 )  ( 4.89439 : 17.0192 ) 
450:100 cls: 7.58505 6.41095 ( 5.22442 : 8.96522 )  ( 4.48782 : 12.6675 ) 
350:250 cls: 18.0248 24.4899 ( 17.6506 : 36.565 )  ( 13.7684 : 56.242 ) 
