100:0 cls: 35.8565 31.8603 ( 26.9467 : 47.2136 )  ( 20.9721 : 57.6238 ) 
140:0 cls: 37.6746 34.3561 ( 23.4907 : 45.5502 )  ( 17.0428 : 59.8803 ) 
160:0 cls: 33.87 31.5935 ( 20.8462 : 47.2962 )  ( 19.2365 : 58.8339 ) 
170:20 cls: 26.1142 27.7652 ( 20.5648 : 41.1805 )  ( 16.0041 : 50.5874 ) 
180:40 cls: 33.0401 29.8551 ( 19.7255 : 42.8233 )  ( 16.0143 : 54.3449 ) 
190:50 cls: 32.8915 26.9319 ( 20.1165 : 39.0672 )  ( 14.7244 : 52.3391 ) 
200:50 cls: 27.4351 24.3923 ( 18.4338 : 32.8973 )  ( 14.7994 : 44.445 ) 
140:10 cls: 21.562 24.6121 ( 17.1381 : 35.7302 )  ( 16.5931 : 49.1386 ) 
110:0 cls: 28.7434 30.3507 ( 21.9626 : 42.7366 )  ( 16.8872 : 58.2593 ) 
220:20 cls: 11.1973 15.4688 ( 10.3367 : 22.4825 )  ( 7.57745 : 30.6628 ) 
210:40 cls: 20.3979 20.0621 ( 14.3323 : 28.3234 )  ( 9.29213 : 39.2829 ) 
170:30 cls: 35.7691 29.3888 ( 20.262 : 43.5271 )  ( 15.3784 : 55.3689 ) 
160:10 cls: 35.5803 28.7589 ( 20.3215 : 41.1822 )  ( 14.2923 : 53.764 ) 
230:90 cls: 21.5999 21.3566 ( 14.4992 : 30.9718 )  ( 10.6251 : 44.1246 ) 
190:60 cls: 34.7424 28.2864 ( 20.5278 : 38.3515 )  ( 11.7632 : 49.9418 ) 
200:60 cls: 23.5083 24.5381 ( 17.5055 : 34.835 )  ( 11.6582 : 47.8187 ) 
180:50 cls: 38.5884 31.5667 ( 22.4451 : 42.5456 )  ( 16.1545 : 59.1858 ) 
140:20 cls: 31.2162 28.3831 ( 20.7231 : 42.1109 )  ( 12.7301 : 51.5317 ) 
240:50 cls: 14.5689 17.4691 ( 11.679 : 24.4317 )  ( 8.05545 : 34.1591 ) 
250:0 cls: 9.4255 13.4012 ( 9.88201 : 20.6615 )  ( 6.21325 : 26.3299 ) 
220:30 cls: 13.7823 17.0804 ( 11.6116 : 23.9987 )  ( 7.55283 : 31.7328 ) 
210:50 cls: 20.4302 22.5083 ( 15.358 : 31.4368 )  ( 11.8025 : 42.6387 ) 
160:20 cls: 32.5928 29.0611 ( 19.8471 : 38.9971 )  ( 16.0018 : 52.0291 ) 
170:40 cls: 38.1039 35.4159 ( 25.3191 : 49.8377 )  ( 17.7062 : 65.3708 ) 
250:100 cls: 21.0142 22.1796 ( 14.5306 : 29.7565 )  ( 8.95655 : 41.5921 ) 
270:70 cls: 10.55 15.0956 ( 9.75346 : 20.7697 )  ( 5.6773 : 27.5427 ) 
230:100 cls: 30.0631 27.7017 ( 19.1538 : 39.352 )  ( 12.191 : 51.567 ) 
260:40 cls: 8.47258 11.9127 ( 8.19774 : 17.0974 )  ( 6.12108 : 23.0476 ) 
260:140 cls: 35.1815 29.7708 ( 20.8612 : 41.4796 )  ( 16.4587 : 54.4564 ) 
190:70 cls: 33.1308 34.2615 ( 26.7221 : 48.9606 )  ( 14.3132 : 61.5573 ) 
200:70 cls: 33.774 27.9513 ( 18.9666 : 37.7738 )  ( 14.972 : 50.2674 ) 
220:120 cls: 21.041 24.8089 ( 17.5849 : 33.532 )  ( 12.1511 : 46.4492 ) 
180:60 cls: 27.1449 23.0532 ( 16.2877 : 31.6218 )  ( 9.28595 : 43.3034 ) 
270:170 cls: 19.8211 27.1969 ( 18.8328 : 38.9148 )  ( 15.6712 : 49.8932 ) 
140:30 cls: 32.9376 34.5504 ( 23.9687 : 45.9052 )  ( 17.4483 : 59.1778 ) 
240:60 cls: 13.7044 16.2121 ( 11.1657 : 22.9881 )  ( 7.55419 : 30.9656 ) 
280:90 cls: 10.26 13.5809 ( 9.37873 : 20.0674 )  ( 6.19628 : 26.525 ) 
250:10 cls: 10.1946 14.0968 ( 9.60435 : 20.1708 )  ( 7.75444 : 26.261 ) 
220:40 cls: 17.2064 20.2625 ( 14.0755 : 28.4025 )  ( 10.0248 : 37.9651 ) 
210:60 cls: 22.341 19.455 ( 13.1419 : 31.4109 )  ( 9.70923 : 41.4249 ) 
290:0 cls: 8.46833 12.1361 ( 8.51368 : 17.4929 )  ( 5.38189 : 22.8635 ) 
110:10 cls: 32.3103 27.3909 ( 19.5093 : 38.4287 )  ( 11.7814 : 50.9441 ) 
170:50 cls: 31.9326 27.4474 ( 18.478 : 39.5765 )  ( 11.9804 : 52.026 ) 
250:110 cls: 25.1003 21.8521 ( 15.5918 : 30.3033 )  ( 10.1243 : 43.385 ) 
160:30 cls: 36.7868 37.3464 ( 23.7304 : 46.463 )  ( 18.4878 : 60.4539 ) 
270:80 cls: 10.7778 16.4393 ( 10.7775 : 23.8894 )  ( 8.76629 : 31.6303 ) 
260:50 cls: 11.8205 16.4711 ( 11.8411 : 22.3777 )  ( 8.08649 : 29.3916 ) 
260:150 cls: 38.8367 30.9416 ( 19.8998 : 43.608 )  ( 13.106 : 59.7896 ) 
300:100 cls: 8.43124 12.3148 ( 8.62744 : 17.7364 )  ( 6.25276 : 24.2127 ) 
310:90 cls: 9.94869 13.4535 ( 9.89439 : 18.7101 )  ( 7.35602 : 25.3691 ) 
230:110 cls: 35.1324 27.7182 ( 19.6636 : 38.9949 )  ( 12.5597 : 51.828 ) 
200:80 cls: 38.7704 31.2702 ( 21.367 : 44.811 )  ( 15.4664 : 55.1416 ) 
310:190 cls: 31.1468 26.7434 ( 18.4745 : 38.5548 )  ( 12.5744 : 48.7999 ) 
290:100 cls: 8.75389 13.4094 ( 8.78526 : 19.3883 )  ( 6.14305 : 25.9698 ) 
300:200 cls: 39.1363 35.1563 ( 24.2201 : 50.8621 )  ( 20.7625 : 67.5442 ) 
230:0 cls: 11.5871 14.7301 ( 10.8155 : 21.5522 )  ( 7.4368 : 30.7815 ) 
300:0 cls: 5.97087 8.94419 ( 6.53843 : 13.0076 )  ( 4.24116 : 18.2255 ) 
140:40 cls: 19.4737 24.2504 ( 17.7267 : 36.2501 )  ( 13.5876 : 50.9074 ) 
280:0 cls: 8.09594 11.1979 ( 8.15943 : 16.617 )  ( 5.97821 : 22.4439 ) 
280:100 cls: 9.57138 14.0672 ( 9.57955 : 20.6327 )  ( 7.03866 : 26.9463 ) 
250:20 cls: 9.26874 13.0014 ( 9.6248 : 18.5361 )  ( 5.06171 : 25.6482 ) 
240:70 cls: 12.9395 17.8417 ( 11.8351 : 25.5626 )  ( 8.98467 : 32.435 ) 
320:70 cls: 7.51181 10.3054 ( 7.58273 : 15.1836 )  ( 4.82326 : 21.1008 ) 
220:50 cls: 16.2805 18.2773 ( 12.8734 : 27.1974 )  ( 9.39016 : 36.1641 ) 
180:70 cls: 37.2395 32.0804 ( 20.812 : 44.6596 )  ( 16.502 : 60.893 ) 
320:170 cls: 13.9562 17.784 ( 12.2919 : 24.8762 )  ( 10.0477 : 33.1844 ) 
210:70 cls: 23.694 21.5428 ( 14.5933 : 31.3995 )  ( 12.0184 : 42.5356 ) 
290:10 cls: 8.02486 11.4824 ( 8.17735 : 16.9875 )  ( 5.90893 : 23.1093 ) 
170:60 cls: 35.4073 26.6236 ( 19.1384 : 37.3179 )  ( 14.3083 : 49.3245 ) 
330:40 cls: 6.00093 9.21216 ( 6.16993 : 12.1397 )  ( 5.42218 : 17.5228 ) 
120:0 cls: 36.5591 33.113 ( 21.206 : 45.4916 )  ( 17.1936 : 58.5221 ) 
250:120 cls: 21.102 22.6019 ( 15.2561 : 31.1476 )  ( 9.94945 : 42.5962 ) 
160:40 cls: 37.1057 28.8461 ( 19.6048 : 41.5657 )  ( 17.8646 : 53.2301 ) 
270:90 cls: 12.1171 15.5813 ( 12.0513 : 22.7105 )  ( 7.89626 : 30.5517 ) 
260:60 cls: 10.676 15.2597 ( 10.2369 : 21.7083 )  ( 8.15002 : 29.203 ) 
300:110 cls: 9.79891 14.6162 ( 9.92856 : 19.2912 )  ( 6.94254 : 27.5523 ) 
330:140 cls: 9.22946 12.813 ( 9.14395 : 17.7746 )  ( 6.75726 : 24.3093 ) 
310:100 cls: 9.24966 12.5003 ( 9.17729 : 18.6822 )  ( 6.76974 : 25.0193 ) 
260:160 cls: 32.4395 35.5105 ( 26.4412 : 51.9268 )  ( 17.6028 : 67.059 ) 
230:10 cls: 9.52118 13.6656 ( 9.7984 : 18.8708 )  ( 6.79103 : 25.9169 ) 
310:0 cls: 6.89218 10.199 ( 7.46961 : 15.8719 )  ( 5.35371 : 21.3421 ) 
340:0 cls: 6.63684 9.67983 ( 6.75007 : 13.2899 )  ( 5.79418 : 18.3666 ) 
200:90 cls: 22.8632 28.6961 ( 18.9684 : 41.9206 )  ( 13.8377 : 52.6373 ) 
310:200 cls: 33.833 28.8555 ( 23.3325 : 41.3974 )  ( 16.6274 : 51.6689 ) 
340:100 cls: 6.1297 8.81719 ( 6.38257 : 13.5924 )  ( 4.36075 : 18.6816 ) 
230:120 cls: 37.8649 28.6417 ( 19.6594 : 39.7706 )  ( 14.7884 : 51.6503 ) 
340:200 cls: 15.5903 19.4023 ( 13.3854 : 26.8564 )  ( 7.95799 : 36.1912 ) 
290:110 cls: 11.6118 14.9369 ( 10.1565 : 20.9808 )  ( 6.37196 : 27.948 ) 
350:150 cls: 7.45448 11.3371 ( 8.27801 : 16.0431 )  ( 6.29752 : 21.5094 ) 
280:110 cls: 12.7944 15.899 ( 10.7039 : 22.9279 )  ( 6.42561 : 31.1171 ) 
250:30 cls: 7.73321 12.3785 ( 8.67995 : 18.8544 )  ( 6.9482 : 23.6005 ) 
240:80 cls: 19.148 19.745 ( 14.003 : 28.2188 )  ( 10.2584 : 37.0427 ) 
300:10 cls: 6.84865 9.6579 ( 6.87983 : 14.3885 )  ( 4.68703 : 19.7528 ) 
150:0 cls: 31.9446 34.0047 ( 26.1588 : 46.8052 )  ( 19.0044 : 61.6828 ) 
280:10 cls: 8.86273 12.255 ( 8.95576 : 17.6241 )  ( 6.3678 : 23.7309 ) 
220:60 cls: 23.6478 21.9362 ( 15.8387 : 29.6635 )  ( 10.6042 : 41.239 ) 
350:50 cls: 5.78233 8.41664 ( 5.70319 : 11.9094 )  ( 4.63766 : 16.3682 ) 
350:250 cls: 33.9908 26.8161 ( 18.5253 : 39.5101 )  ( 16.4815 : 49.598 ) 
320:80 cls: 7.81524 10.5005 ( 7.74637 : 15.6276 )  ( 5.36423 : 21.0377 ) 
190:80 cls: 37.8079 33.4022 ( 22.2385 : 43.3662 )  ( 15.141 : 57.8813 ) 
320:180 cls: 17.4825 18.5283 ( 12.7966 : 27.5643 )  ( 9.18156 : 36.7407 ) 
210:80 cls: 32.4476 28.5844 ( 19.5736 : 41.4477 )  ( 16.3818 : 56.1245 ) 
180:80 cls: 40.0926 34.7894 ( 25.6084 : 46.7408 )  ( 19.3396 : 64.5821 ) 
290:20 cls: 7.49557 10.2377 ( 7.58516 : 15.2692 )  ( 5.11336 : 20.5437 ) 
330:50 cls: 6.96693 9.24597 ( 6.93225 : 13.0669 )  ( 5.38444 : 18.0228 ) 
170:70 cls: 21.9819 26.7295 ( 17.9424 : 38.5731 )  ( 11.9125 : 49.2601 ) 
120:10 cls: 21.3951 24.159 ( 18.6985 : 35.09 )  ( 16.2544 : 47.9443 ) 
250:130 cls: 36.7266 28.1724 ( 20.5006 : 40.9514 )  ( 16.3837 : 56.0754 ) 
270:100 cls: 14.4875 17.0758 ( 11.395 : 23.4419 )  ( 9.30921 : 31.1138 ) 
160:50 cls: 39.1381 28.4756 ( 19.5906 : 43.033 )  ( 16.6151 : 52.0683 ) 
260:70 cls: 10.6637 14.8041 ( 10.0734 : 20.7282 )  ( 6.56188 : 29.1222 ) 
300:120 cls: 9.80742 13.9648 ( 9.90916 : 21.1147 )  ( 6.85975 : 27.6868 ) 
330:150 cls: 9.84134 13.7518 ( 9.45941 : 19.5483 )  ( 6.41655 : 25.9013 ) 
310:110 cls: 9.18323 13.1581 ( 9.14933 : 17.8844 )  ( 5.88241 : 24.6659 ) 
270:0 cls: 9.7206 13.7934 ( 9.2619 : 18.3844 )  ( 6.16276 : 25.5612 ) 
230:20 cls: 11.5895 14.8724 ( 10.8058 : 21.8127 )  ( 8.03427 : 30.0762 ) 
310:10 cls: 6.77543 9.81282 ( 7.42445 : 14.8346 )  ( 4.36437 : 19.7687 ) 
340:110 cls: 8.75769 12.3091 ( 9.22012 : 17.2304 )  ( 6.6849 : 23.0672 ) 
200:100 cls: 33.0952 30.5949 ( 21.4328 : 42.129 )  ( 16.7621 : 54.0124 ) 
310:210 cls: 35.5281 32.3304 ( 22.8254 : 43.5769 )  ( 16.4286 : 60.0572 ) 
340:210 cls: 18.601 20.5212 ( 14.3664 : 28.4386 )  ( 8.06192 : 38.7928 ) 
350:160 cls: 8.61966 12.2835 ( 8.71458 : 17.6131 )  ( 6.72599 : 22.9491 ) 
340:10 cls: 5.89 9.10658 ( 6.59493 : 13.2709 )  ( 4.35872 : 18.8272 ) 
280:120 cls: 12.4414 15.6794 ( 10.6038 : 21.9287 )  ( 6.1822 : 29.5933 ) 
250:40 cls: 9.26544 13.3062 ( 9.23051 : 18.9745 )  ( 6.66528 : 26.0009 ) 
240:90 cls: 20.0093 21.1307 ( 14.9967 : 29.8161 )  ( 7.49044 : 41.4394 ) 
290:120 cls: 11.7488 14.9891 ( 9.81794 : 21.8189 )  ( 8.50229 : 28.9728 ) 
220:70 cls: 22.3345 21.4813 ( 15.5792 : 32.0848 )  ( 10.7377 : 40.0621 ) 
350:60 cls: 6.32535 8.92367 ( 6.30605 : 12.2201 )  ( 4.37555 : 17.1515 ) 
230:130 cls: 34.318 30.889 ( 22.4101 : 42.2486 )  ( 15.9318 : 58.276 ) 
150:10 cls: 35.8631 33.5033 ( 23.6325 : 45.3655 )  ( 15.9661 : 62.751 ) 
280:20 cls: 7.86297 11.6493 ( 7.80977 : 16.764 )  ( 4.64853 : 22.378 ) 
300:20 cls: 6.89903 8.76849 ( 6.94703 : 13.5855 )  ( 6.32323 : 19.0095 ) 
190:90 cls: 28.0147 30.7925 ( 20.4909 : 44.3466 )  ( 15.3117 : 55.4162 ) 
320:190 cls: 26.4208 24.971 ( 18.0927 : 35.4326 )  ( 11.807 : 48.5046 ) 
320:90 cls: 7.56605 11.0241 ( 7.86619 : 15.9343 )  ( 6.12778 : 22.3127 ) 
290:30 cls: 8.07572 11.1765 ( 8.00104 : 15.8736 )  ( 5.25693 : 22.1396 ) 
330:60 cls: 7.60347 10.8901 ( 7.63071 : 16.0648 )  ( 5.53196 : 21.584 ) 
210:90 cls: 33.2241 29.3553 ( 19.3413 : 44.4221 )  ( 17.3456 : 54.9903 ) 
180:0 cls: 29.8226 27.5668 ( 18.191 : 38.5326 )  ( 13.0901 : 50.0949 ) 
120:20 cls: 24.7908 27.1469 ( 19.7593 : 40.9824 )  ( 13.9913 : 51.2623 ) 
190:0 cls: 19.2592 19.051 ( 12.8105 : 27.9742 )  ( 8.26865 : 37.1388 ) 
270:110 cls: 13.3962 15.9337 ( 10.8536 : 21.4988 )  ( 6.83827 : 31.6167 ) 
250:140 cls: 35.5904 28.8499 ( 19.9749 : 40.6821 )  ( 14.122 : 52.5772 ) 
170:0 cls: 31.4627 29.4368 ( 20.3579 : 39.754 )  ( 16.6127 : 50.6123 ) 
300:130 cls: 13.7425 16.7887 ( 11.0901 : 24.7394 )  ( 7.07708 : 31.9414 ) 
270:10 cls: 7.9779 10.6119 ( 8.13576 : 15.9026 )  ( 5.10666 : 21.8304 ) 
260:80 cls: 12.5191 15.8634 ( 10.4008 : 20.0168 )  ( 7.67638 : 30.0895 ) 
330:160 cls: 12.3268 15.7972 ( 11.2267 : 22.0221 )  ( 7.61885 : 31.597 ) 
310:120 cls: 9.30329 14.0568 ( 9.22315 : 20.6673 )  ( 7.64012 : 26.1072 ) 
230:30 cls: 14.1699 15.759 ( 10.6181 : 23.1925 )  ( 8.07083 : 32.3107 ) 
310:20 cls: 6.85146 9.55089 ( 7.05277 : 14.0791 )  ( 6.18414 : 18.7629 ) 
350:170 cls: 8.75334 13.4598 ( 8.9278 : 19.9225 )  ( 6.74009 : 26.4747 ) 
210:0 cls: 14.6135 17.7575 ( 12.0283 : 25.1015 )  ( 9.03338 : 33.2215 ) 
340:120 cls: 7.78211 10.8772 ( 7.981 : 15.9487 )  ( 5.47591 : 21.7768 ) 
280:130 cls: 17.4899 19.4924 ( 13.5098 : 26.9062 )  ( 9.63001 : 36.9582 ) 
320:0 cls: 6.54865 9.05351 ( 6.79801 : 13.5997 )  ( 5.20231 : 18.7564 ) 
340:220 cls: 28.7784 24.1483 ( 18.4155 : 35.8509 )  ( 12.3381 : 47.2976 ) 
250:50 cls: 12.0082 15.487 ( 11.2694 : 22.1791 )  ( 7.48196 : 31.1835 ) 
240:100 cls: 24.7737 24.0072 ( 16.1201 : 34.4897 )  ( 11.3489 : 45.9584 ) 
340:20 cls: 6.01448 8.66531 ( 6.10425 : 12.1186 )  ( 4.87246 : 16.9715 ) 
350:70 cls: 6.41339 9.39556 ( 6.41195 : 13.6506 )  ( 6.27387 : 19.4489 ) 
220:80 cls: 21.7567 25.1908 ( 17.4784 : 34.4262 )  ( 14.1472 : 45.8455 ) 
290:130 cls: 14.4265 17.7747 ( 12.455 : 25.4437 )  ( 7.86143 : 34.1076 ) 
200:0 cls: 16.357 19.5874 ( 14.3375 : 27.8182 )  ( 10.2535 : 36.1199 ) 
240:0 cls: 11.1297 15.9518 ( 10.6356 : 21.3667 )  ( 8.49629 : 29.8516 ) 
320:200 cls: 30.294 28.2476 ( 20.1853 : 39.9722 )  ( 13.5152 : 48.6718 ) 
150:20 cls: 37.3432 36.0594 ( 24.817 : 50.3954 )  ( 21.4253 : 68.7028 ) 
300:30 cls: 7.78763 10.5876 ( 7.69585 : 15.6189 )  ( 5.52699 : 20.6627 ) 
280:30 cls: 9.89982 12.7491 ( 9.19303 : 18.8097 )  ( 6.25352 : 24.81 ) 
290:40 cls: 8.24008 11.9169 ( 8.49218 : 17.0729 )  ( 5.83965 : 22.7985 ) 
330:70 cls: 6.7075 9.43287 ( 6.64085 : 13.7719 )  ( 4.96485 : 19.4254 ) 
180:10 cls: 29.881 26.26 ( 19.0882 : 36.9737 )  ( 14.2209 : 47.2672 ) 
210:100 cls: 29.1082 28.7657 ( 20.9039 : 43.8757 )  ( 15.3306 : 53.5613 ) 
320:100 cls: 8.04749 11.5412 ( 8.20899 : 17.0749 )  ( 5.78813 : 22.5558 ) 
270:120 cls: 15.4633 19.4107 ( 13.3268 : 27.0344 )  ( 10.6881 : 36.4558 ) 
190:10 cls: 23.8551 23.8646 ( 16.3311 : 31.5291 )  ( 11.6834 : 44.2077 ) 
130:0 cls: 29.686 29.923 ( 22.8202 : 44.0584 )  ( 17.2412 : 53.4913 ) 
170:10 cls: 33.2724 26.6137 ( 19.2319 : 36.9941 )  ( 12.1867 : 47.7495 ) 
270:20 cls: 6.85775 10.9351 ( 7.75514 : 15.9034 )  ( 6.21472 : 21.4128 ) 
250:150 cls: 34.813 35.5374 ( 23.6076 : 48.3385 )  ( 18.3054 : 62.6111 ) 
300:140 cls: 15.4647 18.074 ( 14.3076 : 26.3395 )  ( 8.85115 : 34.9739 ) 
330:170 cls: 15.3797 17.4876 ( 12.0019 : 24.5835 )  ( 6.89625 : 32.3584 ) 
310:130 cls: 6.95333 11.1754 ( 7.74443 : 16.955 )  ( 5.39588 : 22.2645 ) 
260:90 cls: 14.8245 17.768 ( 11.9844 : 25.6432 )  ( 8.31351 : 33.2915 ) 
230:40 cls: 15.4885 16.3023 ( 11.7041 : 22.9113 )  ( 7.76993 : 30.0893 ) 
310:30 cls: 7.40937 10.6177 ( 7.49841 : 15.4301 )  ( 5.47919 : 20.6981 ) 
350:180 cls: 8.69954 12.8266 ( 9.03162 : 19.0641 )  ( 6.48004 : 26.1736 ) 
210:10 cls: 16.6455 18.32 ( 12.9162 : 27.2892 )  ( 8.75542 : 35.9893 ) 
280:140 cls: 25.9228 22.5409 ( 14.9832 : 29.387 )  ( 12.4141 : 43.4525 ) 
340:130 cls: 7.38018 10.2852 ( 7.51638 : 15.1049 )  ( 5.1993 : 20.8365 ) 
320:10 cls: 6.15622 8.85763 ( 6.37722 : 13.4913 )  ( 6.02945 : 18.3258 ) 
250:60 cls: 12.9401 17.2599 ( 12.0846 : 24.3114 )  ( 8.5686 : 31.7448 ) 
340:230 cls: 32.7852 27.6467 ( 19.1443 : 39.7272 )  ( 13.2027 : 52.0276 ) 
240:110 cls: 33.6156 30.5475 ( 20.5799 : 42.6403 )  ( 13.2383 : 54.5416 ) 
350:80 cls: 6.25344 8.9402 ( 6.64837 : 12.6485 )  ( 4.77803 : 17.5596 ) 
340:30 cls: 7.42479 10.0948 ( 7.43289 : 14.6126 )  ( 5.14597 : 19.4817 ) 
200:10 cls: 18.8769 18.3883 ( 14.3169 : 26.9195 )  ( 9.81865 : 35.6869 ) 
220:90 cls: 29.9726 24.9668 ( 17.6256 : 36.1811 )  ( 15.61 : 48.0995 ) 
320:210 cls: 30.2221 27.0883 ( 19.9308 : 39.6638 )  ( 15.5568 : 51.8511 ) 
290:140 cls: 13.4855 17.7608 ( 12.2379 : 24.0128 )  ( 9.09796 : 32.6335 ) 
150:30 cls: 37.7132 31.06 ( 22.7969 : 44.8161 )  ( 16.6378 : 57.816 ) 
240:10 cls: 9.31987 13.0877 ( 9.17605 : 19.0423 )  ( 8.33231 : 25.5414 ) 
290:50 cls: 8.6387 12.2929 ( 8.71548 : 18.2267 )  ( 5.87759 : 22.6893 ) 
300:40 cls: 7.27903 10.1664 ( 7.54237 : 14.9491 )  ( 6.56811 : 20.1932 ) 
330:80 cls: 6.77536 9.34043 ( 6.82796 : 13.5277 )  ( 5.64882 : 19.1357 ) 
280:40 cls: 8.05741 11.1585 ( 8.00418 : 16.5766 )  ( 6.0918 : 22.9168 ) 
180:20 cls: 25.933 24.6752 ( 17.3861 : 31.1575 )  ( 12.9754 : 46.3681 ) 
270:130 cls: 23.4489 19.9864 ( 15.3651 : 31.548 )  ( 11.3031 : 40.0824 ) 
210:110 cls: 46.4144 37.2625 ( 25.7467 : 55.5568 )  ( 22.0135 : 76.5481 ) 
320:110 cls: 8.67165 11.6612 ( 8.67781 : 16.6814 )  ( 6.59045 : 22.3107 ) 
270:30 cls: 7.59952 10.9441 ( 7.94133 : 15.9308 )  ( 6.06338 : 20.4166 ) 
260:0 cls: 9.09943 13.8075 ( 9.12193 : 19.7965 )  ( 6.71092 : 25.8293 ) 
190:20 cls: 28.7521 26.213 ( 16.9487 : 36.5684 )  ( 14.2605 : 47.2661 ) 
310:140 cls: 10.5636 14.6385 ( 10.1062 : 20.6251 )  ( 5.71916 : 29.1233 ) 
300:150 cls: 11.7367 17.8889 ( 11.0347 : 23.4608 )  ( 7.07738 : 31.8262 ) 
330:180 cls: 12.9686 16.3382 ( 10.8156 : 22.9919 )  ( 7.27529 : 31.3201 ) 
130:10 cls: 40.64 32.781 ( 21.3731 : 45.6844 )  ( 18.4424 : 58.644 ) 
260:100 cls: 19.214 22.7325 ( 15.1588 : 31.5015 )  ( 12.2438 : 41.526 ) 
230:50 cls: 13.9366 16.826 ( 11.8315 : 24.1352 )  ( 6.7358 : 31.5876 ) 
310:40 cls: 6.64357 9.02371 ( 6.81815 : 13.2538 )  ( 5.03046 : 18.1901 ) 
350:190 cls: 10.1353 14.0736 ( 9.76905 : 21.4631 )  ( 6.38575 : 28.4792 ) 
280:150 cls: 27.4898 24.1564 ( 16.9419 : 33.5325 )  ( 11.3338 : 43.1041 ) 
210:20 cls: 19.3097 21.2501 ( 14.7972 : 29.5876 )  ( 11.3554 : 39.4814 ) 
320:20 cls: 7.39806 9.80306 ( 7.78975 : 14.3209 )  ( 5.62383 : 19.7963 ) 
250:70 cls: 16.4536 17.8217 ( 12.6503 : 25.7821 )  ( 7.60783 : 33.5604 ) 
340:140 cls: 9.36408 13.4434 ( 9.28794 : 18.9418 )  ( 5.23035 : 25.6376 ) 
350:90 cls: 6.57826 9.29636 ( 6.64173 : 13.3651 )  ( 4.498 : 18.3586 ) 
340:240 cls: 28.3712 28.162 ( 19.5068 : 44.0355 )  ( 14.7805 : 54.5111 ) 
240:120 cls: 31.6127 28.3236 ( 19.7498 : 41.2419 )  ( 16.9142 : 51.0912 ) 
200:20 cls: 19.0107 20.6853 ( 13.8184 : 27.7627 )  ( 10.9209 : 37.2065 ) 
220:100 cls: 36.2543 28.3394 ( 19.8437 : 41.5865 )  ( 14.6853 : 56.2412 ) 
340:40 cls: 5.80293 9.1041 ( 6.08047 : 13.1724 )  ( 3.9259 : 17.9752 ) 
150:40 cls: 37.2772 29.2908 ( 20.9294 : 44.7895 )  ( 15.1732 : 61.3611 ) 
290:60 cls: 9.05132 14.1164 ( 9.22197 : 19.8645 )  ( 7.27373 : 26.1497 ) 
320:220 cls: 28.7532 34.6734 ( 22.2604 : 47.1418 )  ( 15.5705 : 64.49 ) 
330:90 cls: 6.50525 9.09816 ( 6.78219 : 13.3502 )  ( 4.87615 : 18.6889 ) 
240:20 cls: 9.52139 13.7047 ( 8.91216 : 19.5327 )  ( 7.56038 : 27.2751 ) 
180:30 cls: 33.3823 28.8535 ( 20.9741 : 38.5522 )  ( 14.4678 : 52.039 ) 
290:150 cls: 19.3546 20.059 ( 13.4793 : 28.3326 )  ( 8.49806 : 37.5891 ) 
270:140 cls: 23.7126 21.9613 ( 15.2895 : 31.1017 )  ( 10.5825 : 43.4077 ) 
300:50 cls: 7.25776 10.3214 ( 7.0754 : 15.1136 )  ( 5.67865 : 20.8152 ) 
280:50 cls: 9.84175 13.3381 ( 9.44466 : 19.1866 )  ( 6.77246 : 24.953 ) 
220:0 cls: 14.5692 17.8799 ( 13.3813 : 25.7331 )  ( 8.51598 : 34.5528 ) 
270:40 cls: 10.7473 14.0812 ( 9.93932 : 20.7765 )  ( 7.49225 : 26.7754 ) 
320:120 cls: 9.40122 12.8491 ( 8.87215 : 18.3916 )  ( 6.2328 : 24.3946 ) 
260:10 cls: 8.60668 11.7909 ( 8.42453 : 17.0588 )  ( 5.73208 : 22.8169 ) 
310:150 cls: 14.3557 17.3813 ( 11.5699 : 23.6623 )  ( 7.63946 : 33.0583 ) 
330:190 cls: 16.6318 18.036 ( 13.0725 : 26.1084 )  ( 9.67486 : 34.3144 ) 
300:160 cls: 17.9303 18.8663 ( 13.618 : 28.2806 )  ( 8.84055 : 36.4668 ) 
190:30 cls: 23.6847 22.3968 ( 16.078 : 30.4611 )  ( 13.9937 : 43.2031 ) 
230:60 cls: 15.7032 17.5077 ( 12.4404 : 24.4481 )  ( 7.61541 : 32.2718 ) 
260:110 cls: 19.7526 18.7938 ( 13.7142 : 27.8724 )  ( 8.27923 : 35.9814 ) 
350:200 cls: 13.0776 16.1272 ( 11.0539 : 23.2279 )  ( 8.91828 : 31.7028 ) 
130:20 cls: 26.9027 36.1911 ( 25.3488 : 50.9004 )  ( 17.0992 : 71.3526 ) 
310:50 cls: 7.46096 10.4773 ( 7.60336 : 15.198 )  ( 6.78151 : 20.0743 ) 
250:80 cls: 11.9981 15.9029 ( 9.74677 : 21.8859 )  ( 6.62092 : 31.1087 ) 
280:160 cls: 36.6698 32.1392 ( 20.6586 : 42.6993 )  ( 14.7047 : 61.3007 ) 
320:30 cls: 7.7118 9.78307 ( 7.66225 : 14.0255 )  ( 5.18497 : 19.0221 ) 
210:30 cls: 19.0101 18.4826 ( 12.2146 : 26.3829 )  ( 9.4445 : 33.8121 ) 
340:150 cls: 9.62888 13.4683 ( 9.25112 : 19.4762 )  ( 6.6157 : 24.8976 ) 
350:100 cls: 6.08106 9.81815 ( 6.57599 : 14.2849 )  ( 4.69639 : 19.533 ) 
350:0 cls: 6.05762 8.66107 ( 6.19799 : 12.2711 )  ( 5.12083 : 18.0064 ) 
200:30 cls: 21.8148 21.4832 ( 15.2962 : 29.3578 )  ( 11.3242 : 41.4425 ) 
240:130 cls: 36.0357 31.6725 ( 21.8972 : 43.5306 )  ( 16.3392 : 56.7004 ) 
220:110 cls: 30.9603 26.6496 ( 19.234 : 40.2757 )  ( 13.247 : 50.8902 ) 
330:0 cls: 6.01895 9.11745 ( 6.12059 : 13.1264 )  ( 4.5041 : 18.0368 ) 
290:70 cls: 8.81789 13.0064 ( 8.85881 : 19.5268 )  ( 7.54033 : 24.6101 ) 
330:100 cls: 8.15758 10.5249 ( 8.31329 : 15.7018 )  ( 6.01516 : 20.9398 ) 
340:50 cls: 5.21843 7.8368 ( 5.38007 : 11.0268 )  ( 4.75275 : 15.1059 ) 
240:30 cls: 10.3719 14.5692 ( 10.1394 : 20.6588 )  ( 8.51659 : 28.9443 ) 
270:150 cls: 32.4516 29.5555 ( 20.2227 : 44.5747 )  ( 16.4892 : 55.0663 ) 
220:10 cls: 11.8239 14.301 ( 10.6887 : 21.2921 )  ( 7.57046 : 28.6358 ) 
300:60 cls: 9.33322 12.315 ( 9.29667 : 17.8746 )  ( 5.94612 : 25.1437 ) 
270:50 cls: 7.6213 10.51 ( 7.74368 : 16.1518 )  ( 5.52929 : 21.6954 ) 
280:60 cls: 7.60743 11.5991 ( 7.81078 : 16.8437 )  ( 7.0446 : 22.0686 ) 
290:160 cls: 27.3881 24.9802 ( 15.786 : 34.9357 )  ( 14.1302 : 45.9441 ) 
260:20 cls: 7.31794 12.153 ( 8.34772 : 17.7925 )  ( 5.9312 : 22.7222 ) 
320:130 cls: 9.92991 13.1579 ( 9.49593 : 19.6243 )  ( 6.85852 : 26.0777 ) 
310:160 cls: 16.2468 18.1314 ( 12.8697 : 26.3732 )  ( 8.05307 : 35.3274 ) 
330:200 cls: 25.4331 21.9027 ( 15.8071 : 31.6672 )  ( 11.6645 : 43.0039 ) 
300:170 cls: 25.9343 22.4423 ( 15.5614 : 33.2888 )  ( 13.1478 : 44.7326 ) 
230:70 cls: 21.4968 20.6344 ( 14.3282 : 30.3658 )  ( 9.55435 : 38.5254 ) 
190:40 cls: 27.1274 25.9774 ( 18.5592 : 36.9802 )  ( 12.134 : 48.8174 ) 
350:210 cls: 12.9628 16.675 ( 11.8437 : 24.1048 )  ( 8.2578 : 31.1005 ) 
260:120 cls: 26.0592 19.7815 ( 15.3584 : 29.5368 )  ( 10.5317 : 40.9797 ) 
310:60 cls: 6.44576 9.63439 ( 6.47145 : 13.6455 )  ( 5.01323 : 19.294 ) 
280:170 cls: 36.1421 25.3104 ( 18.1343 : 36.0233 )  ( 11.0981 : 47.0644 ) 
250:90 cls: 14.4512 17.9978 ( 13.5728 : 25.3121 )  ( 8.85727 : 34.1401 ) 
320:40 cls: 6.77231 9.46774 ( 6.7557 : 13.5187 )  ( 4.36438 : 18.8433 ) 
350:110 cls: 6.29634 8.94727 ( 6.45661 : 13.2925 )  ( 4.97866 : 18.5905 ) 
340:160 cls: 8.37311 12.2148 ( 8.66069 : 18.0502 )  ( 6.34711 : 23.9494 ) 
350:10 cls: 6.16845 8.33837 ( 6.2589 : 12.3203 )  ( 5.05842 : 16.6188 ) 
200:40 cls: 19.5503 20.9525 ( 13.6471 : 29.3376 )  ( 12.1657 : 41.396 ) 
330:10 cls: 7.00769 9.70283 ( 7.34512 : 14.8431 )  ( 4.56574 : 20.1506 ) 
330:110 cls: 7.71297 10.6556 ( 7.56284 : 15.6238 )  ( 5.64516 : 21.1207 ) 
290:80 cls: 7.56389 10.2837 ( 7.66948 : 15.5696 )  ( 5.50373 : 21.3449 ) 
270:160 cls: 37.6462 29.8294 ( 20.7575 : 41.9264 )  ( 12.5113 : 57.888 ) 
340:60 cls: 6.92473 10.0296 ( 7.02096 : 15.4257 )  ( 4.85861 : 20.2856 ) 
270:60 cls: 9.55398 14.4518 ( 9.70887 : 20.8013 )  ( 6.95741 : 27.6262 ) 
240:40 cls: 13.2077 17.2287 ( 10.9408 : 23.6873 )  ( 6.93096 : 32.0108 ) 
300:70 cls: 7.36624 10.5811 ( 7.53912 : 15.3026 )  ( 5.9911 : 20.2296 ) 
260:30 cls: 10.8969 14.0801 ( 10.2221 : 19.83 )  ( 7.69209 : 28.1286 ) 
280:70 cls: 9.49355 12.9355 ( 9.35936 : 17.7748 )  ( 7.74063 : 23.8666 ) 
310:170 cls: 18.8276 20.8971 ( 14.49 : 28.6894 )  ( 9.06272 : 39.2736 ) 
300:180 cls: 31.7701 23.1106 ( 15.3231 : 31.7575 )  ( 13.0475 : 46.6708 ) 
290:170 cls: 34.1468 28.1898 ( 19.9448 : 40.9595 )  ( 15.1202 : 51.1989 ) 
330:210 cls: 29.9423 25.4056 ( 17.6562 : 36.4129 )  ( 11.2765 : 47.1397 ) 
230:80 cls: 23.3393 19.6301 ( 13.2826 : 29.1924 )  ( 9.03209 : 37.6869 ) 
350:220 cls: 19.106 19.0017 ( 12.8865 : 27.2265 )  ( 9.55285 : 35.2175 ) 
320:140 cls: 9.44523 13.696 ( 9.2151 : 20.3533 )  ( 6.96841 : 26.9733 ) 
260:130 cls: 28.7187 28.5342 ( 19.3634 : 38.9315 )  ( 16.0831 : 51.3561 ) 
310:70 cls: 6.99753 10.5248 ( 7.87046 : 15.8504 )  ( 5.90857 : 21.5454 ) 
320:50 cls: 7.29612 9.39974 ( 7.1701 : 13.2495 )  ( 5.87079 : 18.0417 ) 
350:120 cls: 6.66568 9.71526 ( 6.78309 : 14.8761 )  ( 4.54734 : 19.8685 ) 
350:20 cls: 5.6411 8.44986 ( 6.08916 : 12.3133 )  ( 4.52217 : 16.5493 ) 
340:170 cls: 10.3569 15.974 ( 10.1378 : 21.5069 )  ( 7.87236 : 29.5051 ) 
280:180 cls: 28.7757 35.8307 ( 25.8567 : 48.3557 )  ( 23.1377 : 65.2913 ) 
330:20 cls: 4.98312 7.79877 ( 5.01133 : 10.9517 )  ( 5.39327 : 15.7003 ) 
330:120 cls: 7.72846 11.7129 ( 8.15682 : 17.5514 )  ( 5.46526 : 22.4457 ) 
290:90 cls: 10.1074 14.1124 ( 9.76703 : 18.8261 )  ( 7.41872 : 25.929 ) 
340:70 cls: 6.47609 8.97513 ( 6.65634 : 12.9667 )  ( 5.09558 : 17.7746 ) 
300:80 cls: 9.01851 12.7315 ( 8.94007 : 19.3857 )  ( 5.8471 : 25.1643 ) 
240:140 cls: 28.6573 29.5736 ( 22.6962 : 42.2648 )  ( 15.9958 : 56.1011 ) 
310:180 cls: 23.4206 23.5466 ( 15.7127 : 33.5834 )  ( 10.2212 : 43.6677 ) 
330:220 cls: 35.4364 29.015 ( 20.1284 : 41.4998 )  ( 15.9266 : 52.0461 ) 
280:80 cls: 12.3675 15.4108 ( 12.3823 : 22.6946 )  ( 8.0463 : 30.3683 ) 
300:190 cls: 34.8103 28.9067 ( 20.3886 : 42.2993 )  ( 16.8435 : 57.4284 ) 
350:230 cls: 32.764 32.2201 ( 20.9033 : 41.4334 )  ( 19.8093 : 56.094 ) 
320:60 cls: 6.70468 9.46521 ( 7.1438 : 14.0746 )  ( 4.96996 : 19.0528 ) 
310:80 cls: 8.71057 11.7803 ( 8.75225 : 17.1459 )  ( 6.72776 : 22.9128 ) 
320:150 cls: 11.9032 15.9065 ( 10.7663 : 21.6654 )  ( 8.55791 : 30.5534 ) 
290:180 cls: 34.9478 32.2785 ( 23.7262 : 44.2977 )  ( 14.1581 : 59.3668 ) 
350:130 cls: 7.18804 10.3975 ( 7.20653 : 15.6635 )  ( 5.34434 : 20.6332 ) 
350:30 cls: 6.32208 9.21571 ( 6.55911 : 13.8821 )  ( 5.27923 : 18.675 ) 
340:180 cls: 10.3366 14.2334 ( 10.3789 : 20.8573 )  ( 6.20739 : 28.4594 ) 
330:30 cls: 7.31075 10.25 ( 7.37365 : 14.9162 )  ( 5.15196 : 20.4257 ) 
330:130 cls: 8.6823 12.1268 ( 8.78838 : 17.519 )  ( 6.21537 : 24.0912 ) 
340:80 cls: 8.08973 10.6704 ( 8.21839 : 15.8112 )  ( 5.91102 : 21.0716 ) 
330:230 cls: 37.1937 33.3533 ( 24.7502 : 47.9164 )  ( 16.914 : 62.7324 ) 
300:90 cls: 9.52136 13.9059 ( 9.74195 : 19.3884 )  ( 6.51621 : 25.3983 ) 
350:240 cls: 36.093 29.5999 ( 21.1277 : 42.3628 )  ( 15.3912 : 58.4741 ) 
350:140 cls: 7.66074 10.5894 ( 7.62783 : 15.6946 )  ( 4.84392 : 21.9012 ) 
350:40 cls: 6.31613 8.7738 ( 6.43615 : 12.4761 )  ( 5.35768 : 17.3006 ) 
320:160 cls: 12.2081 17.3366 ( 11.5913 : 24.0571 )  ( 8.34042 : 32.3149 ) 
340:190 cls: 12.7019 16.6794 ( 10.3372 : 23.1479 )  ( 7.15347 : 31.749 ) 
290:190 cls: 35.4611 30.2274 ( 21.9038 : 43.8095 )  ( 18.014 : 58.7387 ) 
340:90 cls: 7.97103 10.8015 ( 8.08925 : 15.633 )  ( 5.33811 : 21.2552 ) 
