200:50 cls: 10.0135 11.2208 ( 7.96018 : 16.2118 )  ( 5.70012 : 21.2754 ) 
200:100 cls: 9.34367 10.6669 ( 7.61012 : 15.293 )  ( 4.76753 : 20.5768 ) 
200:150 cls: 9.73767 11.5331 ( 7.96573 : 16.1492 )  ( 5.11845 : 22.9498 ) 
250:0 cls: 10.4477 12.0778 ( 8.9054 : 17.0122 )  ( 6.39141 : 22.6174 ) 
250:50 cls: 11.3328 12.5993 ( 8.58756 : 17.8516 )  ( 6.43032 : 22.8091 ) 
350:0 cls: 11.1849 12.0507 ( 8.57712 : 17.152 )  ( 5.58107 : 22.6644 ) 
400:150 cls: 11.1234 11.5238 ( 7.91088 : 15.3988 )  ( 6.15466 : 20.419 ) 
250:100 cls: 10.4919 11.6051 ( 8.58178 : 16.1646 )  ( 5.11732 : 21.7597 ) 
350:50 cls: 11.2842 11.6296 ( 8.00927 : 16.5965 )  ( 4.91181 : 21.1852 ) 
450:250 cls: 11.0562 11.8173 ( 8.41203 : 16.5136 )  ( 5.55864 : 21.6774 ) 
400:200 cls: 11.2001 11.5501 ( 8.04045 : 16.666 )  ( 4.91181 : 22.7759 ) 
250:150 cls: 9.23838 10.8909 ( 7.26907 : 14.7553 )  ( 4.94741 : 21.2019 ) 
500:300 cls: 11.0884 11.736 ( 7.93248 : 15.8167 )  ( 5.77715 : 20.5803 ) 
550:300 cls: 10.4833 10.7983 ( 7.67852 : 14.7453 )  ( 5.46075 : 19.7685 ) 
600:250 cls: 9.68515 9.67791 ( 6.82412 : 12.8321 )  ( 5.07821 : 17.5969 ) 
450:300 cls: 10.3544 11.7053 ( 8.86165 : 17.3091 )  ( 7.45384 : 21.6534 ) 
650:150 cls: 9.21134 9.07067 ( 6.70804 : 13.1613 )  ( 5.25761 : 16.9583 ) 
400:250 cls: 11.2043 12.0246 ( 8.42112 : 17.3648 )  ( 8.68362 : 23.1491 ) 
700:500 cls: 10.8579 11.4614 ( 8.00493 : 16.5419 )  ( 4.03769 : 21.0452 ) 
350:100 cls: 11.0034 11.7597 ( 8.01937 : 16.4132 )  ( 5.41696 : 21.8959 ) 
700:0 cls: 8.85585 8.60926 ( 6.6628 : 11.8663 )  ( 5.49979 : 16.1371 ) 
250:200 cls: 9.67767 10.843 ( 7.70051 : 15.2581 )  ( 4.99752 : 21.7861 ) 
750:300 cls: 8.53685 8.16285 ( 5.40138 : 12.0828 )  ( 3.77947 : 16.6772 ) 
500:350 cls: 11.1046 12.5889 ( 8.5406 : 17.9057 )  ( 6.08651 : 21.5741 ) 
550:350 cls: 10.6587 11.1976 ( 7.87712 : 15.427 )  ( 5.99724 : 20.3767 ) 
450:350 cls: 10.0956 11.4406 ( 8.13104 : 15.8464 )  ( 5.03939 : 21.5097 ) 
600:300 cls: 9.88848 9.93598 ( 7.02989 : 13.9817 )  ( 5.37755 : 18.3574 ) 
650:200 cls: 9.20859 9.02709 ( 6.07301 : 13.1185 )  ( 3.46036 : 18.626 ) 
400:300 cls: 9.4778 10.9229 ( 7.73424 : 15.4232 )  ( 5.43534 : 20.7353 ) 
350:150 cls: 11.2896 11.8414 ( 8.46365 : 17.0399 )  ( 7.31437 : 22.5439 ) 
700:550 cls: 11.1674 12.5338 ( 8.52204 : 17.6607 )  ( 5.27076 : 22.3594 ) 
700:50 cls: 9.26864 9.09628 ( 6.50884 : 12.4759 )  ( 4.67695 : 16.3235 ) 
300:0 cls: 10.9706 12.0857 ( 8.42546 : 17.1755 )  ( 5.75923 : 22.5473 ) 
450:400 cls: 11.3902 12.8639 ( 8.20802 : 17.5501 )  ( 6.65644 : 23.413 ) 
550:400 cls: 11.2987 12.6109 ( 8.23579 : 17.7974 )  ( 7.11932 : 22.9218 ) 
600:350 cls: 10.0886 10.2321 ( 6.69315 : 14.526 )  ( 3.8279 : 19.9433 ) 
400:350 cls: 10.5162 12.0078 ( 8.64766 : 16.8661 )  ( 7.20951 : 22.515 ) 
500:400 cls: 9.76743 11.3736 ( 7.92723 : 16.1709 )  ( 5.6325 : 21.6553 ) 
650:250 cls: 9.15308 8.93713 ( 6.02568 : 12.9975 )  ( 3.4872 : 18.5145 ) 
750:350 cls: 9.28573 9.00148 ( 5.82076 : 13.3045 )  ( 3.46036 : 18.4433 ) 
300:50 cls: 10.861 11.9379 ( 8.00947 : 17.0055 )  ( 7.11977 : 21.802 ) 
350:200 cls: 11.0238 12.0348 ( 8.50875 : 17.1357 )  ( 6.78897 : 22.6357 ) 
700:100 cls: 8.55546 8.34069 ( 5.50225 : 12.3493 )  ( 4.04415 : 16.9956 ) 
700:600 cls: 9.79199 11.1799 ( 7.77178 : 15.7416 )  ( 5.95869 : 21.364 ) 
800:50 cls: 8.36772 8.24189 ( 5.99978 : 11.6996 )  ( 6.54302 : 16.1228 ) 
850:250 cls: 8.76672 8.42624 ( 5.83939 : 12.0152 )  ( 4.00216 : 16.9881 ) 
500:0 cls: 9.723 9.70954 ( 6.27631 : 13.9702 )  ( 4.09479 : 19.4823 ) 
600:400 cls: 10.9567 11.463 ( 7.76492 : 16.39 )  ( 4.34423 : 20.8117 ) 
550:450 cls: 9.85479 11.363 ( 7.9251 : 16.1313 )  ( 5.6325 : 21.6916 ) 
300:100 cls: 10.7103 11.6233 ( 8.54011 : 17.442 )  ( 6.60664 : 22.6354 ) 
450:0 cls: 10.6592 10.9317 ( 7.78037 : 14.4694 )  ( 6.20327 : 19.7599 ) 
500:450 cls: 11.4518 12.2644 ( 8.35455 : 18.2555 )  ( 7.74656 : 24.4931 ) 
650:300 cls: 9.75449 9.71805 ( 6.97742 : 13.4065 )  ( 5.32852 : 18.0006 ) 
350:250 cls: 9.48568 10.948 ( 7.75358 : 15.3939 )  ( 5.43534 : 20.7286 ) 
800:600 cls: 11.2561 11.7841 ( 8.1914 : 16.4218 )  ( 5.4541 : 22.2406 ) 
700:150 cls: 8.7862 8.629 ( 6.37567 : 12.5647 )  ( 5.64618 : 16.4504 ) 
900:400 cls: 8.48552 8.27915 ( 5.6733 : 11.8231 )  ( 3.61608 : 16.921 ) 
850:750 cls: 10.4666 11.5407 ( 8.34824 : 16.1121 )  ( 5.72082 : 22.4563 ) 
950:0 cls: 8.38589 8.25212 ( 6.11488 : 12.032 )  ( 4.64436 : 15.9486 ) 
700:650 cls: 14.4428 15.2917 ( 10.6391 : 23.9923 )  ( 6.6048 : 36.6515 ) 
750:400 cls: 10.1126 10.1449 ( 7.48988 : 14.0735 )  ( 5.47833 : 18.8335 ) 
800:100 cls: 8.5569 8.17181 ( 5.40799 : 11.8949 )  ( 3.60407 : 16.6261 ) 
850:300 cls: 8.88438 8.71872 ( 6.57121 : 12.3544 )  ( 5.7266 : 16.5398 ) 
500:50 cls: 10.0194 10.2401 ( 7.33748 : 14.0322 )  ( 6.01087 : 19.6265 ) 
1000:50 cls: 8.72495 8.4877 ( 6.34073 : 11.787 )  ( 5.00641 : 15.5013 ) 
300:150 cls: 11.0899 12.7243 ( 8.06998 : 17.441 )  ( 6.09125 : 21.7175 ) 
600:450 cls: 11.2015 12.3557 ( 9.07326 : 17.3279 )  ( 7.01347 : 23.4115 ) 
550:500 cls: 12.0875 13.1857 ( 9.1155 : 19.6797 )  ( 8.03437 : 28.9424 ) 
450:50 cls: 10.4664 10.7835 ( 7.54939 : 14.7712 )  ( 5.7951 : 19.7286 ) 
550:0 cls: 9.21445 9.16195 ( 6.21668 : 13.1443 )  ( 3.89893 : 19.0405 ) 
1000:550 cls: 8.73701 8.47662 ( 6.48483 : 11.7254 )  ( 5.72532 : 15.8203 ) 
650:350 cls: 10.1814 10.2748 ( 7.43447 : 14.228 )  ( 6.39739 : 19.1694 ) 
950:500 cls: 9.80289 9.40177 ( 6.36229 : 13.7316 )  ( 5.23658 : 19.6397 ) 
950:50 cls: 8.17938 7.99614 ( 5.94145 : 11.4993 )  ( 4.71741 : 15.5014 ) 
700:200 cls: 8.96178 8.49362 ( 5.55847 : 12.2037 )  ( 4.13303 : 17.3563 ) 
350:300 cls: 11.3438 12.3549 ( 8.33549 : 17.8141 )  ( 6.88047 : 24.4978 ) 
800:650 cls: 11.5663 12.2256 ( 9.39442 : 17.7474 )  ( 7.01307 : 24.244 ) 
750:0 cls: 8.58193 8.28631 ( 6.4526 : 11.8123 )  ( 5.15558 : 15.9251 ) 
800:150 cls: 8.25507 8.05956 ( 5.77359 : 12.0939 )  ( 3.83337 : 16.2887 ) 
600:500 cls: 9.82191 11.0367 ( 7.89898 : 16.056 )  ( 6.30459 : 20.5182 ) 
850:800 cls: 14.593 15.2121 ( 11.263 : 22.8217 )  ( 9.76931 : 33.3567 ) 
750:450 cls: 9.22058 9.07863 ( 6.08638 : 13.2016 )  ( 3.418 : 18.4841 ) 
900:450 cls: 9.18685 9.04501 ( 7.11272 : 12.7527 )  ( 8.11864 : 17.5315 ) 
300:200 cls: 9.36315 10.8502 ( 7.37044 : 15.2544 )  ( 4.82981 : 20.5376 ) 
600:0 cls: 9.05586 8.93567 ( 5.96581 : 12.8913 )  ( 3.33586 : 18.4481 ) 
500:100 cls: 9.74797 9.79369 ( 7.4222 : 13.6744 )  ( 4.40234 : 19.1749 ) 
850:350 cls: 8.56488 8.16433 ( 6.52894 : 11.7417 )  ( 7.62911 : 15.9425 ) 
1000:100 cls: 8.53377 8.24228 ( 5.52099 : 11.524 )  ( 4.77365 : 16.323 ) 
450:100 cls: 10.2142 10.3928 ( 7.62003 : 14.0556 )  ( 5.82322 : 19.9369 ) 
550:50 cls: 9.76732 9.7976 ( 6.93009 : 13.2849 )  ( 4.8186 : 18.266 ) 
950:550 cls: 9.78922 9.38482 ( 6.68405 : 13.8484 )  ( 4.54755 : 19.7983 ) 
650:400 cls: 10.5546 10.6515 ( 7.82023 : 14.834 )  ( 6.32547 : 20.804 ) 
700:250 cls: 8.96118 8.73437 ( 5.71383 : 12.3647 )  ( 3.60611 : 17.8054 ) 
1000:600 cls: 9.65153 9.29909 ( 6.05131 : 13.0254 )  ( 5.49852 : 18.7395 ) 
750:50 cls: 8.42126 8.25163 ( 6.45839 : 11.9503 )  ( 4.66954 : 16.3892 ) 
800:700 cls: 10.545 11.9312 ( 8.24228 : 16.9094 )  ( 7.26598 : 21.7702 ) 
950:100 cls: 9.18913 8.64685 ( 6.33434 : 12.1631 )  ( 4.63565 : 17.6801 ) 
800:200 cls: 8.24037 8.05304 ( 5.55095 : 11.6157 )  ( 3.87256 : 16.3084 ) 
400:0 cls: 11.268 11.6194 ( 7.68161 : 15.4421 )  ( 6.15184 : 21.4536 ) 
900:0 cls: 8.36824 8.02949 ( 5.58742 : 11.916 )  ( 3.82666 : 15.7845 ) 
600:550 cls: 11.1335 12.8916 ( 8.67172 : 17.8872 )  ( 6.58608 : 25.1306 ) 
900:500 cls: 9.12481 8.75761 ( 7.04478 : 12.8904 )  ( 4.43041 : 17.5444 ) 
600:50 cls: 9.11712 8.99694 ( 6.13241 : 13.1907 )  ( 3.41292 : 18.6251 ) 
300:250 cls: 10.1138 11.959 ( 7.68513 : 16.4112 )  ( 6.12649 : 23.1157 ) 
750:500 cls: 10.3562 10.4748 ( 7.73595 : 14.1831 )  ( 6.98471 : 20.0989 ) 
1000:150 cls: 9.04792 8.71288 ( 6.8099 : 12.7202 )  ( 4.85919 : 17.7509 ) 
500:150 cls: 10.1095 10.3255 ( 7.22626 : 14.2099 )  ( 5.60165 : 19.783 ) 
450:150 cls: 10.4799 10.8029 ( 7.55931 : 14.8323 )  ( 5.7951 : 19.7495 ) 
850:400 cls: 8.90742 8.68263 ( 6.45339 : 11.9912 )  ( 8.94894 : 16.2288 ) 
650:450 cls: 10.4991 10.9103 ( 6.96782 : 15.5452 )  ( 4.0112 : 21.4373 ) 
950:600 cls: 9.6443 9.49354 ( 7.24885 : 13.2647 )  ( 5.69116 : 18.1654 ) 
700:300 cls: 9.32349 9.14343 ( 5.92224 : 12.9453 )  ( 4.08765 : 18.2711 ) 
550:100 cls: 9.66929 9.7102 ( 6.89565 : 13.461 )  ( 5.10127 : 17.9451 ) 
950:150 cls: 8.19988 7.95086 ( 5.39185 : 11.805 )  ( 3.78565 : 16.4151 ) 
750:100 cls: 8.89238 8.64235 ( 6.23181 : 11.6877 )  ( 6.82209 : 15.8777 ) 
1000:650 cls: 11.2616 10.9704 ( 7.54048 : 18.375 )  ( 5.88801 : 29.5341 ) 
800:250 cls: 8.9173 8.78873 ( 6.67368 : 12.0684 )  ( 6.18282 : 16.4144 ) 
650:0 cls: 9.18852 9.01854 ( 6.58161 : 12.3921 )  ( 4.43877 : 16.622 ) 
400:50 cls: 11.0631 11.5524 ( 7.32614 : 15.4095 )  ( 5.67763 : 20.4622 ) 
800:750 cls: 16.6663 16.9084 ( 12.587 : 24.7918 )  ( 12.2583 : 39.8905 ) 
600:100 cls: 9.61755 9.56257 ( 7.12759 : 12.6951 )  ( 4.90328 : 17.5091 ) 
900:50 cls: 8.35262 8.2421 ( 6.27324 : 11.9661 )  ( 9.84885 : 16.0517 ) 
500:200 cls: 10.1866 10.7018 ( 6.59813 : 15.2128 )  ( 3.90887 : 20.0777 ) 
900:550 cls: 9.94192 9.92578 ( 6.75468 : 13.6384 )  ( 4.82342 : 18.9876 ) 
750:550 cls: 10.9073 11.2259 ( 8.03991 : 15.3003 )  ( 6.25825 : 20.3737 ) 
450:200 cls: 11.1889 11.6487 ( 7.48051 : 15.5345 )  ( 5.45905 : 20.3145 ) 
1000:200 cls: 8.84271 8.56154 ( 6.14126 : 11.9174 )  ( 4.76915 : 16.1327 ) 
700:350 cls: 9.70491 9.53691 ( 7.16281 : 12.7138 )  ( 4.77352 : 17.6004 ) 
650:500 cls: 10.8309 12.1357 ( 8.52567 : 17.0225 )  ( 6.38119 : 22.2726 ) 
850:450 cls: 9.08399 8.97258 ( 6.92914 : 12.3394 )  ( 5.27661 : 17.1145 ) 
950:650 cls: 9.72567 9.55448 ( 6.42299 : 13.5417 )  ( 4.80309 : 19.4901 ) 
550:150 cls: 9.7583 9.76342 ( 6.88956 : 12.8513 )  ( 5.41813 : 17.4956 ) 
750:150 cls: 8.86186 8.69184 ( 6.71864 : 12.0599 )  ( 4.82012 : 16.2208 ) 
950:200 cls: 9.08628 8.81843 ( 6.62409 : 12.2434 )  ( 5.21577 : 17.3525 ) 
400:100 cls: 10.8258 11.2332 ( 7.8268 : 16.0967 )  ( 4.12203 : 21.1752 ) 
1000:700 cls: 10.7764 10.3178 ( 7.43645 : 15.6374 )  ( 6.74808 : 23.1914 ) 
650:50 cls: 9.55934 9.49573 ( 6.8503 : 12.9648 )  ( 5.14086 : 17.0488 ) 
800:300 cls: 8.79005 8.67873 ( 6.83446 : 12.3443 )  ( 7.09192 : 16.8504 ) 
600:150 cls: 9.15028 9.04379 ( 6.06162 : 12.643 )  ( 3.43397 : 18.6845 ) 
850:0 cls: 8.19379 7.93393 ( 5.88974 : 11.6572 )  ( 5.52312 : 15.1867 ) 
500:250 cls: 10.7735 11.22 ( 7.55569 : 15.2146 )  ( 6.48972 : 20.6846 ) 
900:100 cls: 9.09877 9.06759 ( 7.01092 : 12.5318 )  ( 4.83331 : 16.9144 ) 
900:600 cls: 10.3708 10.08 ( 7.06771 : 15.1054 )  ( 5.44011 : 22.1644 ) 
750:600 cls: 10.9215 12.5713 ( 8.3537 : 17.1173 )  ( 6.07968 : 22.5063 ) 
700:400 cls: 10.0892 10.1396 ( 7.65475 : 13.7325 )  ( 5.71197 : 19.0292 ) 
650:550 cls: 10.2502 11.7363 ( 8.50971 : 16.0656 )  ( 5.58419 : 21.417 ) 
1000:250 cls: 9.03077 8.76073 ( 6.36696 : 12.3941 )  ( 4.91377 : 17.6413 ) 
850:500 cls: 10.3076 10.1678 ( 7.09266 : 13.9611 )  ( 5.51315 : 19.2851 ) 
750:200 cls: 9.09415 9.00562 ( 6.66941 : 12.2373 )  ( 4.82591 : 16.4146 ) 
650:100 cls: 9.30333 9.02125 ( 5.68118 : 13.1164 )  ( 3.60697 : 18.2068 ) 
550:200 cls: 9.92436 9.89154 ( 7.08122 : 13.9104 )  ( 5.54782 : 18.3268 ) 
950:700 cls: 11.0875 10.7479 ( 7.7957 : 16.935 )  ( 6.06295 : 24.8064 ) 
950:250 cls: 8.58117 8.33925 ( 6.08152 : 11.5646 )  ( 3.94962 : 15.8688 ) 
800:350 cls: 8.8108 8.63427 ( 6.48076 : 12.1382 )  ( 5.37729 : 16.2111 ) 
1000:750 cls: 11.5206 11.2592 ( 8.0033 : 16.3932 )  ( 6.64924 : 24.8364 ) 
600:200 cls: 9.72781 9.71814 ( 6.82319 : 12.8586 )  ( 5.11555 : 17.4799 ) 
850:50 cls: 8.49311 8.37458 ( 5.52683 : 11.6835 )  ( 3.97796 : 16.2489 ) 
750:650 cls: 10.3731 11.5983 ( 8.19192 : 16.0469 )  ( 5.15365 : 21.8724 ) 
900:150 cls: 8.30696 7.9707 ( 5.76923 : 11.8066 )  ( 4.06648 : 15.3445 ) 
700:450 cls: 9.69142 9.62792 ( 6.23585 : 14.0334 )  ( 4.36087 : 19.5847 ) 
900:650 cls: 10.8047 10.822 ( 8.49223 : 16.4569 )  ( 5.55518 : 24.6034 ) 
750:250 cls: 8.74229 8.49641 ( 5.41938 : 12.6578 )  ( 4.11952 : 16.4268 ) 
650:600 cls: 12.7071 13.431 ( 10.1886 : 20.5239 )  ( 9.01826 : 27.979 ) 
850:550 cls: 9.73242 9.65057 ( 7.00246 : 13.6862 )  ( 5.25641 : 18.1253 ) 
950:300 cls: 8.55729 8.41887 ( 6.39723 : 12.0309 )  ( 5.21727 : 16.2041 ) 
1000:300 cls: 8.9083 8.18794 ( 6.07221 : 11.6697 )  ( 5.61977 : 15.8511 ) 
550:250 cls: 10.1731 10.3473 ( 7.40576 : 13.6372 )  ( 5.41906 : 19.7653 ) 
800:400 cls: 8.95129 8.86638 ( 6.81705 : 12.6443 )  ( 4.82032 : 16.5351 ) 
950:750 cls: 15.3419 16.0212 ( 11.81 : 26.4481 )  ( 7.59704 : 47.329 ) 
1000:800 cls: 12.4674 12.8426 ( 8.90746 : 19.6271 )  ( 6.05358 : 28.2123 ) 
850:100 cls: 8.91409 8.76445 ( 6.65468 : 12.045 )  ( 5.50209 : 16.5067 ) 
900:200 cls: 8.45823 8.31622 ( 5.57354 : 11.9862 )  ( 3.91015 : 16.4682 ) 
750:700 cls: 24.4352 26.4059 ( 17.5704 : 44.024 )  ( 11.9946 : 93.539 ) 
900:700 cls: 11.2679 11.65 ( 7.98505 : 17.9971 )  ( 4.87229 : 24.5049 ) 
950:350 cls: 8.83643 8.41638 ( 6.0531 : 11.6246 )  ( 4.4241 : 16.2801 ) 
850:600 cls: 10.4624 10.4282 ( 7.73452 : 14.583 )  ( 5.34039 : 20.5928 ) 
800:450 cls: 9.16449 9.07678 ( 6.16059 : 12.9617 )  ( 3.29907 : 18.5443 ) 
1000:350 cls: 10.3409 9.9184 ( 7.72738 : 15.7625 )  ( 6.02076 : 27.1445 ) 
950:800 cls: 12.1824 13.1179 ( 9.07235 : 19.5638 )  ( 8.16262 : 28.2047 ) 
850:150 cls: 8.83557 8.37282 ( 6.5293 : 11.8703 )  ( 5.90539 : 16.1911 ) 
800:0 cls: 8.91997 8.61486 ( 6.28463 : 11.625 )  ( 6.59 : 15.9894 ) 
900:250 cls: 8.64865 8.38189 ( 5.94349 : 11.5292 )  ( 4.11848 : 15.9064 ) 
900:750 cls: 11.7125 12.0852 ( 9.12259 : 17.4596 )  ( 7.1087 : 22.9786 ) 
850:650 cls: 10.82 11.1306 ( 7.97753 : 15.7411 )  ( 6.29457 : 21.7627 ) 
800:500 cls: 10.2445 10.2352 ( 7.62704 : 14.1424 )  ( 4.97697 : 19.487 ) 
950:400 cls: 9.28188 8.47848 ( 6.07421 : 12.4503 )  ( 5.36558 : 16.9273 ) 
850:200 cls: 8.25074 8.04109 ( 5.51877 : 11.7336 )  ( 3.46478 : 15.8456 ) 
1000:400 cls: 10.4596 9.95281 ( 7.1009 : 14.4899 )  ( 5.15324 : 21.8423 ) 
950:850 cls: 10.9965 12.2537 ( 8.60884 : 16.9831 )  ( 7.22124 : 22.4604 ) 
900:300 cls: 8.6448 8.38941 ( 5.75588 : 12.1632 )  ( 3.91622 : 16.5192 ) 
900:800 cls: 10.4838 11.9114 ( 8.53695 : 16.7868 )  ( 6.45701 : 23.7664 ) 
850:700 cls: 11.2169 12.0613 ( 8.59353 : 16.9341 )  ( 6.90813 : 22.6725 ) 
950:450 cls: 8.48184 8.3921 ( 6.16671 : 12.1633 )  ( 7.87839 : 17.2989 ) 
1000:450 cls: 8.62545 8.40984 ( 6.49516 : 12.3674 )  ( 5.01153 : 16.0064 ) 
950:900 cls: 67.0583 77.7581 ( 43.9613 : 174.056 )  ( 23.9654 : 0 ) 
900:350 cls: 8.99569 8.95034 ( 6.53428 : 12.4917 )  ( 8.49217 : 17.5517 ) 
900:850 cls: 66.7868 78.8132 ( 39.4492 : 175.959 )  ( 30.1765 : 0 ) 
1000:500 cls: 9.54999 9.11727 ( 6.73462 : 12.9246 )  ( 5.39474 : 18.3909 ) 
1000:0 cls: 8.54358 8.38271 ( 5.71808 : 11.6224 )  ( 5.34039 : 16.2943 ) 
