350:0 cls: 7.08369 4.89103 ( 3.82847 : 7.19187 )  ( 3.19805 : 10.5141 ) 
450:250 cls: 7.10219 6.56118 ( 5.0555 : 9.38676 )  ( 4.87902 : 12.2478 ) 
200:50 cls: 9.62649 11.1099 ( 8.21113 : 16.1222 )  ( 6.07534 : 21.0627 ) 
400:150 cls: 8.10669 5.53221 ( 4.23385 : 7.90039 )  ( 3.08261 : 11.5626 ) 
250:50 cls: 8.85434 7.92374 ( 5.89477 : 12.2257 )  ( 4.71449 : 17.2058 ) 
500:300 cls: 6.62177 6.01176 ( 4.72524 : 8.68416 )  ( 4.49903 : 12.0252 ) 
550:300 cls: 7.71146 5.58465 ( 3.71168 : 7.96135 )  ( 3.59551 : 11.372 ) 
600:250 cls: 7.00065 4.81125 ( 3.73293 : 6.75506 )  ( 3.29334 : 9.4341 ) 
650:150 cls: 5.15818 4.04268 ( 3.61771 : 5.50924 )  ( 3.09291 : 7.87444 ) 
350:50 cls: 8.06002 5.86275 ( 4.74139 : 8.38493 )  ( 3.65939 : 11.8806 ) 
450:300 cls: 7.46717 8.31415 ( 6.30406 : 12.1584 )  ( 5.7825 : 16.638 ) 
700:500 cls: 6.76416 5.97959 ( 4.51934 : 8.42202 )  ( 3.72229 : 12.3289 ) 
400:200 cls: 8.05811 7.2808 ( 5.29801 : 10.4871 )  ( 5.08701 : 14.3025 ) 
700:0 cls: 3.88459 3.57633 ( 3.51608 : 4.39119 )  ( 4.09137 : 6.48945 ) 
850:750 cls: 4.90493 5.68416 ( 4.83347 : 8.69307 )  ( 3.27081 : 13.6217 ) 
750:300 cls: 5.33905 4.10868 ( 3.79592 : 5.57362 )  ( 4.15144 : 8.33548 ) 
200:100 cls: 11.3607 12.7869 ( 9.50964 : 19.2064 )  ( 6.96036 : 27.0854 ) 
800:50 cls: 3.8936 3.40327 ( 3.40617 : 4.21208 )  ( 3.00816 : 6.42495 ) 
800:550 cls: 6.8749 5.3154 ( 4.18451 : 7.61545 )  ( 3.55959 : 11.0748 ) 
500:350 cls: 6.46191 7.47916 ( 6.05176 : 11.1695 )  ( 4.83545 : 16.0156 ) 
850:250 cls: 4.53507 3.77527 ( 3.48452 : 4.93712 )  ( 3.19876 : 7.30114 ) 
250:100 cls: 9.59606 10.8071 ( 7.53452 : 14.6773 )  ( 6.04577 : 20.1622 ) 
550:350 cls: 6.29336 5.56977 ( 4.12127 : 8.33792 )  ( 3.92682 : 11.8708 ) 
950:500 cls: 5.62015 4.31955 ( 3.39029 : 5.72197 )  ( 2.98253 : 8.31517 ) 
950:0 cls: 3.59509 3.36063 ( 3.3868 : 3.94498 )  ( 3.0693 : 5.86592 ) 
600:300 cls: 7.38595 5.04264 ( 3.94663 : 7.01343 )  ( 4.18258 : 10.123 ) 
900:400 cls: 5.19651 4.12026 ( 3.21626 : 5.39142 )  ( 2.92147 : 7.68222 ) 
650:200 cls: 5.3752 4.14961 ( 3.37895 : 5.55535 )  ( 3.10823 : 7.9808 ) 
1000:550 cls: 5.59203 4.05103 ( 3.32447 : 5.69113 )  ( 3.26477 : 8.17525 ) 
1000:50 cls: 3.85132 3.42111 ( 3.33032 : 4.22465 )  ( 3.53118 : 6.16347 ) 
350:100 cls: 8.63228 6.0939 ( 4.59138 : 8.44409 )  ( 3.81351 : 12.4803 ) 
800:100 cls: 4.10726 3.65083 ( 3.33792 : 4.61972 )  ( 3.29278 : 6.92094 ) 
700:550 cls: 6.44174 7.4531 ( 6.24707 : 10.605 )  ( 5.16969 : 15.9331 ) 
750:350 cls: 6.19288 4.50017 ( 3.89229 : 6.21115 )  ( 3.37228 : 8.85585 ) 
700:50 cls: 4.14104 3.74359 ( 3.16107 : 4.69779 )  ( 4.02972 : 6.82287 ) 
800:600 cls: 6.21663 5.43804 ( 4.37969 : 7.60267 )  ( 3.22939 : 11.7901 ) 
400:250 cls: 6.99731 7.81256 ( 6.07667 : 11.2107 )  ( 4.7245 : 16.3354 ) 
450:350 cls: 9.71024 10.843 ( 8.3745 : 15.9541 )  ( 8.29781 : 22.6892 ) 
850:300 cls: 4.96012 3.86781 ( 3.61197 : 5.23487 )  ( 3.45629 : 7.48104 ) 
500:400 cls: 9.61101 9.95228 ( 7.2553 : 15.3557 )  ( 5.37045 : 21.8016 ) 
200:150 cls: 11.7477 13.0503 ( 9.3829 : 18.8787 )  ( 7.52547 : 28.4792 ) 
550:400 cls: 5.76195 6.3174 ( 4.78975 : 9.4437 )  ( 3.8843 : 13.2673 ) 
950:550 cls: 5.93221 4.50613 ( 3.82586 : 5.84675 )  ( 3.33581 : 8.68857 ) 
600:350 cls: 7.04922 5.62457 ( 4.04264 : 7.82963 )  ( 2.82028 : 11.1666 ) 
250:150 cls: 10.8072 12.1696 ( 8.84002 : 17.087 )  ( 6.65176 : 23.2771 ) 
1000:600 cls: 5.98841 4.44448 ( 3.62856 : 6.01458 )  ( 4.05649 : 8.85607 ) 
950:50 cls: 3.68009 3.33655 ( 2.96101 : 4.16363 )  ( 3.55355 : 6.08827 ) 
650:250 cls: 6.04232 4.32692 ( 3.71657 : 6.00304 )  ( 3.4283 : 8.66179 ) 
900:450 cls: 5.55015 4.17119 ( 3.30752 : 5.63884 )  ( 3.12806 : 8.23688 ) 
1000:100 cls: 3.9376 3.64861 ( 3.47328 : 4.37174 )  ( 3.3157 : 6.24224 ) 
350:150 cls: 7.13236 6.58439 ( 5.13661 : 9.9157 )  ( 4.53617 : 13.7269 ) 
800:150 cls: 4.4445 3.70551 ( 3.77611 : 4.89889 )  ( 4.03466 : 6.74972 ) 
750:400 cls: 6.58073 4.56022 ( 3.52497 : 6.55755 )  ( 2.82946 : 9.18689 ) 
800:650 cls: 6.05918 6.21959 ( 4.7753 : 8.70315 )  ( 3.4422 : 12.2785 ) 
700:100 cls: 4.55429 3.79446 ( 3.21957 : 5.03107 )  ( 3.93693 : 7.15799 ) 
700:600 cls: 8.51261 8.64298 ( 6.27528 : 12.104 )  ( 4.65826 : 17.7403 ) 
850:350 cls: 5.20987 4.0869 ( 3.48547 : 5.39975 )  ( 5.20411 : 7.57351 ) 
400:300 cls: 9.54373 10.6098 ( 7.38902 : 15.0945 )  ( 6.90594 : 21.1686 ) 
250:0 cls: 11.4066 7.5652 ( 5.43089 : 10.5052 )  ( 4.23476 : 14.8689 ) 
450:400 cls: 29.8456 16.8596 ( 14.3891 : 24.4352 )  ( 13.0746 : 44.73 ) 
600:400 cls: 6.26349 5.49546 ( 4.47149 : 8.23248 )  ( 4.50901 : 12.3308 ) 
1000:650 cls: 6.66451 4.64466 ( 3.71423 : 6.51702 )  ( 3.6939 : 9.51026 ) 
950:600 cls: 6.48684 4.45463 ( 3.75053 : 6.56715 )  ( 4.3389 : 9.65709 ) 
650:300 cls: 6.70551 4.5474 ( 3.89079 : 6.58536 )  ( 4.06569 : 9.42923 ) 
500:450 cls: 29.8558 27.9612 ( 19.5022 : 44.3093 )  ( 19.2439 : 80.0125 ) 
550:450 cls: 6.86895 8.45816 ( 6.40747 : 12.6268 )  ( 6.32933 : 18.3871 ) 
950:100 cls: 3.96571 3.56138 ( 3.62965 : 4.41598 )  ( 4.60429 : 6.45477 ) 
1000:150 cls: 4.08747 3.59503 ( 3.35646 : 4.44215 )  ( 3.06253 : 6.56561 ) 
900:500 cls: 5.83636 4.2549 ( 3.70955 : 6.14268 )  ( 2.58128 : 9.05993 ) 
350:200 cls: 7.56057 8.58176 ( 6.3614 : 12.6659 )  ( 4.81394 : 17.8038 ) 
800:200 cls: 4.74172 3.73118 ( 3.29657 : 5.08217 )  ( 3.27571 : 7.20583 ) 
750:450 cls: 7.31567 5.32968 ( 4.01293 : 7.38497 )  ( 3.22813 : 10.7808 ) 
700:650 cls: 8.51982 8.59751 ( 6.43636 : 14.1033 )  ( 5.14082 : 23.152 ) 
700:150 cls: 4.79804 3.82767 ( 3.55456 : 5.21565 )  ( 3.42665 : 7.45535 ) 
250:200 cls: 19.166 20.716 ( 14.5331 : 30.0609 )  ( 9.97321 : 49.0281 ) 
850:400 cls: 5.44078 4.2064 ( 3.4907 : 5.61869 )  ( 3.32611 : 8.1898 ) 
800:700 cls: 7.48939 8.16283 ( 6.31351 : 12.435 )  ( 4.85701 : 17.6445 ) 
1000:700 cls: 7.23841 5.10975 ( 3.97219 : 7.40619 )  ( 3.56988 : 10.9735 ) 
400:350 cls: 22.0174 21.5022 ( 16.3488 : 33.3291 )  ( 16.685 : 52.8069 ) 
500:0 cls: 4.53118 4.15913 ( 3.72178 : 5.34485 )  ( 4.25253 : 8.05302 ) 
600:450 cls: 7.40839 7.66969 ( 5.89842 : 11.2368 )  ( 5.37733 : 16.1899 ) 
650:350 cls: 7.83439 5.34141 ( 4.46088 : 7.65154 )  ( 3.6426 : 11.2973 ) 
950:650 cls: 7.13189 5.12945 ( 4.13415 : 7.19377 )  ( 3.23908 : 10.5284 ) 
550:0 cls: 4.32232 3.94721 ( 3.32929 : 4.89503 )  ( 3.1174 : 7.45737 ) 
950:150 cls: 4.04081 3.5981 ( 3.45717 : 4.37828 )  ( 3.29278 : 6.5386 ) 
1000:200 cls: 4.16632 3.59808 ( 3.44109 : 4.4912 )  ( 3.46632 : 6.76399 ) 
550:500 cls: 11.9751 11.4795 ( 8.89875 : 16.9588 )  ( 6.95969 : 30.4151 ) 
900:550 cls: 6.47298 4.70225 ( 4.05267 : 6.62437 )  ( 4.30596 : 9.42981 ) 
800:250 cls: 4.92654 3.83718 ( 3.56569 : 5.13372 )  ( 3.77713 : 7.23035 ) 
350:250 cls: 7.96774 9.98699 ( 6.703 : 15.0404 )  ( 5.28136 : 21.2341 ) 
750:500 cls: 6.86402 5.59991 ( 4.20232 : 7.81771 )  ( 3.97231 : 11.2547 ) 
750:0 cls: 3.80548 3.41978 ( 3.09644 : 4.39312 )  ( 3.64086 : 6.3743 ) 
850:450 cls: 5.92789 4.09491 ( 3.60894 : 5.92849 )  ( 3.62215 : 8.18109 ) 
300:0 cls: 7.02481 6.22515 ( 5.02744 : 8.89745 )  ( 3.61961 : 12.351 ) 
700:200 cls: 5.33384 4.14614 ( 3.71174 : 5.46373 )  ( 3.17424 : 7.815 ) 
1000:750 cls: 6.41385 5.4725 ( 3.97634 : 7.5631 )  ( 3.62478 : 11.5096 ) 
450:0 cls: 4.82292 4.29734 ( 3.59156 : 5.95337 )  ( 2.60366 : 8.68216 ) 
500:50 cls: 5.10647 4.40535 ( 3.7196 : 5.82574 )  ( 2.85493 : 8.76372 ) 
650:400 cls: 7.19974 5.43476 ( 4.08346 : 8.02128 )  ( 2.82255 : 11.2959 ) 
550:50 cls: 5.12985 4.25878 ( 3.98721 : 5.71573 )  ( 4.45972 : 8.10145 ) 
950:700 cls: 6.47678 5.18736 ( 4.1448 : 7.56114 )  ( 3.42128 : 10.569 ) 
600:500 cls: 11.9869 10.9069 ( 7.96707 : 15.2547 )  ( 5.91029 : 21.2429 ) 
600:0 cls: 4.01252 3.68234 ( 3.31514 : 4.78337 )  ( 2.74898 : 7.11988 ) 
950:200 cls: 4.27759 3.76871 ( 3.50319 : 4.70599 )  ( 2.85028 : 6.79862 ) 
1000:250 cls: 4.36171 3.86147 ( 3.69633 : 4.57692 )  ( 3.46632 : 6.58649 ) 
800:300 cls: 5.45236 4.23539 ( 3.6261 : 5.52941 )  ( 3.15194 : 8.20486 ) 
750:550 cls: 6.45816 5.50217 ( 4.4574 : 8.20167 )  ( 3.38199 : 11.909 ) 
750:50 cls: 4.11464 3.71476 ( 3.68663 : 4.63684 )  ( 3.54967 : 6.90016 ) 
900:600 cls: 7.0983 5.3095 ( 3.8676 : 7.24549 )  ( 4.41837 : 11.1248 ) 
850:500 cls: 6.5922 4.34532 ( 3.41227 : 6.45696 )  ( 2.81088 : 9.27515 ) 
350:300 cls: 9.65247 11.8881 ( 8.46961 : 18.4383 )  ( 8.08061 : 31.3191 ) 
700:250 cls: 5.85076 4.2139 ( 3.5276 : 5.93615 )  ( 2.82466 : 8.39342 ) 
300:50 cls: 10.5826 6.94292 ( 5.46569 : 10.0702 )  ( 5.26607 : 13.8361 ) 
1000:800 cls: 6.31036 5.59804 ( 4.10987 : 8.24374 )  ( 4.34759 : 11.7644 ) 
450:50 cls: 5.60422 4.51652 ( 3.34709 : 6.25941 )  ( 3.69251 : 9.12136 ) 
500:100 cls: 5.8901 4.69884 ( 4.38732 : 6.07406 )  ( 4.92686 : 9.14175 ) 
650:450 cls: 6.55856 5.97014 ( 4.6481 : 8.64774 )  ( 3.25663 : 11.992 ) 
600:550 cls: 13.8726 8.43814 ( 6.37025 : 13.7244 )  ( 5.66094 : 24.6335 ) 
550:100 cls: 5.59981 4.45887 ( 3.91081 : 5.8829 )  ( 3.41148 : 8.6059 ) 
950:750 cls: 6.5874 5.90332 ( 4.53022 : 8.35787 )  ( 3.48953 : 11.9506 ) 
600:50 cls: 4.60452 3.92485 ( 3.60583 : 5.14665 )  ( 3.18535 : 7.66451 ) 
800:350 cls: 5.59246 4.37809 ( 3.51936 : 5.64165 )  ( 2.97375 : 8.47591 ) 
1000:300 cls: 4.44884 3.64965 ( 3.0638 : 4.80636 )  ( 2.37765 : 6.90771 ) 
950:250 cls: 4.50525 3.6833 ( 3.14589 : 4.83928 )  ( 3.79689 : 7.24992 ) 
750:100 cls: 4.23274 3.56193 ( 3.19481 : 4.7144 )  ( 3.63604 : 6.9575 ) 
750:600 cls: 5.83483 6.85036 ( 5.51543 : 9.94283 )  ( 4.66458 : 14.3586 ) 
900:650 cls: 6.31687 5.33068 ( 3.92317 : 7.43086 )  ( 3.74016 : 10.9411 ) 
400:0 cls: 6.63877 4.73983 ( 3.96624 : 6.54395 )  ( 4.42977 : 9.80247 ) 
850:550 cls: 7.326 5.19704 ( 3.91757 : 7.44148 )  ( 3.34372 : 10.9881 ) 
700:300 cls: 5.80972 4.33848 ( 3.5436 : 5.78847 )  ( 3.94482 : 8.50185 ) 
300:100 cls: 6.28591 6.40807 ( 4.70055 : 8.74901 )  ( 4.16936 : 12.084 ) 
500:150 cls: 6.47419 4.6266 ( 3.88888 : 6.50328 )  ( 3.75365 : 9.97166 ) 
450:100 cls: 6.65011 4.88064 ( 4.34835 : 6.74886 )  ( 4.11259 : 9.70037 ) 
650:500 cls: 6.15424 6.68071 ( 5.27544 : 9.48938 )  ( 4.71828 : 13.8235 ) 
650:0 cls: 4.0065 3.61248 ( 3.29198 : 4.62025 )  ( 2.63663 : 6.70629 ) 
550:150 cls: 5.88614 4.43702 ( 3.653 : 6.04506 )  ( 3.69586 : 8.64678 ) 
800:400 cls: 6.15726 4.24301 ( 3.52862 : 6.05502 )  ( 2.82707 : 8.65866 ) 
600:100 cls: 5.10164 4.04668 ( 3.61519 : 5.50755 )  ( 3.58137 : 7.88395 ) 
1000:350 cls: 4.59386 3.75027 ( 3.29024 : 4.95925 )  ( 3.0741 : 7.29061 ) 
950:300 cls: 4.66632 3.80744 ( 3.31649 : 5.0169 )  ( 3.11808 : 7.09359 ) 
950:800 cls: 6.71627 6.96223 ( 5.44772 : 9.95044 )  ( 4.79304 : 14.4374 ) 
750:150 cls: 4.59522 3.77707 ( 3.43881 : 4.98269 )  ( 3.41721 : 7.07933 ) 
400:50 cls: 6.43725 4.99735 ( 4.10992 : 6.9977 )  ( 3.288 : 9.91116 ) 
900:700 cls: 6.45695 5.66464 ( 4.43329 : 8.13463 )  ( 4.71524 : 12.0587 ) 
750:650 cls: 10.2321 10.0692 ( 7.14177 : 15.4464 )  ( 4.3736 : 21.3075 ) 
850:600 cls: 5.86557 5.02073 ( 4.01679 : 7.40621 )  ( 3.53663 : 10.8173 ) 
500:200 cls: 7.42937 5.00398 ( 4.29553 : 7.18101 )  ( 3.27675 : 10.3674 ) 
700:350 cls: 6.87292 4.81606 ( 3.89791 : 6.56822 )  ( 3.24144 : 9.64796 ) 
450:150 cls: 7.35377 5.35808 ( 4.36859 : 7.17521 )  ( 4.60073 : 10.1956 ) 
650:50 cls: 4.36044 3.80232 ( 3.37232 : 4.87307 )  ( 2.58668 : 7.00338 ) 
550:200 cls: 6.34226 4.74636 ( 4.42535 : 6.21177 )  ( 3.1685 : 9.07871 ) 
300:150 cls: 8.92431 9.92336 ( 6.75104 : 14.2348 )  ( 5.3242 : 19.0721 ) 
800:450 cls: 6.79429 4.76365 ( 3.956 : 6.63349 )  ( 3.37228 : 9.49705 ) 
650:550 cls: 8.75768 9.36461 ( 7.14214 : 14.303 )  ( 5.61873 : 19.6252 ) 
600:150 cls: 5.61036 4.28598 ( 3.62604 : 5.80045 )  ( 2.99116 : 8.53252 ) 
1000:400 cls: 4.78597 3.79289 ( 3.46892 : 5.13194 )  ( 3.53676 : 7.68496 ) 
750:200 cls: 4.87136 4.02046 ( 3.57972 : 5.18465 )  ( 3.85143 : 7.40207 ) 
950:350 cls: 4.79781 3.71735 ( 3.29748 : 5.13136 )  ( 3.50112 : 7.39181 ) 
750:700 cls: 8.7674 9.26922 ( 6.84272 : 14.2387 )  ( 6.42947 : 23.7142 ) 
400:100 cls: 6.71136 4.6927 ( 3.79111 : 6.81868 )  ( 3.59297 : 10.0597 ) 
850:650 cls: 6.32064 5.50206 ( 4.3431 : 8.10488 )  ( 3.26477 : 11.1225 ) 
500:250 cls: 8.35978 5.85159 ( 4.37222 : 8.26207 )  ( 3.41209 : 11.7775 ) 
900:750 cls: 6.61156 7.16023 ( 5.31808 : 10.3259 )  ( 5.01297 : 15.1035 ) 
700:400 cls: 8.42927 5.52267 ( 4.30734 : 7.50156 )  ( 3.68306 : 10.5375 ) 
450:200 cls: 8.60141 5.8593 ( 4.50735 : 8.06011 )  ( 3.27279 : 11.6691 ) 
550:250 cls: 7.92247 5.12278 ( 4.0946 : 7.26294 )  ( 3.36956 : 10.4987 ) 
650:100 cls: 4.7003 4.09313 ( 3.77573 : 4.99835 )  ( 3.05749 : 7.50134 ) 
650:600 cls: 12.4542 12.1461 ( 9.03069 : 19.5563 )  ( 6.94598 : 32.8998 ) 
800:500 cls: 7.69691 5.19519 ( 4.36578 : 7.29277 )  ( 3.06063 : 10.3801 ) 
600:200 cls: 6.07363 4.36769 ( 3.91358 : 6.12439 )  ( 3.6691 : 9.01933 ) 
750:250 cls: 5.05098 3.89256 ( 3.55623 : 5.3174 )  ( 3.20594 : 7.70953 ) 
1000:450 cls: 4.91246 4.08192 ( 3.77433 : 5.2141 )  ( 3.34033 : 7.76301 ) 
800:0 cls: 3.83115 3.55259 ( 3.34791 : 4.31562 )  ( 3.30929 : 6.12621 ) 
950:400 cls: 5.05523 3.84727 ( 3.14695 : 5.21811 )  ( 3.01195 : 7.61077 ) 
300:200 cls: 9.89497 11.2839 ( 8.18015 : 16.0324 )  ( 6.48008 : 21.9162 ) 
900:800 cls: 4.00294 4.58261 ( 3.51369 : 6.84779 )  ( 3.01083 : 9.84735 ) 
850:700 cls: 6.88053 7.46531 ( 5.84505 : 10.4796 )  ( 5.42218 : 14.9083 ) 
700:450 cls: 6.96123 5.35814 ( 3.67059 : 7.72336 )  ( 3.42146 : 11.1749 ) 
1000:500 cls: 5.18913 4.13467 ( 3.30513 : 5.54557 )  ( 3.78186 : 7.91763 ) 
950:450 cls: 5.34438 4.07667 ( 3.54271 : 5.50156 )  ( 2.87579 : 7.814 ) 
300:250 cls: 7.71316 9.98376 ( 7.18778 : 15.4493 )  ( 6.1902 : 22.5379 ) 
