100:0 cls: 9.62874 11.1219 ( 8.17147 : 16.2584 )  ( 5.70517 : 22.8273 ) 
250:50 cls: 10.534 11.8267 ( 8.40749 : 17.0567 )  ( 9.59047 : 21.7082 ) 
100:50 cls: 12.9835 14.1892 ( 9.87339 : 20.8667 )  ( 8.22177 : 32.1565 ) 
250:100 cls: 10.4054 12.1195 ( 8.48201 : 16.8887 )  ( 7.22339 : 21.4898 ) 
350:0 cls: 10.8115 11.1634 ( 7.91859 : 15.0034 )  ( 5.49279 : 20.1416 ) 
250:150 cls: 8.9575 10.3378 ( 7.66146 : 14.6439 )  ( 5.62374 : 19.6625 ) 
400:150 cls: 10.5582 11.2303 ( 7.99722 : 15.4496 )  ( 5.90357 : 20.0679 ) 
150:0 cls: 9.14891 10.5752 ( 7.65382 : 14.2098 )  ( 6.44781 : 19.3803 ) 
450:250 cls: 11.1128 11.7308 ( 9.04255 : 16.0479 )  ( 6.60763 : 20.7671 ) 
500:300 cls: 10.6566 11.6467 ( 8.05309 : 15.8556 )  ( 6.29363 : 21.2467 ) 
350:50 cls: 10.9904 11.2883 ( 8.07724 : 16.0321 )  ( 5.77386 : 21.5675 ) 
600:250 cls: 9.85102 9.93524 ( 7.39946 : 14.1506 )  ( 6.39238 : 18.2313 ) 
250:200 cls: 9.45027 11.0306 ( 8.50538 : 15.9905 )  ( 5.86535 : 21.3004 ) 
550:300 cls: 10.0511 10.1501 ( 7.92745 : 14.7138 )  ( 6.84822 : 20.0319 ) 
700:500 cls: 10.6215 10.9005 ( 7.8117 : 15.2082 )  ( 6.29622 : 20.1848 ) 
950:0 cls: 8.81184 8.43057 ( 6.87003 : 11.9796 )  ( 5.7595 : 16.2612 ) 
700:0 cls: 8.58757 8.4616 ( 6.85745 : 12.9316 )  ( 5.75742 : 16.481 ) 
800:550 cls: 10.2535 10.2593 ( 8.12005 : 14.2016 )  ( 6.49292 : 19.1111 ) 
850:750 cls: 11.0195 12.1833 ( 8.81574 : 16.8103 )  ( 6.00192 : 22.1039 ) 
800:50 cls: 9.02589 8.76386 ( 6.61209 : 12.1467 )  ( 6.62284 : 16.1877 ) 
400:200 cls: 11.1631 11.5867 ( 9.01725 : 16.5457 )  ( 6.98002 : 21.3765 ) 
850:250 cls: 8.40312 8.81021 ( 6.87368 : 12.2911 )  ( 5.84638 : 16.315 ) 
750:300 cls: 8.86712 8.80166 ( 6.51563 : 12.7136 )  ( 6.08198 : 17.1601 ) 
900:400 cls: 9.42943 9.25391 ( 6.72778 : 13.205 )  ( 6.49433 : 18.6711 ) 
450:300 cls: 11.0741 12.584 ( 7.95765 : 17.2831 )  ( 6.16912 : 22.448 ) 
150:50 cls: 8.84631 9.93203 ( 7.66772 : 13.9431 )  ( 5.98759 : 19.5903 ) 
1000:50 cls: 9.57961 9.24229 ( 7.47041 : 12.2252 )  ( 7.79861 : 17.9323 ) 
500:350 cls: 10.9149 12.1011 ( 8.44572 : 17.0385 )  ( 6.71331 : 21.9812 ) 
600:300 cls: 9.76003 9.85088 ( 7.41722 : 13.5253 )  ( 5.86414 : 18.9556 ) 
350:100 cls: 10.6967 11.6842 ( 8.19423 : 16.0354 )  ( 6.05397 : 21.6838 ) 
950:500 cls: 10.0299 9.70926 ( 7.4364 : 13.8769 )  ( 6.58194 : 20.1301 ) 
550:350 cls: 10.8729 11.1727 ( 7.90042 : 15.8594 )  ( 4.87432 : 21.0783 ) 
300:0 cls: 11.1835 11.8058 ( 8.59047 : 16.7024 )  ( 6.91257 : 21.1704 ) 
1000:550 cls: 10.9445 10.4934 ( 7.77487 : 15.2182 )  ( 8.26699 : 24.1776 ) 
950:50 cls: 8.67344 8.39985 ( 6.17458 : 12.176 )  ( 5.12238 : 16.0021 ) 
700:550 cls: 11.1846 11.977 ( 8.77842 : 17.1716 )  ( 5.8774 : 22.2648 ) 
400:250 cls: 11.2189 12.3062 ( 8.3143 : 16.8727 )  ( 5.01035 : 22.7839 ) 
700:50 cls: 9.131 9.02704 ( 6.94319 : 12.5655 )  ( 5.23069 : 16.753 ) 
800:100 cls: 8.42149 8.32834 ( 6.63976 : 12.5564 )  ( 4.65061 : 16.9151 ) 
800:600 cls: 11.0407 11.4462 ( 8.85594 : 17.095 )  ( 5.36782 : 23.1177 ) 
150:100 cls: 9.93799 11.4988 ( 7.24188 : 16.8711 )  ( 7.49155 : 24.1685 ) 
750:350 cls: 8.87638 8.76266 ( 6.6128 : 12.7192 )  ( 5.27948 : 17.2378 ) 
450:350 cls: 9.43461 11.3152 ( 8.53287 : 16.0638 )  ( 5.62296 : 20.3778 ) 
850:800 cls: 23.7543 28.4863 ( 18.0662 : 53.0153 )  ( 14.2998 : 117.917 ) 
850:300 cls: 8.92416 8.40575 ( 6.68512 : 12.3032 )  ( 6.22504 : 16.5782 ) 
900:450 cls: 9.92096 9.73671 ( 7.42294 : 14.0657 )  ( 5.97414 : 18.8465 ) 
350:150 cls: 11.094 11.8426 ( 8.458 : 16.9926 )  ( 5.31155 : 22.3328 ) 
500:400 cls: 9.72811 11.2124 ( 8.01472 : 15.941 )  ( 5.89086 : 20.9558 ) 
650:150 cls: 9.04312 8.94673 ( 6.54029 : 12.7251 )  ( 5.44551 : 17.0114 ) 
600:350 cls: 9.87246 10.771 ( 8.45753 : 14.751 )  ( 6.0619 : 19.704 ) 
1000:100 cls: 8.49618 8.66537 ( 6.65438 : 11.4549 )  ( 6.25081 : 15.0461 ) 
550:400 cls: 11.0107 12.0717 ( 8.06796 : 16.9236 )  ( 7.92403 : 22.0115 ) 
300:50 cls: 11.1642 11.9631 ( 8.6139 : 16.9088 )  ( 5.97399 : 21.1951 ) 
950:550 cls: 10.0524 9.86612 ( 7.40638 : 13.87 )  ( 4.88143 : 19.3607 ) 
400:300 cls: 9.95918 10.9836 ( 7.96637 : 15.6489 )  ( 6.8769 : 20.0125 ) 
700:100 cls: 8.55264 8.37958 ( 6.46749 : 12.2575 )  ( 5.91795 : 15.9626 ) 
800:150 cls: 8.68046 8.5726 ( 6.59933 : 12.289 )  ( 4.20577 : 16.5562 ) 
950:100 cls: 8.79178 8.57866 ( 6.76997 : 11.9809 )  ( 5.82645 : 15.7865 ) 
800:650 cls: 11.3583 12.2416 ( 9.14876 : 17.9506 )  ( 6.42301 : 23.5171 ) 
700:600 cls: 10.3722 11.4834 ( 8.22056 : 16.202 )  ( 5.47874 : 20.6804 ) 
900:0 cls: 8.26047 8.13956 ( 6.03853 : 11.7182 )  ( 5.58392 : 15.6173 ) 
450:400 cls: 11.6301 12.8643 ( 9.7665 : 17.7051 )  ( 5.92266 : 24.0442 ) 
1000:600 cls: 12.9434 12.236 ( 8.68364 : 20.0981 )  ( 8.7961 : 36.7566 ) 
350:200 cls: 10.9341 12.6095 ( 8.64288 : 17.3525 )  ( 6.02322 : 22.113 ) 
500:450 cls: 11.034 12.5826 ( 9.21036 : 17.6824 )  ( 5.49012 : 23.5839 ) 
750:400 cls: 9.25461 9.20735 ( 6.94139 : 13.902 )  ( 5.16765 : 17.3127 ) 
200:0 cls: 9.91181 11.3657 ( 8.41091 : 16.4952 )  ( 6.70779 : 21.2365 ) 
850:350 cls: 9.93737 9.78041 ( 7.29067 : 13.7068 )  ( 5.1244 : 19.7973 ) 
900:500 cls: 10.5892 10.1409 ( 7.79306 : 14.0709 )  ( 5.8906 : 20.3773 ) 
600:400 cls: 10.4514 11.4852 ( 7.81957 : 16.2807 )  ( 5.83131 : 20.6129 ) 
1000:150 cls: 10.568 10.031 ( 7.88545 : 15.5384 )  ( 7.03115 : 25.5685 ) 
300:100 cls: 11.3761 12.8008 ( 8.35896 : 16.9648 )  ( 5.11274 : 22.4234 ) 
550:450 cls: 9.4712 11.2596 ( 8.00002 : 15.8322 )  ( 5.89086 : 20.9064 ) 
400:350 cls: 10.6773 11.6009 ( 8.26014 : 16.6262 )  ( 5.0819 : 22.1242 ) 
700:150 cls: 8.61183 8.48189 ( 6.82041 : 12.9828 )  ( 5.89732 : 16.5954 ) 
950:600 cls: 9.83236 9.67842 ( 7.17127 : 14.4024 )  ( 6.89759 : 19.8806 ) 
700:650 cls: 11.8398 12.3885 ( 8.8433 : 18.1318 )  ( 7.89654 : 25.2122 ) 
800:700 cls: 10.562 12.0744 ( 8.53732 : 16.6516 )  ( 5.35768 : 21.4643 ) 
500:0 cls: 9.23506 9.22385 ( 7.42335 : 13.8663 )  ( 4.95555 : 18.8676 ) 
900:50 cls: 8.49276 8.25742 ( 6.7293 : 11.8862 )  ( 5.64099 : 16.4035 ) 
800:200 cls: 9.0501 8.73307 ( 6.86887 : 12.5744 )  ( 5.84485 : 16.4041 ) 
950:150 cls: 9.80134 9.34676 ( 7.65841 : 13.5086 )  ( 6.73708 : 20.4816 ) 
350:250 cls: 10.0438 11.1275 ( 8.14312 : 15.369 )  ( 6.8769 : 20.2333 ) 
1000:650 cls: 11.4946 11.1343 ( 7.8306 : 16.8191 )  ( 5.70812 : 25.5556 ) 
300:150 cls: 10.6989 11.8334 ( 7.57915 : 16.9637 )  ( 6.08954 : 22.5353 ) 
550:0 cls: 9.83136 9.93054 ( 7.39019 : 14.1622 )  ( 6.23192 : 18.1675 ) 
650:200 cls: 9.60479 9.55102 ( 6.57249 : 12.6541 )  ( 6.12657 : 17.0343 ) 
750:450 cls: 9.98735 9.95271 ( 6.72442 : 13.3332 )  ( 5.54648 : 18.0439 ) 
600:450 cls: 11.089 12.1053 ( 8.68577 : 17.1174 )  ( 7.14472 : 22.2403 ) 
850:400 cls: 9.21884 8.98622 ( 6.346 : 13.1989 )  ( 4.66916 : 17.6267 ) 
550:500 cls: 11.7247 12.8876 ( 9.11837 : 18.4651 )  ( 6.34458 : 24.2531 ) 
900:550 cls: 9.38564 9.32344 ( 7.3612 : 13.1209 )  ( 5.48758 : 16.9004 ) 
450:0 cls: 10.0898 10.2113 ( 7.88369 : 14.3792 )  ( 7.84405 : 18.8553 ) 
200:50 cls: 10.3285 11.342 ( 8.24922 : 15.6963 )  ( 5.46361 : 20.3538 ) 
1000:200 cls: 8.99828 8.70309 ( 7.15562 : 12.3981 )  ( 6.33047 : 17.7988 ) 
700:200 cls: 8.90519 8.79535 ( 6.92112 : 13.4685 )  ( 5.53371 : 16.9158 ) 
800:750 cls: 13.2499 13.7849 ( 10.3306 : 20.8268 )  ( 10.8547 : 28.0436 ) 
900:100 cls: 8.70404 8.43815 ( 6.08465 : 11.9707 )  ( 3.9166 : 16.639 ) 
300:200 cls: 9.46445 11.0946 ( 7.61475 : 15.0841 )  ( 5.67985 : 20.2778 ) 
500:50 cls: 9.69918 9.82502 ( 7.85379 : 13.9303 )  ( 6.71028 : 18.4942 ) 
750:0 cls: 8.5925 8.45351 ( 7.04473 : 12.9195 )  ( 5.91652 : 16.6858 ) 
950:650 cls: 10.0113 9.63624 ( 7.20116 : 14.2645 )  ( 6.75139 : 18.9401 ) 
950:200 cls: 9.50753 8.99819 ( 7.54649 : 13.7112 )  ( 7.65654 : 20.6178 ) 
350:300 cls: 11.312 12.5871 ( 9.53381 : 17.3816 )  ( 6.14633 : 23.0693 ) 
800:250 cls: 8.79278 8.67355 ( 6.5687 : 12.435 )  ( 6.05259 : 16.4263 ) 
550:50 cls: 9.33508 9.44395 ( 7.04469 : 13.3064 )  ( 5.2967 : 17.7721 ) 
750:500 cls: 10.2936 10.6059 ( 7.95251 : 14.2217 )  ( 5.40224 : 20.0276 ) 
600:500 cls: 10.547 11.6841 ( 8.00465 : 16.2861 )  ( 5.15832 : 21.5979 ) 
1000:700 cls: 10.7219 10.4255 ( 7.74325 : 14.9542 )  ( 6.46316 : 21.4235 ) 
600:0 cls: 8.84224 8.7363 ( 6.68243 : 12.6969 )  ( 4.56316 : 16.9452 ) 
850:450 cls: 8.70231 8.64248 ( 7.15335 : 13.3597 )  ( 5.65165 : 17.4031 ) 
900:600 cls: 9.97421 9.99322 ( 7.58291 : 14.8986 )  ( 6.88773 : 19.5518 ) 
450:50 cls: 9.84595 9.98897 ( 8.22043 : 14.423 )  ( 6.99158 : 18.8673 ) 
200:100 cls: 8.65586 10.35 ( 6.83181 : 14.6373 )  ( 12.3397 : 19.8551 ) 
700:250 cls: 8.8427 8.74918 ( 6.64857 : 13.4633 )  ( 4.56316 : 16.9966 ) 
650:250 cls: 8.98987 8.92609 ( 6.83332 : 12.7917 )  ( 4.33622 : 17.6462 ) 
300:250 cls: 10.2058 11.4252 ( 8.71969 : 15.9147 )  ( 5.47459 : 21.4652 ) 
500:100 cls: 9.22281 9.22921 ( 7.51244 : 14.0224 )  ( 4.97307 : 18.7085 ) 
900:150 cls: 8.93966 8.65583 ( 6.62838 : 12.0419 )  ( 4.97355 : 16.8337 ) 
800:300 cls: 8.45397 8.39469 ( 6.60362 : 12.5194 )  ( 3.88718 : 16.6329 ) 
1000:250 cls: 9.14605 8.91334 ( 7.07535 : 12.4242 )  ( 5.62296 : 16.1293 ) 
950:700 cls: 12.269 12.2475 ( 8.96003 : 19.704 )  ( 8.88136 : 31.1635 ) 
400:0 cls: 10.5386 10.9054 ( 8.03463 : 14.1575 )  ( 5.07023 : 20.2418 ) 
750:50 cls: 8.80688 8.58543 ( 6.44439 : 11.8634 )  ( 5.50702 : 15.9923 ) 
950:250 cls: 9.51512 9.17286 ( 7.57989 : 12.4155 )  ( 6.49304 : 18.7878 ) 
600:550 cls: 11.0222 12.4609 ( 8.07629 : 17.6544 )  ( 4.69055 : 23.3116 ) 
550:100 cls: 9.30206 9.3942 ( 6.93817 : 12.9338 )  ( 5.3021 : 17.7113 ) 
600:50 cls: 9.36149 9.23373 ( 6.91394 : 12.7803 )  ( 4.84405 : 17.0248 ) 
850:0 cls: 8.55541 8.27544 ( 6.33563 : 11.6785 )  ( 4.30588 : 15.4873 ) 
850:500 cls: 9.67541 9.5859 ( 6.98225 : 13.1836 )  ( 5.49287 : 17.8588 ) 
750:550 cls: 10.8281 11.3872 ( 7.93929 : 16.2052 )  ( 5.095 : 21.5276 ) 
450:100 cls: 10.5217 10.8788 ( 7.83412 : 14.2969 )  ( 5.91073 : 19.9035 ) 
1000:750 cls: 11.4793 11.3371 ( 8.59516 : 16.5899 )  ( 8.74971 : 22.5322 ) 
500:150 cls: 9.46115 9.46217 ( 7.54731 : 14.0295 )  ( 4.97307 : 18.6071 ) 
700:300 cls: 8.97654 8.92808 ( 6.82408 : 12.8092 )  ( 4.63241 : 17.4092 ) 
900:650 cls: 15.0299 15.0643 ( 10.634 : 24.6904 )  ( 7.87257 : 43.3083 ) 
650:300 cls: 8.99262 8.93658 ( 6.76244 : 12.7815 )  ( 4.37701 : 17.3764 ) 
800:350 cls: 9.00936 8.62168 ( 7.12115 : 13.2986 )  ( 5.66709 : 17.3711 ) 
900:200 cls: 8.74735 8.4777 ( 6.38883 : 11.9571 )  ( 5.00781 : 15.9088 ) 
950:300 cls: 9.10098 8.78448 ( 6.26333 : 12.5452 )  ( 4.22571 : 18.1346 ) 
650:0 cls: 8.97244 8.88145 ( 6.98417 : 13.4237 )  ( 5.33938 : 16.7519 ) 
200:150 cls: 9.93109 11.0348 ( 8.04066 : 15.7877 )  ( 5.65756 : 22.3191 ) 
400:50 cls: 10.1143 10.3653 ( 8.0571 : 14.4094 )  ( 5.62698 : 19.4459 ) 
600:100 cls: 9.39886 9.30228 ( 6.89364 : 12.7749 )  ( 4.84405 : 17.0898 ) 
1000:300 cls: 8.9544 8.46632 ( 7.35806 : 12.0016 )  ( 10.2608 : 15.8841 ) 
850:550 cls: 9.29453 9.26027 ( 6.94985 : 13.298 )  ( 5.40876 : 18.0205 ) 
450:150 cls: 10.0695 10.2037 ( 7.99933 : 14.2492 )  ( 7.07287 : 18.7738 ) 
750:100 cls: 9.00787 8.86996 ( 6.45926 : 12.2284 )  ( 6.12598 : 15.9053 ) 
550:150 cls: 9.52369 9.63079 ( 7.2843 : 13.3742 )  ( 5.37206 : 18.3749 ) 
850:50 cls: 8.74196 8.16352 ( 6.27561 : 12.3784 )  ( 3.63156 : 16.6314 ) 
750:600 cls: 11.1129 12.209 ( 8.12225 : 17.5068 )  ( 5.91931 : 22.5927 ) 
650:350 cls: 9.58107 9.70751 ( 7.12668 : 13.9442 )  ( 8.32342 : 18.4773 ) 
900:700 cls: 11.7063 11.9229 ( 9.12747 : 18.1686 )  ( 7.54872 : 27.7049 ) 
700:350 cls: 9.27319 9.23263 ( 6.96848 : 13.2239 )  ( 4.91513 : 17.6112 ) 
900:250 cls: 8.4388 8.34546 ( 6.78181 : 12.4455 )  ( 4.21632 : 16.5333 ) 
950:750 cls: 13.1292 13.4993 ( 9.91943 : 20.7226 )  ( 7.39686 : 31.5226 ) 
1000:800 cls: 12.6192 12.9105 ( 9.85309 : 19.2483 )  ( 7.45334 : 28.2273 ) 
500:200 cls: 9.96559 10.1063 ( 8.36087 : 14.3362 )  ( 6.60098 : 18.9383 ) 
800:400 cls: 9.41777 9.36097 ( 6.9034 : 13.3961 )  ( 5.851 : 18.3983 ) 
650:50 cls: 8.95188 8.85423 ( 6.95061 : 13.4236 )  ( 5.23256 : 16.6437 ) 
950:350 cls: 9.07619 8.82604 ( 6.89307 : 12.5015 )  ( 4.92064 : 17.2773 ) 
600:150 cls: 9.1327 9.05825 ( 6.77049 : 13.5722 )  ( 1.0551 : 17.1716 ) 
1000:350 cls: 10.0205 9.47297 ( 8.13749 : 14.4405 )  ( 7.2425 : 22.3606 ) 
250:0 cls: 11.4836 12.8439 ( 8.10495 : 17.4174 )  ( 5.01464 : 21.8797 ) 
450:200 cls: 10.2244 10.5632 ( 8.60259 : 14.8191 )  ( 6.3609 : 19.9644 ) 
400:100 cls: 10.1988 10.1234 ( 8.28571 : 14.4897 )  ( 5.67944 : 20.2181 ) 
850:600 cls: 10.5037 10.7534 ( 8.04967 : 15.5984 )  ( 6.67475 : 21.189 ) 
650:400 cls: 10.1589 10.5014 ( 7.83976 : 14.262 )  ( 5.37025 : 20.1401 ) 
700:400 cls: 9.63773 9.59938 ( 6.76013 : 13.3127 )  ( 5.26031 : 18.121 ) 
850:100 cls: 9.02771 8.85969 ( 6.8098 : 12.282 )  ( 6.1136 : 16.0314 ) 
900:300 cls: 8.98545 8.75128 ( 6.75189 : 12.7219 )  ( 4.89021 : 17.3744 ) 
900:750 cls: 12.7913 14.0226 ( 9.92246 : 20.8315 )  ( 9.26628 : 28.6259 ) 
800:450 cls: 9.79609 9.71278 ( 6.71995 : 12.8928 )  ( 5.98575 : 18.4203 ) 
600:200 cls: 9.65638 9.65866 ( 6.80314 : 13.1922 )  ( 4.88137 : 17.6478 ) 
650:100 cls: 8.98352 8.89684 ( 6.85542 : 12.6347 )  ( 5.2945 : 16.8981 ) 
950:400 cls: 9.53658 9.00366 ( 7.56703 : 13.8004 )  ( 8.34533 : 20.9465 ) 
550:200 cls: 9.69754 9.67377 ( 7.07043 : 13.3785 )  ( 6.10998 : 17.981 ) 
500:250 cls: 10.3294 10.4078 ( 8.21966 : 14.3535 )  ( 5.54086 : 20.3389 ) 
750:150 cls: 8.24357 8.1343 ( 5.98763 : 11.7574 )  ( 5.60022 : 15.5848 ) 
1000:850 cls: 16.4379 17.174 ( 12.3326 : 28.8556 )  ( 11.8438 : 49.6077 ) 
950:800 cls: 12.0157 13.3097 ( 8.95217 : 18.2052 )  ( 0 : 26.1808 ) 
850:650 cls: 10.8676 11.4486 ( 8.65781 : 16.8138 )  ( 5.27271 : 22.863 ) 
750:650 cls: 10.7654 12.2868 ( 8.26952 : 16.7286 )  ( 5.94348 : 22.6168 ) 
650:450 cls: 10.5106 11.0826 ( 7.84093 : 15.7002 )  ( 5.52507 : 20.8536 ) 
700:450 cls: 10.0393 10.0618 ( 8.31805 : 14.3851 )  ( 5.54199 : 19.4694 ) 
1000:400 cls: 11.0983 10.8375 ( 8.13127 : 15.8436 )  ( 8.81986 : 26.2424 ) 
850:150 cls: 9.12729 8.64095 ( 6.7432 : 12.1844 )  ( 6.03477 : 17.0453 ) 
900:350 cls: 9.32922 9.28995 ( 7.04994 : 12.9727 )  ( 5.91931 : 18.23 ) 
900:800 cls: 10.9794 11.9801 ( 8.14032 : 16.6582 )  ( 6.55829 : 22.6407 ) 
800:500 cls: 9.93685 9.9128 ( 7.07148 : 12.8299 )  ( 5.8906 : 18.0639 ) 
950:450 cls: 9.78966 9.48969 ( 7.3943 : 13.1601 )  ( 6.48183 : 19.3977 ) 
550:250 cls: 10.1558 10.2709 ( 8.21176 : 14.3178 )  ( 6.60098 : 18.9105 ) 
850:700 cls: 11.3742 12.3819 ( 8.62845 : 17.0776 )  ( 6.33047 : 22.8088 ) 
650:500 cls: 10.6968 11.9404 ( 8.8999 : 16.9781 )  ( 5.32073 : 22.3147 ) 
950:850 cls: 10.7083 12.4077 ( 9.32281 : 17.7486 )  ( 6.55829 : 23.6784 ) 
850:200 cls: 9.18855 8.81779 ( 7.09963 : 12.1925 )  ( 5.50557 : 17.3594 ) 
1000:450 cls: 10.87 10.6845 ( 7.99495 : 16.395 )  ( 7.21539 : 27.463 ) 
750:200 cls: 9.46437 9.25102 ( 6.75415 : 12.5655 )  ( 5.89732 : 16.5051 ) 
1000:900 cls: 11.437 12.2873 ( 9.45833 : 18.1524 )  ( 8.28619 : 24.7675 ) 
900:850 cls: 38.7317 41.932 ( 26.7858 : 89.9822 )  ( 16.1549 : 169.324 ) 
650:550 cls: 10.0979 11.38 ( 8.43893 : 16.1804 )  ( 7.47036 : 21.2552 ) 
750:700 cls: 18.007 20.0511 ( 13.5667 : 32.277 )  ( 10.7925 : 61.4802 ) 
1000:500 cls: 8.91317 8.66602 ( 6.65048 : 12.2641 )  ( 4.29425 : 15.7113 ) 
750:250 cls: 9.06584 9.00274 ( 6.8298 : 12.7534 )  ( 5.11975 : 16.991 ) 
950:900 cls: 18.1237 17.9848 ( 13.4889 : 25.4976 )  ( 9.79761 : 36.6508 ) 
800:0 cls: 8.76776 8.54398 ( 6.54716 : 12.1306 )  ( 4.26666 : 16.1155 ) 
650:600 cls: 14.0607 15.6798 ( 11.8089 : 23.491 )  ( 9.1504 : 34.7177 ) 
1000:0 cls: 9.2672 8.908 ( 7.11494 : 13.2974 )  ( 9.42624 : 19.7102 ) 
