400:0 cls: 3.54757 3.0233 ( 2.9796 : 2.95888 )  ( 0 : 4.26607 ) 
450:150 cls: 3.54757 3.0233 ( 2.9796 : 2.95888 )  ( 0 : 4.26607 ) 
500:250 cls: 3.54757 3.0233 ( 2.9796 : 2.95888 )  ( 0 : 4.26607 ) 
400:50 cls: 3.54757 3.0233 ( 2.9796 : 2.95888 )  ( 0 : 4.26607 ) 
450:200 cls: 3.54757 3.0233 ( 2.9796 : 2.95888 )  ( 0 : 4.26607 ) 
500:300 cls: 3.54757 3.0233 ( 2.9796 : 2.95888 )  ( 0 : 4.26607 ) 
400:100 cls: 3.54757 3.0233 ( 2.9796 : 2.95888 )  ( 0 : 4.26607 ) 
450:250 cls: 3.54757 3.0233 ( 2.9796 : 2.95888 )  ( 0 : 4.26607 ) 
500:350 cls: 3.54757 3.0233 ( 2.9796 : 2.95888 )  ( 0 : 4.26607 ) 
400:150 cls: 3.54757 3.0233 ( 2.9796 : 2.95888 )  ( 0 : 4.26607 ) 
500:400 cls: 3.54757 3.0233 ( 2.9796 : 2.95888 )  ( 0 : 4.26607 ) 
450:300 cls: 3.54757 3.0233 ( 2.9796 : 2.95888 )  ( 0 : 4.26607 ) 
300:50 cls: 10.5516 10.2879 ( 6.92783 : 13.8238 )  ( 4.81584 : 19.1051 ) 
150:0 cls: 36.3557 45.4776 ( 32.348 : 69.6582 )  ( 29.3623 : 100.475 ) 
400:200 cls: 3.54757 3.0233 ( 2.9796 : 2.95888 )  ( 0 : 4.26607 ) 
450:350 cls: 3.54757 3.0233 ( 2.9796 : 2.95888 )  ( 0 : 4.26607 ) 
400:250 cls: 3.54757 3.0233 ( 2.9796 : 2.95888 )  ( 0 : 4.26607 ) 
500:0 cls: 3.54757 3.0233 ( 2.9796 : 2.95888 )  ( 0 : 4.26607 ) 
400:300 cls: 3.54757 3.0233 ( 2.9796 : 2.95888 )  ( 0 : 4.26607 ) 
500:50 cls: 3.54757 3.0233 ( 2.9796 : 2.95888 )  ( 0 : 4.26607 ) 
450:0 cls: 3.54757 3.0233 ( 2.9796 : 2.95888 )  ( 0 : 4.26607 ) 
500:100 cls: 3.54757 3.0233 ( 2.9796 : 2.95888 )  ( 0 : 4.26607 ) 
450:50 cls: 3.54757 3.0233 ( 2.9796 : 2.95888 )  ( 0 : 4.26607 ) 
300:100 cls: 8.67882 11.7601 ( 8.72957 : 17.7087 )  ( 6.76719 : 23.6129 ) 
500:150 cls: 3.54757 3.0233 ( 2.9796 : 2.95888 )  ( 0 : 4.26607 ) 
150:50 cls: 44.4227 54.2872 ( 38.2744 : 82.1465 )  ( 38.9997 : 122.478 ) 
450:100 cls: 3.54757 3.0233 ( 2.9796 : 2.95888 )  ( 0 : 4.26607 ) 
500:200 cls: 3.54757 3.0233 ( 2.9796 : 2.95888 )  ( 0 : 4.26607 ) 
200:0 cls: 18.7095 24.5053 ( 17.7922 : 34.297 )  ( 11.6707 : 47.828 ) 
300:150 cls: 13.0775 17.46 ( 12.2459 : 24.0537 )  ( 8.91595 : 33.9028 ) 
200:50 cls: 35.9655 34.1098 ( 25.2926 : 49.331 )  ( 20.8536 : 74.664 ) 
300:200 cls: 29.555 37.8282 ( 28.0946 : 58.4574 )  ( 21.0301 : 80.7645 ) 
200:100 cls: 44.7063 55.7685 ( 40.4622 : 80.5425 )  ( 27.157 : 0 ) 
350:0 cls: 7.79519 7.64289 ( 5.26352 : 11.1197 )  ( 3.69259 : 15.5523 ) 
250:0 cls: 8.27726 13.3206 ( 9.10828 : 18.6205 )  ( 7.46937 : 24.8173 ) 
350:50 cls: 8.10545 8.61101 ( 6.23009 : 12.2012 )  ( 5.37206 : 16.9174 ) 
250:50 cls: 10.9932 11.6593 ( 8.78115 : 17.4484 )  ( 8.18092 : 22.704 ) 
350:100 cls: 9.33016 10.3464 ( 7.06383 : 14.4573 )  ( 6.01705 : 19.6949 ) 
250:100 cls: 16.4754 19.3636 ( 14.0611 : 27.8741 )  ( 13.9944 : 39.3492 ) 
350:150 cls: 9.56056 12.2708 ( 8.69608 : 17.4044 )  ( 8.17676 : 23.2524 ) 
250:150 cls: 26.6556 35.8845 ( 27.0261 : 53.2995 )  ( 24.2317 : 75.5998 ) 
350:200 cls: 12.5306 14.9166 ( 10.9371 : 22.7639 )  ( 9.7386 : 29.7459 ) 
300:0 cls: 7.45604 9.3859 ( 6.80181 : 13.219 )  ( 4.932 : 18.2473 ) 
350:250 cls: 23.5915 30.3803 ( 23.0568 : 44.3304 )  ( 19.8147 : 70.3183 ) 
400:0 cls: 3.54757 3.0233 ( 2.9796 : 2.95888 )  ( 0 : 4.26607 ) 
